<?xml version="1.0" encoding="utf-8"?>
<CoverageSession xmlns:xsd="http://www.w3.org/2001/XMLSchema" xmlns:xsi="http://www.w3.org/2001/XMLSchema-instance" Version="0.0.0.0">
  <Summary numSequencePoints="679" visitedSequencePoints="0" numBranchPoints="0" visitedBranchPoints="0" sequenceCoverage="0.0" branchCoverage="0.0" maxCyclomaticComplexity="0" minCyclomaticComplexity="0" maxCrapScore="0" minCrapScore="0" visitedClasses="0" numClasses="10" visitedMethods="0" numMethods="49" />
  <Modules>
    <Module>
      <Summary numSequencePoints="122" visitedSequencePoints="0" numBranchPoints="0" visitedBranchPoints="0" sequenceCoverage="0.0" branchCoverage="0.0" maxCyclomaticComplexity="0" minCyclomaticComplexity="0" maxCrapScore="0" minCrapScore="0" visitedClasses="0" numClasses="1" visitedMethods="0" numMethods="7" />
      <ModuleTime>0001-01-01T00:00:00</ModuleTime>
      <ModuleName>Tests</ModuleName>
      <Files>
        <File uid="1" fullPath="C:/Users/BOB-F/git/enigma/Enigma/Assets/Tests/TestEnigmaFunctionality.cs" />
      </Files>
      <Classes>
        <Class>
          <Summary numSequencePoints="122" visitedSequencePoints="0" numBranchPoints="0" visitedBranchPoints="0" sequenceCoverage="0.0" branchCoverage="0.0" maxCyclomaticComplexity="0" minCyclomaticComplexity="0" maxCrapScore="0" minCrapScore="0" visitedClasses="0" numClasses="1" visitedMethods="0" numMethods="7" />
          <FullName>TestEnigmaFunctionality</FullName>
          <Methods>
            <Method visited="false" cyclomaticComplexity="0" nPathComplexity="0" sequenceCoverage="0.0" branchCoverage="0" crapScore="0" isConstructor="false" isStatic="false" isGetter="false" isSetter="false">
              <Summary numSequencePoints="15" visitedSequencePoints="0" numBranchPoints="0" visitedBranchPoints="0" sequenceCoverage="0.0" branchCoverage="0" maxCyclomaticComplexity="0" minCyclomaticComplexity="0" maxCrapScore="0" minCrapScore="0" visitedClasses="0" numClasses="0" visitedMethods="0" numMethods="1" />
              <MetadataToken>100663297</MetadataToken>
              <Name>System.Void TestEnigmaFunctionality::TestRotorIsolatedBehaviour()</Name>
              <FileRef uid="1" />
              <SequencePoints>
                <SequencePoint vc="0" uspid="1" ordinal="0" offset="0" sl="103" sc="0" el="103" ec="0" bec="0" bev="0" fileid="1" />
                <SequencePoint vc="0" uspid="2" ordinal="0" offset="1" sl="106" sc="0" el="106" ec="0" bec="0" bev="0" fileid="1" />
                <SequencePoint vc="0" uspid="3" ordinal="0" offset="5" sl="107" sc="0" el="107" ec="0" bec="0" bev="0" fileid="1" />
                <SequencePoint vc="0" uspid="4" ordinal="0" offset="6" sl="109" sc="0" el="109" ec="0" bec="0" bev="0" fileid="1" />
                <SequencePoint vc="0" uspid="5" ordinal="0" offset="30" sl="110" sc="0" el="110" ec="0" bec="0" bev="0" fileid="1" />
                <SequencePoint vc="0" uspid="6" ordinal="0" offset="34" sl="111" sc="0" el="111" ec="0" bec="0" bev="0" fileid="1" />
                <SequencePoint vc="0" uspid="7" ordinal="0" offset="35" sl="114" sc="0" el="114" ec="0" bec="0" bev="0" fileid="1" />
                <SequencePoint vc="0" uspid="8" ordinal="0" offset="68" sl="115" sc="0" el="115" ec="0" bec="0" bev="0" fileid="1" />
                <SequencePoint vc="0" uspid="9" ordinal="0" offset="105" sl="116" sc="0" el="116" ec="0" bec="0" bev="0" fileid="1" />
                <SequencePoint vc="0" uspid="10" ordinal="0" offset="106" sl="110" sc="0" el="110" ec="0" bec="0" bev="0" fileid="1" />
                <SequencePoint vc="0" uspid="11" ordinal="0" offset="110" sl="110" sc="0" el="110" ec="0" bec="0" bev="0" fileid="1" />
                <SequencePoint vc="0" uspid="12" ordinal="0" offset="119" sl="117" sc="0" el="117" ec="0" bec="0" bev="0" fileid="1" />
                <SequencePoint vc="0" uspid="13" ordinal="0" offset="120" sl="106" sc="0" el="106" ec="0" bec="0" bev="0" fileid="1" />
                <SequencePoint vc="0" uspid="14" ordinal="0" offset="124" sl="106" sc="0" el="106" ec="0" bec="0" bev="0" fileid="1" />
                <SequencePoint vc="0" uspid="15" ordinal="0" offset="143" sl="118" sc="0" el="118" ec="0" bec="0" bev="0" fileid="1" />
              </SequencePoints>
              <BranchPoints />
            </Method>
            <Method visited="false" cyclomaticComplexity="0" nPathComplexity="0" sequenceCoverage="0.0" branchCoverage="0" crapScore="0" isConstructor="false" isStatic="false" isGetter="false" isSetter="false">
              <Summary numSequencePoints="14" visitedSequencePoints="0" numBranchPoints="0" visitedBranchPoints="0" sequenceCoverage="0.0" branchCoverage="0" maxCyclomaticComplexity="0" minCyclomaticComplexity="0" maxCrapScore="0" minCrapScore="0" visitedClasses="0" numClasses="0" visitedMethods="0" numMethods="1" />
              <MetadataToken>100663298</MetadataToken>
              <Name>System.Void TestEnigmaFunctionality::TestStandardSteppingBehaviour()</Name>
              <FileRef uid="1" />
              <SequencePoints>
                <SequencePoint vc="0" uspid="16" ordinal="0" offset="0" sl="122" sc="0" el="122" ec="0" bec="0" bev="0" fileid="1" />
                <SequencePoint vc="0" uspid="17" ordinal="0" offset="1" sl="125" sc="0" el="125" ec="0" bec="0" bev="0" fileid="1" />
                <SequencePoint vc="0" uspid="18" ordinal="0" offset="25" sl="126" sc="0" el="126" ec="0" bec="0" bev="0" fileid="1" />
                <SequencePoint vc="0" uspid="19" ordinal="0" offset="49" sl="127" sc="0" el="127" ec="0" bec="0" bev="0" fileid="1" />
                <SequencePoint vc="0" uspid="20" ordinal="0" offset="73" sl="128" sc="0" el="128" ec="0" bec="0" bev="0" fileid="1" />
                <SequencePoint vc="0" uspid="21" ordinal="0" offset="103" sl="129" sc="0" el="129" ec="0" bec="0" bev="0" fileid="1" />
                <SequencePoint vc="0" uspid="22" ordinal="0" offset="122" sl="130" sc="0" el="130" ec="0" bec="0" bev="0" fileid="1" />
                <SequencePoint vc="0" uspid="23" ordinal="0" offset="141" sl="132" sc="0" el="132" ec="0" bec="0" bev="0" fileid="1" />
                <SequencePoint vc="0" uspid="24" ordinal="0" offset="146" sl="132" sc="0" el="132" ec="0" bec="0" bev="0" fileid="1" />
                <SequencePoint vc="0" uspid="25" ordinal="0" offset="147" sl="133" sc="0" el="133" ec="0" bec="0" bev="0" fileid="1" />
                <SequencePoint vc="0" uspid="26" ordinal="0" offset="179" sl="134" sc="0" el="134" ec="0" bec="0" bev="0" fileid="1" />
                <SequencePoint vc="0" uspid="27" ordinal="0" offset="180" sl="132" sc="0" el="132" ec="0" bec="0" bev="0" fileid="1" />
                <SequencePoint vc="0" uspid="28" ordinal="0" offset="186" sl="132" sc="0" el="132" ec="0" bec="0" bev="0" fileid="1" />
                <SequencePoint vc="0" uspid="29" ordinal="0" offset="197" sl="135" sc="0" el="135" ec="0" bec="0" bev="0" fileid="1" />
              </SequencePoints>
              <BranchPoints />
            </Method>
            <Method visited="false" cyclomaticComplexity="0" nPathComplexity="0" sequenceCoverage="0.0" branchCoverage="0" crapScore="0" isConstructor="false" isStatic="false" isGetter="false" isSetter="false">
              <Summary numSequencePoints="15" visitedSequencePoints="0" numBranchPoints="0" visitedBranchPoints="0" sequenceCoverage="0.0" branchCoverage="0" maxCyclomaticComplexity="0" minCyclomaticComplexity="0" maxCrapScore="0" minCrapScore="0" visitedClasses="0" numClasses="0" visitedMethods="0" numMethods="1" />
              <MetadataToken>100663299</MetadataToken>
              <Name>System.Void TestEnigmaFunctionality::TestZToA()</Name>
              <FileRef uid="1" />
              <SequencePoints>
                <SequencePoint vc="0" uspid="30" ordinal="0" offset="0" sl="139" sc="0" el="139" ec="0" bec="0" bev="0" fileid="1" />
                <SequencePoint vc="0" uspid="31" ordinal="0" offset="1" sl="142" sc="0" el="142" ec="0" bec="0" bev="0" fileid="1" />
                <SequencePoint vc="0" uspid="32" ordinal="0" offset="25" sl="143" sc="0" el="143" ec="0" bec="0" bev="0" fileid="1" />
                <SequencePoint vc="0" uspid="33" ordinal="0" offset="49" sl="144" sc="0" el="144" ec="0" bec="0" bev="0" fileid="1" />
                <SequencePoint vc="0" uspid="34" ordinal="0" offset="74" sl="145" sc="0" el="145" ec="0" bec="0" bev="0" fileid="1" />
                <SequencePoint vc="0" uspid="35" ordinal="0" offset="104" sl="146" sc="0" el="146" ec="0" bec="0" bev="0" fileid="1" />
                <SequencePoint vc="0" uspid="36" ordinal="0" offset="123" sl="147" sc="0" el="147" ec="0" bec="0" bev="0" fileid="1" />
                <SequencePoint vc="0" uspid="37" ordinal="0" offset="142" sl="149" sc="0" el="149" ec="0" bec="0" bev="0" fileid="1" />
                <SequencePoint vc="0" uspid="38" ordinal="0" offset="147" sl="150" sc="0" el="150" ec="0" bec="0" bev="0" fileid="1" />
                <SequencePoint vc="0" uspid="39" ordinal="0" offset="148" sl="151" sc="0" el="151" ec="0" bec="0" bev="0" fileid="1" />
                <SequencePoint vc="0" uspid="40" ordinal="0" offset="180" sl="152" sc="0" el="152" ec="0" bec="0" bev="0" fileid="1" />
                <SequencePoint vc="0" uspid="41" ordinal="0" offset="181" sl="149" sc="0" el="149" ec="0" bec="0" bev="0" fileid="1" />
                <SequencePoint vc="0" uspid="42" ordinal="0" offset="187" sl="149" sc="0" el="149" ec="0" bec="0" bev="0" fileid="1" />
                <SequencePoint vc="0" uspid="43" ordinal="0" offset="198" sl="154" sc="0" el="154" ec="0" bec="0" bev="0" fileid="1" />
                <SequencePoint vc="0" uspid="44" ordinal="0" offset="222" sl="155" sc="0" el="155" ec="0" bec="0" bev="0" fileid="1" />
              </SequencePoints>
              <BranchPoints />
            </Method>
            <Method visited="false" cyclomaticComplexity="0" nPathComplexity="0" sequenceCoverage="0.0" branchCoverage="0" crapScore="0" isConstructor="false" isStatic="false" isGetter="false" isSetter="false">
              <Summary numSequencePoints="16" visitedSequencePoints="0" numBranchPoints="0" visitedBranchPoints="0" sequenceCoverage="0.0" branchCoverage="0" maxCyclomaticComplexity="0" minCyclomaticComplexity="0" maxCrapScore="0" minCrapScore="0" visitedClasses="0" numClasses="0" visitedMethods="0" numMethods="1" />
              <MetadataToken>100663300</MetadataToken>
              <Name>System.Void TestEnigmaFunctionality::TestmRotorTurnover()</Name>
              <FileRef uid="1" />
              <SequencePoints>
                <SequencePoint vc="0" uspid="45" ordinal="0" offset="0" sl="159" sc="0" el="159" ec="0" bec="0" bev="0" fileid="1" />
                <SequencePoint vc="0" uspid="46" ordinal="0" offset="1" sl="162" sc="0" el="162" ec="0" bec="0" bev="0" fileid="1" />
                <SequencePoint vc="0" uspid="47" ordinal="0" offset="25" sl="163" sc="0" el="163" ec="0" bec="0" bev="0" fileid="1" />
                <SequencePoint vc="0" uspid="48" ordinal="0" offset="49" sl="164" sc="0" el="164" ec="0" bec="0" bev="0" fileid="1" />
                <SequencePoint vc="0" uspid="49" ordinal="0" offset="74" sl="165" sc="0" el="165" ec="0" bec="0" bev="0" fileid="1" />
                <SequencePoint vc="0" uspid="50" ordinal="0" offset="104" sl="166" sc="0" el="166" ec="0" bec="0" bev="0" fileid="1" />
                <SequencePoint vc="0" uspid="51" ordinal="0" offset="128" sl="167" sc="0" el="167" ec="0" bec="0" bev="0" fileid="1" />
                <SequencePoint vc="0" uspid="52" ordinal="0" offset="147" sl="168" sc="0" el="168" ec="0" bec="0" bev="0" fileid="1" />
                <SequencePoint vc="0" uspid="53" ordinal="0" offset="166" sl="170" sc="0" el="170" ec="0" bec="0" bev="0" fileid="1" />
                <SequencePoint vc="0" uspid="54" ordinal="0" offset="171" sl="171" sc="0" el="171" ec="0" bec="0" bev="0" fileid="1" />
                <SequencePoint vc="0" uspid="55" ordinal="0" offset="172" sl="172" sc="0" el="172" ec="0" bec="0" bev="0" fileid="1" />
                <SequencePoint vc="0" uspid="56" ordinal="0" offset="204" sl="173" sc="0" el="173" ec="0" bec="0" bev="0" fileid="1" />
                <SequencePoint vc="0" uspid="57" ordinal="0" offset="236" sl="174" sc="0" el="174" ec="0" bec="0" bev="0" fileid="1" />
                <SequencePoint vc="0" uspid="58" ordinal="0" offset="237" sl="170" sc="0" el="170" ec="0" bec="0" bev="0" fileid="1" />
                <SequencePoint vc="0" uspid="59" ordinal="0" offset="243" sl="170" sc="0" el="170" ec="0" bec="0" bev="0" fileid="1" />
                <SequencePoint vc="0" uspid="60" ordinal="0" offset="254" sl="175" sc="0" el="175" ec="0" bec="0" bev="0" fileid="1" />
              </SequencePoints>
              <BranchPoints />
            </Method>
            <Method visited="false" cyclomaticComplexity="0" nPathComplexity="0" sequenceCoverage="0.0" branchCoverage="0" crapScore="0" isConstructor="false" isStatic="false" isGetter="false" isSetter="false">
              <Summary numSequencePoints="32" visitedSequencePoints="0" numBranchPoints="0" visitedBranchPoints="0" sequenceCoverage="0.0" branchCoverage="0" maxCyclomaticComplexity="0" minCyclomaticComplexity="0" maxCrapScore="0" minCrapScore="0" visitedClasses="0" numClasses="0" visitedMethods="0" numMethods="1" />
              <MetadataToken>100663301</MetadataToken>
              <Name>System.Void TestEnigmaFunctionality::TestlRotorTurnover()</Name>
              <FileRef uid="1" />
              <SequencePoints>
                <SequencePoint vc="0" uspid="61" ordinal="0" offset="0" sl="179" sc="0" el="179" ec="0" bec="0" bev="0" fileid="1" />
                <SequencePoint vc="0" uspid="62" ordinal="0" offset="1" sl="187" sc="0" el="187" ec="0" bec="0" bev="0" fileid="1" />
                <SequencePoint vc="0" uspid="63" ordinal="0" offset="25" sl="188" sc="0" el="188" ec="0" bec="0" bev="0" fileid="1" />
                <SequencePoint vc="0" uspid="64" ordinal="0" offset="49" sl="189" sc="0" el="189" ec="0" bec="0" bev="0" fileid="1" />
                <SequencePoint vc="0" uspid="65" ordinal="0" offset="74" sl="190" sc="0" el="190" ec="0" bec="0" bev="0" fileid="1" />
                <SequencePoint vc="0" uspid="66" ordinal="0" offset="104" sl="191" sc="0" el="191" ec="0" bec="0" bev="0" fileid="1" />
                <SequencePoint vc="0" uspid="67" ordinal="0" offset="128" sl="192" sc="0" el="192" ec="0" bec="0" bev="0" fileid="1" />
                <SequencePoint vc="0" uspid="68" ordinal="0" offset="152" sl="193" sc="0" el="193" ec="0" bec="0" bev="0" fileid="1" />
                <SequencePoint vc="0" uspid="69" ordinal="0" offset="171" sl="194" sc="0" el="194" ec="0" bec="0" bev="0" fileid="1" />
                <SequencePoint vc="0" uspid="70" ordinal="0" offset="190" sl="195" sc="0" el="195" ec="0" bec="0" bev="0" fileid="1" />
                <SequencePoint vc="0" uspid="71" ordinal="0" offset="198" sl="196" sc="0" el="196" ec="0" bec="0" bev="0" fileid="1" />
                <SequencePoint vc="0" uspid="72" ordinal="0" offset="199" sl="197" sc="0" el="197" ec="0" bec="0" bev="0" fileid="1" />
                <SequencePoint vc="0" uspid="73" ordinal="0" offset="231" sl="198" sc="0" el="198" ec="0" bec="0" bev="0" fileid="1" />
                <SequencePoint vc="0" uspid="74" ordinal="0" offset="242" sl="199" sc="0" el="199" ec="0" bec="0" bev="0" fileid="1" />
                <SequencePoint vc="0" uspid="75" ordinal="0" offset="243" sl="200" sc="0" el="200" ec="0" bec="0" bev="0" fileid="1" />
                <SequencePoint vc="0" uspid="76" ordinal="0" offset="267" sl="201" sc="0" el="201" ec="0" bec="0" bev="0" fileid="1" />
                <SequencePoint vc="0" uspid="77" ordinal="0" offset="268" sl="202" sc="0" el="202" ec="0" bec="0" bev="0" fileid="1" />
                <SequencePoint vc="0" uspid="78" ordinal="0" offset="279" sl="203" sc="0" el="203" ec="0" bec="0" bev="0" fileid="1" />
                <SequencePoint vc="0" uspid="79" ordinal="0" offset="280" sl="204" sc="0" el="204" ec="0" bec="0" bev="0" fileid="1" />
                <SequencePoint vc="0" uspid="80" ordinal="0" offset="304" sl="205" sc="0" el="205" ec="0" bec="0" bev="0" fileid="1" />
                <SequencePoint vc="0" uspid="81" ordinal="0" offset="305" sl="206" sc="0" el="206" ec="0" bec="0" bev="0" fileid="1" />
                <SequencePoint vc="0" uspid="82" ordinal="0" offset="316" sl="207" sc="0" el="207" ec="0" bec="0" bev="0" fileid="1" />
                <SequencePoint vc="0" uspid="83" ordinal="0" offset="317" sl="208" sc="0" el="208" ec="0" bec="0" bev="0" fileid="1" />
                <SequencePoint vc="0" uspid="84" ordinal="0" offset="341" sl="209" sc="0" el="209" ec="0" bec="0" bev="0" fileid="1" />
                <SequencePoint vc="0" uspid="85" ordinal="0" offset="365" sl="210" sc="0" el="210" ec="0" bec="0" bev="0" fileid="1" />
                <SequencePoint vc="0" uspid="86" ordinal="0" offset="368" sl="212" sc="0" el="212" ec="0" bec="0" bev="0" fileid="1" />
                <SequencePoint vc="0" uspid="87" ordinal="0" offset="369" sl="213" sc="0" el="213" ec="0" bec="0" bev="0" fileid="1" />
                <SequencePoint vc="0" uspid="88" ordinal="0" offset="393" sl="214" sc="0" el="214" ec="0" bec="0" bev="0" fileid="1" />
                <SequencePoint vc="0" uspid="89" ordinal="0" offset="394" sl="215" sc="0" el="215" ec="0" bec="0" bev="0" fileid="1" />
                <SequencePoint vc="0" uspid="90" ordinal="0" offset="395" sl="195" sc="0" el="195" ec="0" bec="0" bev="0" fileid="1" />
                <SequencePoint vc="0" uspid="91" ordinal="0" offset="401" sl="195" sc="0" el="195" ec="0" bec="0" bev="0" fileid="1" />
                <SequencePoint vc="0" uspid="92" ordinal="0" offset="415" sl="216" sc="0" el="216" ec="0" bec="0" bev="0" fileid="1" />
              </SequencePoints>
              <BranchPoints />
            </Method>
            <Method visited="false" cyclomaticComplexity="0" nPathComplexity="0" sequenceCoverage="0.0" branchCoverage="0" crapScore="0" isConstructor="false" isStatic="false" isGetter="false" isSetter="false">
              <Summary numSequencePoints="26" visitedSequencePoints="0" numBranchPoints="0" visitedBranchPoints="0" sequenceCoverage="0.0" branchCoverage="0" maxCyclomaticComplexity="0" minCyclomaticComplexity="0" maxCrapScore="0" minCrapScore="0" visitedClasses="0" numClasses="0" visitedMethods="0" numMethods="1" />
              <MetadataToken>100663302</MetadataToken>
              <Name>System.Void TestEnigmaFunctionality::TestPlugboard()</Name>
              <FileRef uid="1" />
              <SequencePoints>
                <SequencePoint vc="0" uspid="93" ordinal="0" offset="0" sl="220" sc="0" el="220" ec="0" bec="0" bev="0" fileid="1" />
                <SequencePoint vc="0" uspid="94" ordinal="0" offset="1" sl="223" sc="0" el="223" ec="0" bec="0" bev="0" fileid="1" />
                <SequencePoint vc="0" uspid="95" ordinal="0" offset="25" sl="224" sc="0" el="224" ec="0" bec="0" bev="0" fileid="1" />
                <SequencePoint vc="0" uspid="96" ordinal="0" offset="49" sl="225" sc="0" el="225" ec="0" bec="0" bev="0" fileid="1" />
                <SequencePoint vc="0" uspid="97" ordinal="0" offset="73" sl="226" sc="0" el="226" ec="0" bec="0" bev="0" fileid="1" />
                <SequencePoint vc="0" uspid="98" ordinal="0" offset="103" sl="227" sc="0" el="227" ec="0" bec="0" bev="0" fileid="1" />
                <SequencePoint vc="0" uspid="99" ordinal="0" offset="122" sl="228" sc="0" el="228" ec="0" bec="0" bev="0" fileid="1" />
                <SequencePoint vc="0" uspid="100" ordinal="0" offset="141" sl="229" sc="0" el="229" ec="0" bec="0" bev="0" fileid="1" />
                <SequencePoint vc="0" uspid="101" ordinal="0" offset="146" sl="230" sc="0" el="230" ec="0" bec="0" bev="0" fileid="1" />
                <SequencePoint vc="0" uspid="102" ordinal="0" offset="147" sl="231" sc="0" el="231" ec="0" bec="0" bev="0" fileid="1" />
                <SequencePoint vc="0" uspid="103" ordinal="0" offset="179" sl="232" sc="0" el="232" ec="0" bec="0" bev="0" fileid="1" />
                <SequencePoint vc="0" uspid="104" ordinal="0" offset="180" sl="229" sc="0" el="229" ec="0" bec="0" bev="0" fileid="1" />
                <SequencePoint vc="0" uspid="105" ordinal="0" offset="186" sl="229" sc="0" el="229" ec="0" bec="0" bev="0" fileid="1" />
                <SequencePoint vc="0" uspid="106" ordinal="0" offset="197" sl="235" sc="0" el="235" ec="0" bec="0" bev="0" fileid="1" />
                <SequencePoint vc="0" uspid="107" ordinal="0" offset="217" sl="236" sc="0" el="236" ec="0" bec="0" bev="0" fileid="1" />
                <SequencePoint vc="0" uspid="108" ordinal="0" offset="241" sl="237" sc="0" el="237" ec="0" bec="0" bev="0" fileid="1" />
                <SequencePoint vc="0" uspid="109" ordinal="0" offset="265" sl="238" sc="0" el="238" ec="0" bec="0" bev="0" fileid="1" />
                <SequencePoint vc="0" uspid="110" ordinal="0" offset="289" sl="239" sc="0" el="239" ec="0" bec="0" bev="0" fileid="1" />
                <SequencePoint vc="0" uspid="111" ordinal="0" offset="314" sl="240" sc="0" el="240" ec="0" bec="0" bev="0" fileid="1" />
                <SequencePoint vc="0" uspid="112" ordinal="0" offset="333" sl="241" sc="0" el="241" ec="0" bec="0" bev="0" fileid="1" />
                <SequencePoint vc="0" uspid="113" ordinal="0" offset="338" sl="242" sc="0" el="242" ec="0" bec="0" bev="0" fileid="1" />
                <SequencePoint vc="0" uspid="114" ordinal="0" offset="339" sl="243" sc="0" el="243" ec="0" bec="0" bev="0" fileid="1" />
                <SequencePoint vc="0" uspid="115" ordinal="0" offset="371" sl="244" sc="0" el="244" ec="0" bec="0" bev="0" fileid="1" />
                <SequencePoint vc="0" uspid="116" ordinal="0" offset="372" sl="241" sc="0" el="241" ec="0" bec="0" bev="0" fileid="1" />
                <SequencePoint vc="0" uspid="117" ordinal="0" offset="378" sl="241" sc="0" el="241" ec="0" bec="0" bev="0" fileid="1" />
                <SequencePoint vc="0" uspid="118" ordinal="0" offset="389" sl="245" sc="0" el="245" ec="0" bec="0" bev="0" fileid="1" />
              </SequencePoints>
              <BranchPoints />
            </Method>
            <Method visited="false" cyclomaticComplexity="0" nPathComplexity="0" sequenceCoverage="0.0" branchCoverage="0" crapScore="0" isConstructor="true" isStatic="true" isGetter="false" isSetter="false">
              <Summary numSequencePoints="4" visitedSequencePoints="0" numBranchPoints="0" visitedBranchPoints="0" sequenceCoverage="0.0" branchCoverage="0" maxCyclomaticComplexity="0" minCyclomaticComplexity="0" maxCrapScore="0" minCrapScore="0" visitedClasses="0" numClasses="0" visitedMethods="0" numMethods="1" />
              <MetadataToken>100663304</MetadataToken>
              <Name>static TestEnigmaFunctionality::TestEnigmaFunctionality()</Name>
              <FileRef uid="1" />
              <SequencePoints>
                <SequencePoint vc="0" uspid="119" ordinal="0" offset="0" sl="11" sc="0" el="11" ec="0" bec="0" bev="0" fileid="1" />
                <SequencePoint vc="0" uspid="120" ordinal="0" offset="179" sl="23" sc="0" el="23" ec="0" bec="0" bev="0" fileid="1" />
                <SequencePoint vc="0" uspid="121" ordinal="0" offset="316" sl="35" sc="0" el="35" ec="0" bec="0" bev="0" fileid="1" />
                <SequencePoint vc="0" uspid="122" ordinal="0" offset="369" sl="41" sc="0" el="41" ec="0" bec="0" bev="0" fileid="1" />
              </SequencePoints>
              <BranchPoints />
            </Method>
          </Methods>
        </Class>
      </Classes>
    </Module>
    <Module>
      <Summary numSequencePoints="557" visitedSequencePoints="0" numBranchPoints="0" visitedBranchPoints="0" sequenceCoverage="0.0" branchCoverage="0.0" maxCyclomaticComplexity="0" minCyclomaticComplexity="0" maxCrapScore="0" minCrapScore="0" visitedClasses="0" numClasses="9" visitedMethods="0" numMethods="42" />
      <ModuleTime>0001-01-01T00:00:00</ModuleTime>
      <ModuleName>EnigmaClassesAssembly</ModuleName>
      <Files>
        <File uid="2" fullPath="C:/Users/BOB-F/git/enigma/Enigma/Assets/Scripts/CameraController.cs" />
        <File uid="3" fullPath="C:/Users/BOB-F/git/enigma/Enigma/Assets/Scripts/Controller.cs" />
        <File uid="4" fullPath="C:/Users/BOB-F/git/enigma/Enigma/Assets/Scripts/EnigmaM3.cs" />
        <File uid="5" fullPath="C:/Users/BOB-F/git/enigma/Enigma/Assets/Scripts/PlugboardSocket.cs" />
        <File uid="6" fullPath="C:/Users/BOB-F/git/enigma/Enigma/Assets/Scripts/Rotor.cs" />
      </Files>
      <Classes>
        <Class>
          <Summary numSequencePoints="47" visitedSequencePoints="0" numBranchPoints="0" visitedBranchPoints="0" sequenceCoverage="0.0" branchCoverage="0.0" maxCyclomaticComplexity="0" minCyclomaticComplexity="0" maxCrapScore="0" minCrapScore="0" visitedClasses="0" numClasses="1" visitedMethods="0" numMethods="5" />
          <FullName>CameraController</FullName>
          <Methods>
            <Method visited="false" cyclomaticComplexity="0" nPathComplexity="0" sequenceCoverage="0.0" branchCoverage="0" crapScore="0" isConstructor="false" isStatic="false" isGetter="false" isSetter="false">
              <Summary numSequencePoints="5" visitedSequencePoints="0" numBranchPoints="0" visitedBranchPoints="0" sequenceCoverage="0.0" branchCoverage="0" maxCyclomaticComplexity="0" minCyclomaticComplexity="0" maxCrapScore="0" minCrapScore="0" visitedClasses="0" numClasses="0" visitedMethods="0" numMethods="1" />
              <MetadataToken>100663297</MetadataToken>
              <Name>System.Void CameraController::Start()</Name>
              <FileRef uid="2" />
              <SequencePoints>
                <SequencePoint vc="0" uspid="123" ordinal="0" offset="0" sl="31" sc="5" el="31" ec="5" bec="0" bev="0" fileid="2" />
                <SequencePoint vc="0" uspid="124" ordinal="0" offset="1" sl="32" sc="9" el="32" ec="9" bec="0" bev="0" fileid="2" />
                <SequencePoint vc="0" uspid="125" ordinal="0" offset="8" sl="33" sc="9" el="33" ec="9" bec="0" bev="0" fileid="2" />
                <SequencePoint vc="0" uspid="126" ordinal="0" offset="26" sl="34" sc="9" el="34" ec="9" bec="0" bev="0" fileid="2" />
                <SequencePoint vc="0" uspid="127" ordinal="0" offset="44" sl="35" sc="5" el="35" ec="5" bec="0" bev="0" fileid="2" />
              </SequencePoints>
              <BranchPoints />
            </Method>
            <Method visited="false" cyclomaticComplexity="0" nPathComplexity="0" sequenceCoverage="0.0" branchCoverage="0" crapScore="0" isConstructor="false" isStatic="false" isGetter="false" isSetter="false">
              <Summary numSequencePoints="18" visitedSequencePoints="0" numBranchPoints="0" visitedBranchPoints="0" sequenceCoverage="0.0" branchCoverage="0" maxCyclomaticComplexity="0" minCyclomaticComplexity="0" maxCrapScore="0" minCrapScore="0" visitedClasses="0" numClasses="0" visitedMethods="0" numMethods="1" />
              <MetadataToken>100663298</MetadataToken>
              <Name>System.Void CameraController::UpArrowClicked()</Name>
              <FileRef uid="2" />
              <SequencePoints>
                <SequencePoint vc="0" uspid="128" ordinal="0" offset="0" sl="38" sc="5" el="38" ec="5" bec="0" bev="0" fileid="2" />
                <SequencePoint vc="0" uspid="129" ordinal="0" offset="1" sl="41" sc="9" el="41" ec="9" bec="0" bev="0" fileid="2" />
                <SequencePoint vc="0" uspid="130" ordinal="0" offset="14" sl="42" sc="9" el="42" ec="9" bec="0" bev="0" fileid="2" />
                <SequencePoint vc="0" uspid="131" ordinal="0" offset="15" sl="43" sc="13" el="43" ec="13" bec="0" bev="0" fileid="2" />
                <SequencePoint vc="0" uspid="132" ordinal="0" offset="22" sl="44" sc="13" el="44" ec="13" bec="0" bev="0" fileid="2" />
                <SequencePoint vc="0" uspid="133" ordinal="0" offset="40" sl="45" sc="13" el="45" ec="13" bec="0" bev="0" fileid="2" />
                <SequencePoint vc="0" uspid="134" ordinal="0" offset="57" sl="46" sc="13" el="46" ec="13" bec="0" bev="0" fileid="2" />
                <SequencePoint vc="0" uspid="135" ordinal="0" offset="70" sl="47" sc="13" el="47" ec="13" bec="0" bev="0" fileid="2" />
                <SequencePoint vc="0" uspid="136" ordinal="0" offset="83" sl="48" sc="9" el="48" ec="9" bec="0" bev="0" fileid="2" />
                <SequencePoint vc="0" uspid="137" ordinal="0" offset="86" sl="50" sc="14" el="50" ec="14" bec="0" bev="0" fileid="2" />
                <SequencePoint vc="0" uspid="138" ordinal="0" offset="99" sl="51" sc="9" el="51" ec="9" bec="0" bev="0" fileid="2" />
                <SequencePoint vc="0" uspid="139" ordinal="0" offset="100" sl="52" sc="13" el="52" ec="13" bec="0" bev="0" fileid="2" />
                <SequencePoint vc="0" uspid="140" ordinal="0" offset="107" sl="53" sc="13" el="53" ec="13" bec="0" bev="0" fileid="2" />
                <SequencePoint vc="0" uspid="141" ordinal="0" offset="125" sl="54" sc="13" el="54" ec="13" bec="0" bev="0" fileid="2" />
                <SequencePoint vc="0" uspid="142" ordinal="0" offset="142" sl="55" sc="13" el="55" ec="13" bec="0" bev="0" fileid="2" />
                <SequencePoint vc="0" uspid="143" ordinal="0" offset="159" sl="56" sc="13" el="56" ec="13" bec="0" bev="0" fileid="2" />
                <SequencePoint vc="0" uspid="144" ordinal="0" offset="172" sl="57" sc="9" el="57" ec="9" bec="0" bev="0" fileid="2" />
                <SequencePoint vc="0" uspid="145" ordinal="0" offset="173" sl="58" sc="5" el="58" ec="5" bec="0" bev="0" fileid="2" />
              </SequencePoints>
              <BranchPoints />
            </Method>
            <Method visited="false" cyclomaticComplexity="0" nPathComplexity="0" sequenceCoverage="0.0" branchCoverage="0" crapScore="0" isConstructor="false" isStatic="false" isGetter="false" isSetter="false">
              <Summary numSequencePoints="18" visitedSequencePoints="0" numBranchPoints="0" visitedBranchPoints="0" sequenceCoverage="0.0" branchCoverage="0" maxCyclomaticComplexity="0" minCyclomaticComplexity="0" maxCrapScore="0" minCrapScore="0" visitedClasses="0" numClasses="0" visitedMethods="0" numMethods="1" />
              <MetadataToken>100663299</MetadataToken>
              <Name>System.Void CameraController::DownArrowClicked()</Name>
              <FileRef uid="2" />
              <SequencePoints>
                <SequencePoint vc="0" uspid="146" ordinal="0" offset="0" sl="61" sc="5" el="61" ec="5" bec="0" bev="0" fileid="2" />
                <SequencePoint vc="0" uspid="147" ordinal="0" offset="1" sl="63" sc="9" el="63" ec="9" bec="0" bev="0" fileid="2" />
                <SequencePoint vc="0" uspid="148" ordinal="0" offset="14" sl="64" sc="9" el="64" ec="9" bec="0" bev="0" fileid="2" />
                <SequencePoint vc="0" uspid="149" ordinal="0" offset="15" sl="65" sc="13" el="65" ec="13" bec="0" bev="0" fileid="2" />
                <SequencePoint vc="0" uspid="150" ordinal="0" offset="22" sl="66" sc="13" el="66" ec="13" bec="0" bev="0" fileid="2" />
                <SequencePoint vc="0" uspid="151" ordinal="0" offset="40" sl="67" sc="13" el="67" ec="13" bec="0" bev="0" fileid="2" />
                <SequencePoint vc="0" uspid="152" ordinal="0" offset="57" sl="68" sc="13" el="68" ec="13" bec="0" bev="0" fileid="2" />
                <SequencePoint vc="0" uspid="153" ordinal="0" offset="70" sl="69" sc="9" el="69" ec="9" bec="0" bev="0" fileid="2" />
                <SequencePoint vc="0" uspid="154" ordinal="0" offset="73" sl="71" sc="14" el="71" ec="14" bec="0" bev="0" fileid="2" />
                <SequencePoint vc="0" uspid="155" ordinal="0" offset="86" sl="72" sc="9" el="72" ec="9" bec="0" bev="0" fileid="2" />
                <SequencePoint vc="0" uspid="156" ordinal="0" offset="87" sl="73" sc="13" el="73" ec="13" bec="0" bev="0" fileid="2" />
                <SequencePoint vc="0" uspid="157" ordinal="0" offset="94" sl="74" sc="13" el="74" ec="13" bec="0" bev="0" fileid="2" />
                <SequencePoint vc="0" uspid="158" ordinal="0" offset="112" sl="75" sc="13" el="75" ec="13" bec="0" bev="0" fileid="2" />
                <SequencePoint vc="0" uspid="159" ordinal="0" offset="129" sl="76" sc="13" el="76" ec="13" bec="0" bev="0" fileid="2" />
                <SequencePoint vc="0" uspid="160" ordinal="0" offset="146" sl="77" sc="13" el="77" ec="13" bec="0" bev="0" fileid="2" />
                <SequencePoint vc="0" uspid="161" ordinal="0" offset="159" sl="78" sc="13" el="78" ec="13" bec="0" bev="0" fileid="2" />
                <SequencePoint vc="0" uspid="162" ordinal="0" offset="172" sl="79" sc="9" el="79" ec="9" bec="0" bev="0" fileid="2" />
                <SequencePoint vc="0" uspid="163" ordinal="0" offset="173" sl="80" sc="5" el="80" ec="5" bec="0" bev="0" fileid="2" />
              </SequencePoints>
              <BranchPoints />
            </Method>
            <Method visited="false" cyclomaticComplexity="0" nPathComplexity="0" sequenceCoverage="0.0" branchCoverage="0" crapScore="0" isConstructor="false" isStatic="false" isGetter="false" isSetter="false">
              <Summary numSequencePoints="4" visitedSequencePoints="0" numBranchPoints="0" visitedBranchPoints="0" sequenceCoverage="0.0" branchCoverage="0" maxCyclomaticComplexity="0" minCyclomaticComplexity="0" maxCrapScore="0" minCrapScore="0" visitedClasses="0" numClasses="0" visitedMethods="0" numMethods="1" />
              <MetadataToken>100663300</MetadataToken>
              <Name>System.Void CameraController::StartButtonClicked()</Name>
              <FileRef uid="2" />
              <SequencePoints>
                <SequencePoint vc="0" uspid="164" ordinal="0" offset="0" sl="83" sc="5" el="83" ec="5" bec="0" bev="0" fileid="2" />
                <SequencePoint vc="0" uspid="165" ordinal="0" offset="1" sl="85" sc="9" el="85" ec="9" bec="0" bev="0" fileid="2" />
                <SequencePoint vc="0" uspid="166" ordinal="0" offset="18" sl="87" sc="9" el="87" ec="9" bec="0" bev="0" fileid="2" />
                <SequencePoint vc="0" uspid="167" ordinal="0" offset="31" sl="88" sc="5" el="88" ec="5" bec="0" bev="0" fileid="2" />
              </SequencePoints>
              <BranchPoints />
            </Method>
            <Method visited="false" cyclomaticComplexity="0" nPathComplexity="0" sequenceCoverage="0.0" branchCoverage="0" crapScore="0" isConstructor="true" isStatic="true" isGetter="false" isSetter="false">
              <Summary numSequencePoints="2" visitedSequencePoints="0" numBranchPoints="0" visitedBranchPoints="0" sequenceCoverage="0.0" branchCoverage="0" maxCyclomaticComplexity="0" minCyclomaticComplexity="0" maxCrapScore="0" minCrapScore="0" visitedClasses="0" numClasses="0" visitedMethods="0" numMethods="1" />
              <MetadataToken>100663305</MetadataToken>
              <Name>static CameraController::CameraController()</Name>
              <FileRef uid="2" />
              <SequencePoints>
                <SequencePoint vc="0" uspid="168" ordinal="0" offset="0" sl="24" sc="5" el="24" ec="5" bec="0" bev="0" fileid="2" />
                <SequencePoint vc="0" uspid="169" ordinal="0" offset="10" sl="25" sc="5" el="25" ec="5" bec="0" bev="0" fileid="2" />
              </SequencePoints>
              <BranchPoints />
            </Method>
          </Methods>
        </Class>
        <Class>
          <Summary numSequencePoints="344" visitedSequencePoints="0" numBranchPoints="0" visitedBranchPoints="0" sequenceCoverage="0.0" branchCoverage="0.0" maxCyclomaticComplexity="0" minCyclomaticComplexity="0" maxCrapScore="0" minCrapScore="0" visitedClasses="0" numClasses="1" visitedMethods="0" numMethods="15" />
          <FullName>Controller</FullName>
          <Methods>
            <Method visited="false" cyclomaticComplexity="0" nPathComplexity="0" sequenceCoverage="0.0" branchCoverage="0" crapScore="0" isConstructor="false" isStatic="false" isGetter="false" isSetter="false">
              <Summary numSequencePoints="85" visitedSequencePoints="0" numBranchPoints="0" visitedBranchPoints="0" sequenceCoverage="0.0" branchCoverage="0" maxCyclomaticComplexity="0" minCyclomaticComplexity="0" maxCrapScore="0" minCrapScore="0" visitedClasses="0" numClasses="0" visitedMethods="0" numMethods="1" />
              <MetadataToken>100663306</MetadataToken>
              <Name>System.Void Controller::Start()</Name>
              <FileRef uid="3" />
              <SequencePoints>
                <SequencePoint vc="0" uspid="170" ordinal="0" offset="0" sl="178" sc="5" el="178" ec="5" bec="0" bev="0" fileid="3" />
                <SequencePoint vc="0" uspid="171" ordinal="0" offset="1" sl="180" sc="9" el="180" ec="9" bec="0" bev="0" fileid="3" />
                <SequencePoint vc="0" uspid="172" ordinal="0" offset="129" sl="181" sc="9" el="181" ec="9" bec="0" bev="0" fileid="3" />
                <SequencePoint vc="0" uspid="173" ordinal="0" offset="153" sl="182" sc="9" el="182" ec="9" bec="0" bev="0" fileid="3" />
                <SequencePoint vc="0" uspid="174" ordinal="0" offset="177" sl="183" sc="9" el="183" ec="9" bec="0" bev="0" fileid="3" />
                <SequencePoint vc="0" uspid="175" ordinal="0" offset="201" sl="185" sc="9" el="185" ec="9" bec="0" bev="0" fileid="3" />
                <SequencePoint vc="0" uspid="176" ordinal="0" offset="225" sl="186" sc="9" el="186" ec="9" bec="0" bev="0" fileid="3" />
                <SequencePoint vc="0" uspid="177" ordinal="0" offset="249" sl="187" sc="9" el="187" ec="9" bec="0" bev="0" fileid="3" />
                <SequencePoint vc="0" uspid="178" ordinal="0" offset="273" sl="189" sc="9" el="189" ec="9" bec="0" bev="0" fileid="3" />
                <SequencePoint vc="0" uspid="179" ordinal="0" offset="297" sl="190" sc="9" el="190" ec="9" bec="0" bev="0" fileid="3" />
                <SequencePoint vc="0" uspid="180" ordinal="0" offset="321" sl="191" sc="9" el="191" ec="9" bec="0" bev="0" fileid="3" />
                <SequencePoint vc="0" uspid="181" ordinal="0" offset="345" sl="193" sc="9" el="193" ec="9" bec="0" bev="0" fileid="3" />
                <SequencePoint vc="0" uspid="182" ordinal="0" offset="352" sl="197" sc="14" el="197" ec="14" bec="0" bev="0" fileid="3" />
                <SequencePoint vc="0" uspid="183" ordinal="0" offset="360" sl="198" sc="9" el="198" ec="9" bec="0" bev="0" fileid="3" />
                <SequencePoint vc="0" uspid="184" ordinal="0" offset="361" sl="201" sc="13" el="201" ec="13" bec="0" bev="0" fileid="3" />
                <SequencePoint vc="0" uspid="185" ordinal="0" offset="368" sl="202" sc="13" el="202" ec="13" bec="0" bev="0" fileid="3" />
                <SequencePoint vc="0" uspid="186" ordinal="0" offset="375" sl="203" sc="13" el="203" ec="13" bec="0" bev="0" fileid="3" />
                <SequencePoint vc="0" uspid="187" ordinal="0" offset="395" sl="205" sc="13" el="205" ec="13" bec="0" bev="0" fileid="3" />
                <SequencePoint vc="0" uspid="188" ordinal="0" offset="402" sl="206" sc="13" el="206" ec="13" bec="0" bev="0" fileid="3" />
                <SequencePoint vc="0" uspid="189" ordinal="0" offset="409" sl="207" sc="13" el="207" ec="13" bec="0" bev="0" fileid="3" />
                <SequencePoint vc="0" uspid="190" ordinal="0" offset="429" sl="209" sc="13" el="209" ec="13" bec="0" bev="0" fileid="3" />
                <SequencePoint vc="0" uspid="191" ordinal="0" offset="436" sl="210" sc="13" el="210" ec="13" bec="0" bev="0" fileid="3" />
                <SequencePoint vc="0" uspid="192" ordinal="0" offset="443" sl="211" sc="13" el="211" ec="13" bec="0" bev="0" fileid="3" />
                <SequencePoint vc="0" uspid="193" ordinal="0" offset="463" sl="213" sc="13" el="213" ec="13" bec="0" bev="0" fileid="3" />
                <SequencePoint vc="0" uspid="194" ordinal="0" offset="474" sl="214" sc="13" el="214" ec="13" bec="0" bev="0" fileid="3" />
                <SequencePoint vc="0" uspid="195" ordinal="0" offset="475" sl="215" sc="17" el="215" ec="17" bec="0" bev="0" fileid="3" />
                <SequencePoint vc="0" uspid="196" ordinal="0" offset="485" sl="216" sc="17" el="216" ec="17" bec="0" bev="0" fileid="3" />
                <SequencePoint vc="0" uspid="197" ordinal="0" offset="495" sl="218" sc="17" el="218" ec="17" bec="0" bev="0" fileid="3" />
                <SequencePoint vc="0" uspid="198" ordinal="0" offset="505" sl="219" sc="17" el="219" ec="17" bec="0" bev="0" fileid="3" />
                <SequencePoint vc="0" uspid="199" ordinal="0" offset="515" sl="221" sc="17" el="221" ec="17" bec="0" bev="0" fileid="3" />
                <SequencePoint vc="0" uspid="200" ordinal="0" offset="525" sl="222" sc="17" el="222" ec="17" bec="0" bev="0" fileid="3" />
                <SequencePoint vc="0" uspid="201" ordinal="0" offset="535" sl="223" sc="17" el="223" ec="17" bec="0" bev="0" fileid="3" />
                <SequencePoint vc="0" uspid="202" ordinal="0" offset="545" sl="224" sc="13" el="224" ec="13" bec="0" bev="0" fileid="3" />
                <SequencePoint vc="0" uspid="203" ordinal="0" offset="546" sl="225" sc="13" el="225" ec="13" bec="0" bev="0" fileid="3" />
                <SequencePoint vc="0" uspid="204" ordinal="0" offset="558" sl="226" sc="13" el="226" ec="13" bec="0" bev="0" fileid="3" />
                <SequencePoint vc="0" uspid="205" ordinal="0" offset="559" sl="227" sc="17" el="227" ec="17" bec="0" bev="0" fileid="3" />
                <SequencePoint vc="0" uspid="206" ordinal="0" offset="569" sl="228" sc="17" el="228" ec="17" bec="0" bev="0" fileid="3" />
                <SequencePoint vc="0" uspid="207" ordinal="0" offset="591" sl="230" sc="17" el="230" ec="17" bec="0" bev="0" fileid="3" />
                <SequencePoint vc="0" uspid="208" ordinal="0" offset="601" sl="231" sc="17" el="231" ec="17" bec="0" bev="0" fileid="3" />
                <SequencePoint vc="0" uspid="209" ordinal="0" offset="623" sl="233" sc="17" el="233" ec="17" bec="0" bev="0" fileid="3" />
                <SequencePoint vc="0" uspid="210" ordinal="0" offset="633" sl="234" sc="17" el="234" ec="17" bec="0" bev="0" fileid="3" />
                <SequencePoint vc="0" uspid="211" ordinal="0" offset="643" sl="235" sc="17" el="235" ec="17" bec="0" bev="0" fileid="3" />
                <SequencePoint vc="0" uspid="212" ordinal="0" offset="665" sl="236" sc="13" el="236" ec="13" bec="0" bev="0" fileid="3" />
                <SequencePoint vc="0" uspid="213" ordinal="0" offset="666" sl="239" sc="13" el="239" ec="13" bec="0" bev="0" fileid="3" />
                <SequencePoint vc="0" uspid="214" ordinal="0" offset="710" sl="240" sc="13" el="240" ec="13" bec="0" bev="0" fileid="3" />
                <SequencePoint vc="0" uspid="215" ordinal="0" offset="745" sl="241" sc="13" el="241" ec="13" bec="0" bev="0" fileid="3" />
                <SequencePoint vc="0" uspid="216" ordinal="0" offset="765" sl="242" sc="13" el="242" ec="13" bec="0" bev="0" fileid="3" />
                <SequencePoint vc="0" uspid="217" ordinal="0" offset="795" sl="245" sc="13" el="245" ec="13" bec="0" bev="0" fileid="3" />
                <SequencePoint vc="0" uspid="218" ordinal="0" offset="839" sl="246" sc="13" el="246" ec="13" bec="0" bev="0" fileid="3" />
                <SequencePoint vc="0" uspid="219" ordinal="0" offset="874" sl="247" sc="13" el="247" ec="13" bec="0" bev="0" fileid="3" />
                <SequencePoint vc="0" uspid="220" ordinal="0" offset="887" sl="248" sc="13" el="248" ec="13" bec="0" bev="0" fileid="3" />
                <SequencePoint vc="0" uspid="221" ordinal="0" offset="995" sl="249" sc="13" el="249" ec="13" bec="0" bev="0" fileid="3" />
                <SequencePoint vc="0" uspid="222" ordinal="0" offset="1025" sl="252" sc="13" el="252" ec="13" bec="0" bev="0" fileid="3" />
                <SequencePoint vc="0" uspid="223" ordinal="0" offset="1069" sl="253" sc="13" el="253" ec="13" bec="0" bev="0" fileid="3" />
                <SequencePoint vc="0" uspid="224" ordinal="0" offset="1104" sl="254" sc="13" el="254" ec="13" bec="0" bev="0" fileid="3" />
                <SequencePoint vc="0" uspid="225" ordinal="0" offset="1206" sl="255" sc="13" el="255" ec="13" bec="0" bev="0" fileid="3" />
                <SequencePoint vc="0" uspid="226" ordinal="0" offset="1236" sl="256" sc="9" el="256" ec="9" bec="0" bev="0" fileid="3" />
                <SequencePoint vc="0" uspid="227" ordinal="0" offset="1237" sl="197" sc="33" el="197" ec="33" bec="0" bev="0" fileid="3" />
                <SequencePoint vc="0" uspid="228" ordinal="0" offset="1243" sl="197" sc="25" el="197" ec="25" bec="0" bev="0" fileid="3" />
                <SequencePoint vc="0" uspid="229" ordinal="0" offset="1258" sl="259" sc="9" el="259" ec="9" bec="0" bev="0" fileid="3" />
                <SequencePoint vc="0" uspid="230" ordinal="0" offset="1315" sl="260" sc="9" el="260" ec="9" bec="0" bev="0" fileid="3" />
                <SequencePoint vc="0" uspid="231" ordinal="0" offset="1372" sl="261" sc="9" el="261" ec="9" bec="0" bev="0" fileid="3" />
                <SequencePoint vc="0" uspid="232" ordinal="0" offset="1429" sl="264" sc="9" el="264" ec="9" bec="0" bev="0" fileid="3" />
                <SequencePoint vc="0" uspid="233" ordinal="0" offset="1441" sl="265" sc="9" el="265" ec="9" bec="0" bev="0" fileid="3" />
                <SequencePoint vc="0" uspid="234" ordinal="0" offset="1453" sl="266" sc="9" el="266" ec="9" bec="0" bev="0" fileid="3" />
                <SequencePoint vc="0" uspid="235" ordinal="0" offset="1465" sl="269" sc="9" el="269" ec="9" bec="0" bev="0" fileid="3" />
                <SequencePoint vc="0" uspid="236" ordinal="0" offset="1534" sl="270" sc="9" el="270" ec="9" bec="0" bev="0" fileid="3" />
                <SequencePoint vc="0" uspid="237" ordinal="0" offset="1603" sl="271" sc="9" el="271" ec="9" bec="0" bev="0" fileid="3" />
                <SequencePoint vc="0" uspid="238" ordinal="0" offset="1672" sl="274" sc="9" el="274" ec="9" bec="0" bev="0" fileid="3" />
                <SequencePoint vc="0" uspid="239" ordinal="0" offset="1723" sl="275" sc="9" el="275" ec="9" bec="0" bev="0" fileid="3" />
                <SequencePoint vc="0" uspid="240" ordinal="0" offset="1774" sl="276" sc="9" el="276" ec="9" bec="0" bev="0" fileid="3" />
                <SequencePoint vc="0" uspid="241" ordinal="0" offset="1825" sl="279" sc="9" el="279" ec="9" bec="0" bev="0" fileid="3" />
                <SequencePoint vc="0" uspid="242" ordinal="0" offset="1860" sl="280" sc="9" el="280" ec="9" bec="0" bev="0" fileid="3" />
                <SequencePoint vc="0" uspid="243" ordinal="0" offset="1895" sl="281" sc="9" el="281" ec="9" bec="0" bev="0" fileid="3" />
                <SequencePoint vc="0" uspid="244" ordinal="0" offset="1930" sl="282" sc="9" el="282" ec="9" bec="0" bev="0" fileid="3" />
                <SequencePoint vc="0" uspid="245" ordinal="0" offset="1965" sl="283" sc="9" el="283" ec="9" bec="0" bev="0" fileid="3" />
                <SequencePoint vc="0" uspid="246" ordinal="0" offset="2000" sl="284" sc="9" el="284" ec="9" bec="0" bev="0" fileid="3" />
                <SequencePoint vc="0" uspid="247" ordinal="0" offset="2035" sl="287" sc="9" el="287" ec="9" bec="0" bev="0" fileid="3" />
                <SequencePoint vc="0" uspid="248" ordinal="0" offset="2061" sl="288" sc="9" el="288" ec="9" bec="0" bev="0" fileid="3" />
                <SequencePoint vc="0" uspid="249" ordinal="0" offset="2087" sl="289" sc="9" el="289" ec="9" bec="0" bev="0" fileid="3" />
                <SequencePoint vc="0" uspid="250" ordinal="0" offset="2113" sl="292" sc="9" el="292" ec="9" bec="0" bev="0" fileid="3" />
                <SequencePoint vc="0" uspid="251" ordinal="0" offset="2157" sl="293" sc="9" el="293" ec="9" bec="0" bev="0" fileid="3" />
                <SequencePoint vc="0" uspid="252" ordinal="0" offset="2202" sl="294" sc="9" el="294" ec="9" bec="0" bev="0" fileid="3" />
                <SequencePoint vc="0" uspid="253" ordinal="0" offset="2247" sl="296" sc="9" el="296" ec="9" bec="0" bev="0" fileid="3" />
                <SequencePoint vc="0" uspid="254" ordinal="0" offset="2294" sl="297" sc="5" el="297" ec="5" bec="0" bev="0" fileid="3" />
              </SequencePoints>
              <BranchPoints />
            </Method>
            <Method visited="false" cyclomaticComplexity="0" nPathComplexity="0" sequenceCoverage="0.0" branchCoverage="0" crapScore="0" isConstructor="false" isStatic="false" isGetter="false" isSetter="false">
              <Summary numSequencePoints="23" visitedSequencePoints="0" numBranchPoints="0" visitedBranchPoints="0" sequenceCoverage="0.0" branchCoverage="0" maxCyclomaticComplexity="0" minCyclomaticComplexity="0" maxCrapScore="0" minCrapScore="0" visitedClasses="0" numClasses="0" visitedMethods="0" numMethods="1" />
              <MetadataToken>100663307</MetadataToken>
              <Name>System.Void Controller::Update()</Name>
              <FileRef uid="3" />
              <SequencePoints>
                <SequencePoint vc="0" uspid="255" ordinal="0" offset="0" sl="300" sc="5" el="300" ec="5" bec="0" bev="0" fileid="3" />
                <SequencePoint vc="0" uspid="256" ordinal="0" offset="1" sl="301" sc="9" el="301" ec="9" bec="0" bev="0" fileid="3" />
                <SequencePoint vc="0" uspid="257" ordinal="0" offset="19" sl="302" sc="9" el="302" ec="9" bec="0" bev="0" fileid="3" />
                <SequencePoint vc="0" uspid="258" ordinal="0" offset="20" sl="303" sc="13" el="303" ec="13" bec="0" bev="0" fileid="3" />
                <SequencePoint vc="0" uspid="259" ordinal="0" offset="36" sl="305" sc="13" el="305" ec="13" bec="0" bev="0" fileid="3" />
                <SequencePoint vc="0" uspid="260" ordinal="0" offset="55" sl="306" sc="13" el="306" ec="13" bec="0" bev="0" fileid="3" />
                <SequencePoint vc="0" uspid="261" ordinal="0" offset="56" sl="307" sc="17" el="307" ec="17" bec="0" bev="0" fileid="3" />
                <SequencePoint vc="0" uspid="262" ordinal="0" offset="80" sl="308" sc="13" el="308" ec="13" bec="0" bev="0" fileid="3" />
                <SequencePoint vc="0" uspid="263" ordinal="0" offset="81" sl="309" sc="13" el="309" ec="13" bec="0" bev="0" fileid="3" />
                <SequencePoint vc="0" uspid="264" ordinal="0" offset="93" sl="310" sc="13" el="310" ec="13" bec="0" bev="0" fileid="3" />
                <SequencePoint vc="0" uspid="265" ordinal="0" offset="111" sl="311" sc="13" el="311" ec="13" bec="0" bev="0" fileid="3" />
                <SequencePoint vc="0" uspid="266" ordinal="0" offset="129" sl="312" sc="18" el="312" ec="18" bec="0" bev="0" fileid="3" />
                <SequencePoint vc="0" uspid="267" ordinal="0" offset="134" sl="313" sc="13" el="313" ec="13" bec="0" bev="0" fileid="3" />
                <SequencePoint vc="0" uspid="268" ordinal="0" offset="135" sl="314" sc="17" el="314" ec="17" bec="0" bev="0" fileid="3" />
                <SequencePoint vc="0" uspid="269" ordinal="0" offset="150" sl="317" sc="17" el="317" ec="17" bec="0" bev="0" fileid="3" />
                <SequencePoint vc="0" uspid="270" ordinal="0" offset="163" sl="320" sc="17" el="320" ec="17" bec="0" bev="0" fileid="3" />
                <SequencePoint vc="0" uspid="271" ordinal="0" offset="194" sl="322" sc="17" el="322" ec="17" bec="0" bev="0" fileid="3" />
                <SequencePoint vc="0" uspid="272" ordinal="0" offset="208" sl="324" sc="17" el="324" ec="17" bec="0" bev="0" fileid="3" />
                <SequencePoint vc="0" uspid="273" ordinal="0" offset="219" sl="325" sc="13" el="325" ec="13" bec="0" bev="0" fileid="3" />
                <SequencePoint vc="0" uspid="274" ordinal="0" offset="220" sl="312" sc="50" el="312" ec="50" bec="0" bev="0" fileid="3" />
                <SequencePoint vc="0" uspid="275" ordinal="0" offset="226" sl="312" sc="29" el="312" ec="29" bec="0" bev="0" fileid="3" />
                <SequencePoint vc="0" uspid="276" ordinal="0" offset="242" sl="326" sc="9" el="326" ec="9" bec="0" bev="0" fileid="3" />
                <SequencePoint vc="0" uspid="277" ordinal="0" offset="243" sl="327" sc="5" el="327" ec="5" bec="0" bev="0" fileid="3" />
              </SequencePoints>
              <BranchPoints />
            </Method>
            <Method visited="false" cyclomaticComplexity="0" nPathComplexity="0" sequenceCoverage="0.0" branchCoverage="0" crapScore="0" isConstructor="false" isStatic="false" isGetter="false" isSetter="false">
              <Summary numSequencePoints="44" visitedSequencePoints="0" numBranchPoints="0" visitedBranchPoints="0" sequenceCoverage="0.0" branchCoverage="0" maxCyclomaticComplexity="0" minCyclomaticComplexity="0" maxCrapScore="0" minCrapScore="0" visitedClasses="0" numClasses="0" visitedMethods="0" numMethods="1" />
              <MetadataToken>100663308</MetadataToken>
              <Name>System.Void Controller::OnGUI()</Name>
              <FileRef uid="3" />
              <SequencePoints>
                <SequencePoint vc="0" uspid="278" ordinal="0" offset="0" sl="330" sc="5" el="330" ec="5" bec="0" bev="0" fileid="3" />
                <SequencePoint vc="0" uspid="279" ordinal="0" offset="1" sl="332" sc="9" el="332" ec="9" bec="0" bev="0" fileid="3" />
                <SequencePoint vc="0" uspid="280" ordinal="0" offset="7" sl="333" sc="9" el="333" ec="9" bec="0" bev="0" fileid="3" />
                <SequencePoint vc="0" uspid="281" ordinal="0" offset="34" sl="334" sc="9" el="334" ec="9" bec="0" bev="0" fileid="3" />
                <SequencePoint vc="0" uspid="282" ordinal="0" offset="35" sl="336" sc="13" el="336" ec="13" bec="0" bev="0" fileid="3" />
                <SequencePoint vc="0" uspid="283" ordinal="0" offset="61" sl="338" sc="13" el="338" ec="13" bec="0" bev="0" fileid="3" />
                <SequencePoint vc="0" uspid="284" ordinal="0" offset="76" sl="338" sc="39" el="338" ec="39" bec="0" bev="0" fileid="3" />
                <SequencePoint vc="0" uspid="285" ordinal="0" offset="77" sl="340" sc="17" el="340" ec="17" bec="0" bev="0" fileid="3" />
                <SequencePoint vc="0" uspid="286" ordinal="0" offset="82" sl="342" sc="17" el="342" ec="17" bec="0" bev="0" fileid="3" />
                <SequencePoint vc="0" uspid="287" ordinal="0" offset="106" sl="343" sc="17" el="343" ec="17" bec="0" bev="0" fileid="3" />
                <SequencePoint vc="0" uspid="288" ordinal="0" offset="124" sl="345" sc="17" el="345" ec="17" bec="0" bev="0" fileid="3" />
                <SequencePoint vc="0" uspid="289" ordinal="0" offset="142" sl="347" sc="17" el="347" ec="17" bec="0" bev="0" fileid="3" />
                <SequencePoint vc="0" uspid="290" ordinal="0" offset="157" sl="349" sc="17" el="349" ec="17" bec="0" bev="0" fileid="3" />
                <SequencePoint vc="0" uspid="291" ordinal="0" offset="175" sl="351" sc="17" el="351" ec="17" bec="0" bev="0" fileid="3" />
                <SequencePoint vc="0" uspid="292" ordinal="0" offset="182" sl="353" sc="17" el="353" ec="17" bec="0" bev="0" fileid="3" />
                <SequencePoint vc="0" uspid="293" ordinal="0" offset="200" sl="354" sc="17" el="354" ec="17" bec="0" bev="0" fileid="3" />
                <SequencePoint vc="0" uspid="294" ordinal="0" offset="201" sl="355" sc="21" el="355" ec="21" bec="0" bev="0" fileid="3" />
                <SequencePoint vc="0" uspid="295" ordinal="0" offset="219" sl="356" sc="21" el="356" ec="21" bec="0" bev="0" fileid="3" />
                <SequencePoint vc="0" uspid="296" ordinal="0" offset="229" sl="357" sc="21" el="357" ec="21" bec="0" bev="0" fileid="3" />
                <SequencePoint vc="0" uspid="297" ordinal="0" offset="248" sl="358" sc="17" el="358" ec="17" bec="0" bev="0" fileid="3" />
                <SequencePoint vc="0" uspid="298" ordinal="0" offset="249" sl="360" sc="17" el="360" ec="17" bec="0" bev="0" fileid="3" />
                <SequencePoint vc="0" uspid="299" ordinal="0" offset="277" sl="362" sc="17" el="362" ec="17" bec="0" bev="0" fileid="3" />
                <SequencePoint vc="0" uspid="300" ordinal="0" offset="295" sl="363" sc="17" el="363" ec="17" bec="0" bev="0" fileid="3" />
                <SequencePoint vc="0" uspid="301" ordinal="0" offset="305" sl="364" sc="17" el="364" ec="17" bec="0" bev="0" fileid="3" />
                <SequencePoint vc="0" uspid="302" ordinal="0" offset="324" sl="366" sc="17" el="366" ec="17" bec="0" bev="0" fileid="3" />
                <SequencePoint vc="0" uspid="303" ordinal="0" offset="338" sl="367" sc="17" el="367" ec="17" bec="0" bev="0" fileid="3" />
                <SequencePoint vc="0" uspid="304" ordinal="0" offset="368" sl="370" sc="17" el="370" ec="17" bec="0" bev="0" fileid="3" />
                <SequencePoint vc="0" uspid="305" ordinal="0" offset="383" sl="371" sc="17" el="371" ec="17" bec="0" bev="0" fileid="3" />
                <SequencePoint vc="0" uspid="306" ordinal="0" offset="384" sl="372" sc="21" el="372" ec="21" bec="0" bev="0" fileid="3" />
                <SequencePoint vc="0" uspid="307" ordinal="0" offset="412" sl="373" sc="21" el="373" ec="21" bec="0" bev="0" fileid="3" />
                <SequencePoint vc="0" uspid="308" ordinal="0" offset="419" sl="374" sc="17" el="374" ec="17" bec="0" bev="0" fileid="3" />
                <SequencePoint vc="0" uspid="309" ordinal="0" offset="420" sl="376" sc="17" el="376" ec="17" bec="0" bev="0" fileid="3" />
                <SequencePoint vc="0" uspid="310" ordinal="0" offset="432" sl="379" sc="17" el="379" ec="17" bec="0" bev="0" fileid="3" />
                <SequencePoint vc="0" uspid="311" ordinal="0" offset="446" sl="380" sc="17" el="380" ec="17" bec="0" bev="0" fileid="3" />
                <SequencePoint vc="0" uspid="312" ordinal="0" offset="460" sl="381" sc="17" el="381" ec="17" bec="0" bev="0" fileid="3" />
                <SequencePoint vc="0" uspid="313" ordinal="0" offset="474" sl="383" sc="17" el="383" ec="17" bec="0" bev="0" fileid="3" />
                <SequencePoint vc="0" uspid="314" ordinal="0" offset="579" sl="386" sc="17" el="386" ec="17" bec="0" bev="0" fileid="3" />
                <SequencePoint vc="0" uspid="315" ordinal="0" offset="586" sl="387" sc="17" el="387" ec="17" bec="0" bev="0" fileid="3" />
                <SequencePoint vc="0" uspid="316" ordinal="0" offset="606" sl="388" sc="17" el="388" ec="17" bec="0" bev="0" fileid="3" />
                <SequencePoint vc="0" uspid="317" ordinal="0" offset="626" sl="389" sc="17" el="389" ec="17" bec="0" bev="0" fileid="3" />
                <SequencePoint vc="0" uspid="318" ordinal="0" offset="646" sl="390" sc="17" el="390" ec="17" bec="0" bev="0" fileid="3" />
                <SequencePoint vc="0" uspid="319" ordinal="0" offset="653" sl="391" sc="13" el="391" ec="13" bec="0" bev="0" fileid="3" />
                <SequencePoint vc="0" uspid="320" ordinal="0" offset="654" sl="392" sc="9" el="392" ec="9" bec="0" bev="0" fileid="3" />
                <SequencePoint vc="0" uspid="321" ordinal="0" offset="655" sl="393" sc="5" el="393" ec="5" bec="0" bev="0" fileid="3" />
              </SequencePoints>
              <BranchPoints />
            </Method>
            <Method visited="false" cyclomaticComplexity="0" nPathComplexity="0" sequenceCoverage="0.0" branchCoverage="0" crapScore="0" isConstructor="false" isStatic="false" isGetter="false" isSetter="false">
              <Summary numSequencePoints="62" visitedSequencePoints="0" numBranchPoints="0" visitedBranchPoints="0" sequenceCoverage="0.0" branchCoverage="0" maxCyclomaticComplexity="0" minCyclomaticComplexity="0" maxCrapScore="0" minCrapScore="0" visitedClasses="0" numClasses="0" visitedMethods="0" numMethods="1" />
              <MetadataToken>100663309</MetadataToken>
              <Name>System.Void Controller::PlugSocketSelected(System.Char, UnityEngine.GameObject)</Name>
              <FileRef uid="3" />
              <SequencePoints>
                <SequencePoint vc="0" uspid="322" ordinal="0" offset="0" sl="396" sc="5" el="396" ec="5" bec="0" bev="0" fileid="3" />
                <SequencePoint vc="0" uspid="323" ordinal="0" offset="1" sl="398" sc="9" el="398" ec="9" bec="0" bev="0" fileid="3" />
                <SequencePoint vc="0" uspid="324" ordinal="0" offset="25" sl="399" sc="9" el="399" ec="9" bec="0" bev="0" fileid="3" />
                <SequencePoint vc="0" uspid="325" ordinal="0" offset="26" sl="401" sc="13" el="401" ec="13" bec="0" bev="0" fileid="3" />
                <SequencePoint vc="0" uspid="326" ordinal="0" offset="47" sl="402" sc="13" el="402" ec="13" bec="0" bev="0" fileid="3" />
                <SequencePoint vc="0" uspid="327" ordinal="0" offset="48" sl="404" sc="17" el="404" ec="17" bec="0" bev="0" fileid="3" />
                <SequencePoint vc="0" uspid="328" ordinal="0" offset="55" sl="406" sc="17" el="406" ec="17" bec="0" bev="0" fileid="3" />
                <SequencePoint vc="0" uspid="329" ordinal="0" offset="124" sl="407" sc="17" el="407" ec="17" bec="0" bev="0" fileid="3" />
                <SequencePoint vc="0" uspid="330" ordinal="0" offset="153" sl="408" sc="17" el="408" ec="17" bec="0" bev="0" fileid="3" />
                <SequencePoint vc="0" uspid="331" ordinal="0" offset="211" sl="410" sc="17" el="410" ec="17" bec="0" bev="0" fileid="3" />
                <SequencePoint vc="0" uspid="332" ordinal="0" offset="223" sl="411" sc="17" el="411" ec="17" bec="0" bev="0" fileid="3" />
                <SequencePoint vc="0" uspid="333" ordinal="0" offset="236" sl="412" sc="17" el="412" ec="17" bec="0" bev="0" fileid="3" />
                <SequencePoint vc="0" uspid="334" ordinal="0" offset="249" sl="413" sc="17" el="413" ec="17" bec="0" bev="0" fileid="3" />
                <SequencePoint vc="0" uspid="335" ordinal="0" offset="262" sl="414" sc="17" el="414" ec="17" bec="0" bev="0" fileid="3" />
                <SequencePoint vc="0" uspid="336" ordinal="0" offset="275" sl="415" sc="13" el="415" ec="13" bec="0" bev="0" fileid="3" />
                <SequencePoint vc="0" uspid="337" ordinal="0" offset="281" sl="417" sc="18" el="417" ec="18" bec="0" bev="0" fileid="3" />
                <SequencePoint vc="0" uspid="338" ordinal="0" offset="297" sl="418" sc="13" el="418" ec="13" bec="0" bev="0" fileid="3" />
                <SequencePoint vc="0" uspid="339" ordinal="0" offset="298" sl="419" sc="17" el="419" ec="17" bec="0" bev="0" fileid="3" />
                <SequencePoint vc="0" uspid="340" ordinal="0" offset="326" sl="420" sc="17" el="420" ec="17" bec="0" bev="0" fileid="3" />
                <SequencePoint vc="0" uspid="341" ordinal="0" offset="338" sl="421" sc="17" el="421" ec="17" bec="0" bev="0" fileid="3" />
                <SequencePoint vc="0" uspid="342" ordinal="0" offset="345" sl="422" sc="17" el="422" ec="17" bec="0" bev="0" fileid="3" />
                <SequencePoint vc="0" uspid="343" ordinal="0" offset="352" sl="423" sc="13" el="423" ec="13" bec="0" bev="0" fileid="3" />
                <SequencePoint vc="0" uspid="344" ordinal="0" offset="355" sl="426" sc="13" el="426" ec="13" bec="0" bev="0" fileid="3" />
                <SequencePoint vc="0" uspid="345" ordinal="0" offset="356" sl="427" sc="17" el="427" ec="17" bec="0" bev="0" fileid="3" />
                <SequencePoint vc="0" uspid="346" ordinal="0" offset="363" sl="429" sc="17" el="429" ec="17" bec="0" bev="0" fileid="3" />
                <SequencePoint vc="0" uspid="347" ordinal="0" offset="428" sl="430" sc="17" el="430" ec="17" bec="0" bev="0" fileid="3" />
                <SequencePoint vc="0" uspid="348" ordinal="0" offset="453" sl="432" sc="17" el="432" ec="17" bec="0" bev="0" fileid="3" />
                <SequencePoint vc="0" uspid="349" ordinal="0" offset="465" sl="433" sc="17" el="433" ec="17" bec="0" bev="0" fileid="3" />
                <SequencePoint vc="0" uspid="350" ordinal="0" offset="472" sl="435" sc="17" el="435" ec="17" bec="0" bev="0" fileid="3" />
                <SequencePoint vc="0" uspid="351" ordinal="0" offset="479" sl="436" sc="13" el="436" ec="13" bec="0" bev="0" fileid="3" />
                <SequencePoint vc="0" uspid="352" ordinal="0" offset="480" sl="437" sc="9" el="437" ec="9" bec="0" bev="0" fileid="3" />
                <SequencePoint vc="0" uspid="353" ordinal="0" offset="486" sl="440" sc="9" el="440" ec="9" bec="0" bev="0" fileid="3" />
                <SequencePoint vc="0" uspid="354" ordinal="0" offset="487" sl="442" sc="13" el="442" ec="13" bec="0" bev="0" fileid="3" />
                <SequencePoint vc="0" uspid="355" ordinal="0" offset="510" sl="442" sc="34" el="442" ec="34" bec="0" bev="0" fileid="3" />
                <SequencePoint vc="0" uspid="356" ordinal="0" offset="511" sl="444" sc="17" el="444" ec="17" bec="0" bev="0" fileid="3" />
                <SequencePoint vc="0" uspid="357" ordinal="0" offset="518" sl="445" sc="17" el="445" ec="17" bec="0" bev="0" fileid="3" />
                <SequencePoint vc="0" uspid="358" ordinal="0" offset="563" sl="446" sc="17" el="446" ec="17" bec="0" bev="0" fileid="3" />
                <SequencePoint vc="0" uspid="359" ordinal="0" offset="587" sl="447" sc="17" el="447" ec="17" bec="0" bev="0" fileid="3" />
                <SequencePoint vc="0" uspid="360" ordinal="0" offset="632" sl="448" sc="17" el="448" ec="17" bec="0" bev="0" fileid="3" />
                <SequencePoint vc="0" uspid="361" ordinal="0" offset="641" sl="450" sc="17" el="450" ec="17" bec="0" bev="0" fileid="3" />
                <SequencePoint vc="0" uspid="362" ordinal="0" offset="654" sl="451" sc="17" el="451" ec="17" bec="0" bev="0" fileid="3" />
                <SequencePoint vc="0" uspid="363" ordinal="0" offset="655" sl="452" sc="21" el="452" ec="21" bec="0" bev="0" fileid="3" />
                <SequencePoint vc="0" uspid="364" ordinal="0" offset="663" sl="453" sc="21" el="453" ec="21" bec="0" bev="0" fileid="3" />
                <SequencePoint vc="0" uspid="365" ordinal="0" offset="676" sl="454" sc="21" el="454" ec="21" bec="0" bev="0" fileid="3" />
                <SequencePoint vc="0" uspid="366" ordinal="0" offset="690" sl="455" sc="21" el="455" ec="21" bec="0" bev="0" fileid="3" />
                <SequencePoint vc="0" uspid="367" ordinal="0" offset="704" sl="456" sc="21" el="456" ec="21" bec="0" bev="0" fileid="3" />
                <SequencePoint vc="0" uspid="368" ordinal="0" offset="718" sl="457" sc="21" el="457" ec="21" bec="0" bev="0" fileid="3" />
                <SequencePoint vc="0" uspid="369" ordinal="0" offset="732" sl="458" sc="17" el="458" ec="17" bec="0" bev="0" fileid="3" />
                <SequencePoint vc="0" uspid="370" ordinal="0" offset="733" sl="459" sc="17" el="459" ec="17" bec="0" bev="0" fileid="3" />
                <SequencePoint vc="0" uspid="371" ordinal="0" offset="761" sl="460" sc="17" el="460" ec="17" bec="0" bev="0" fileid="3" />
                <SequencePoint vc="0" uspid="372" ordinal="0" offset="819" sl="461" sc="17" el="461" ec="17" bec="0" bev="0" fileid="3" />
                <SequencePoint vc="0" uspid="373" ordinal="0" offset="826" sl="462" sc="17" el="462" ec="17" bec="0" bev="0" fileid="3" />
                <SequencePoint vc="0" uspid="374" ordinal="0" offset="833" sl="463" sc="13" el="463" ec="13" bec="0" bev="0" fileid="3" />
                <SequencePoint vc="0" uspid="375" ordinal="0" offset="836" sl="466" sc="13" el="466" ec="13" bec="0" bev="0" fileid="3" />
                <SequencePoint vc="0" uspid="376" ordinal="0" offset="837" sl="467" sc="17" el="467" ec="17" bec="0" bev="0" fileid="3" />
                <SequencePoint vc="0" uspid="377" ordinal="0" offset="865" sl="468" sc="17" el="468" ec="17" bec="0" bev="0" fileid="3" />
                <SequencePoint vc="0" uspid="378" ordinal="0" offset="877" sl="469" sc="17" el="469" ec="17" bec="0" bev="0" fileid="3" />
                <SequencePoint vc="0" uspid="379" ordinal="0" offset="884" sl="470" sc="17" el="470" ec="17" bec="0" bev="0" fileid="3" />
                <SequencePoint vc="0" uspid="380" ordinal="0" offset="891" sl="471" sc="17" el="471" ec="17" bec="0" bev="0" fileid="3" />
                <SequencePoint vc="0" uspid="381" ordinal="0" offset="898" sl="472" sc="13" el="472" ec="13" bec="0" bev="0" fileid="3" />
                <SequencePoint vc="0" uspid="382" ordinal="0" offset="899" sl="473" sc="9" el="473" ec="9" bec="0" bev="0" fileid="3" />
                <SequencePoint vc="0" uspid="383" ordinal="0" offset="900" sl="474" sc="5" el="474" ec="5" bec="0" bev="0" fileid="3" />
              </SequencePoints>
              <BranchPoints />
            </Method>
            <Method visited="false" cyclomaticComplexity="0" nPathComplexity="0" sequenceCoverage="0.0" branchCoverage="0" crapScore="0" isConstructor="false" isStatic="false" isGetter="false" isSetter="false">
              <Summary numSequencePoints="8" visitedSequencePoints="0" numBranchPoints="0" visitedBranchPoints="0" sequenceCoverage="0.0" branchCoverage="0" maxCyclomaticComplexity="0" minCyclomaticComplexity="0" maxCrapScore="0" minCrapScore="0" visitedClasses="0" numClasses="0" visitedMethods="0" numMethods="1" />
              <MetadataToken>100663310</MetadataToken>
              <Name>System.Void Controller::MakePlugboardConnection()</Name>
              <FileRef uid="3" />
              <SequencePoints>
                <SequencePoint vc="0" uspid="384" ordinal="0" offset="0" sl="478" sc="5" el="478" ec="5" bec="0" bev="0" fileid="3" />
                <SequencePoint vc="0" uspid="385" ordinal="0" offset="1" sl="480" sc="9" el="480" ec="9" bec="0" bev="0" fileid="3" />
                <SequencePoint vc="0" uspid="386" ordinal="0" offset="21" sl="481" sc="9" el="481" ec="9" bec="0" bev="0" fileid="3" />
                <SequencePoint vc="0" uspid="387" ordinal="0" offset="41" sl="484" sc="9" el="484" ec="9" bec="0" bev="0" fileid="3" />
                <SequencePoint vc="0" uspid="388" ordinal="0" offset="50" sl="485" sc="9" el="485" ec="9" bec="0" bev="0" fileid="3" />
                <SequencePoint vc="0" uspid="389" ordinal="0" offset="59" sl="488" sc="9" el="488" ec="9" bec="0" bev="0" fileid="3" />
                <SequencePoint vc="0" uspid="390" ordinal="0" offset="66" sl="489" sc="9" el="489" ec="9" bec="0" bev="0" fileid="3" />
                <SequencePoint vc="0" uspid="391" ordinal="0" offset="73" sl="490" sc="5" el="490" ec="5" bec="0" bev="0" fileid="3" />
              </SequencePoints>
              <BranchPoints />
            </Method>
            <Method visited="false" cyclomaticComplexity="0" nPathComplexity="0" sequenceCoverage="0.0" branchCoverage="0" crapScore="0" isConstructor="false" isStatic="false" isGetter="false" isSetter="false">
              <Summary numSequencePoints="6" visitedSequencePoints="0" numBranchPoints="0" visitedBranchPoints="0" sequenceCoverage="0.0" branchCoverage="0" maxCyclomaticComplexity="0" minCyclomaticComplexity="0" maxCrapScore="0" minCrapScore="0" visitedClasses="0" numClasses="0" visitedMethods="0" numMethods="1" />
              <MetadataToken>100663311</MetadataToken>
              <Name>System.Void Controller::BreakPlugboardConnection()</Name>
              <FileRef uid="3" />
              <SequencePoints>
                <SequencePoint vc="0" uspid="392" ordinal="0" offset="0" sl="494" sc="5" el="494" ec="5" bec="0" bev="0" fileid="3" />
                <SequencePoint vc="0" uspid="393" ordinal="0" offset="1" sl="496" sc="9" el="496" ec="9" bec="0" bev="0" fileid="3" />
                <SequencePoint vc="0" uspid="394" ordinal="0" offset="21" sl="497" sc="9" el="497" ec="9" bec="0" bev="0" fileid="3" />
                <SequencePoint vc="0" uspid="395" ordinal="0" offset="41" sl="500" sc="9" el="500" ec="9" bec="0" bev="0" fileid="3" />
                <SequencePoint vc="0" uspid="396" ordinal="0" offset="50" sl="501" sc="9" el="501" ec="9" bec="0" bev="0" fileid="3" />
                <SequencePoint vc="0" uspid="397" ordinal="0" offset="59" sl="502" sc="5" el="502" ec="5" bec="0" bev="0" fileid="3" />
              </SequencePoints>
              <BranchPoints />
            </Method>
            <Method visited="false" cyclomaticComplexity="0" nPathComplexity="0" sequenceCoverage="0.0" branchCoverage="0" crapScore="0" isConstructor="false" isStatic="false" isGetter="false" isSetter="false">
              <Summary numSequencePoints="4" visitedSequencePoints="0" numBranchPoints="0" visitedBranchPoints="0" sequenceCoverage="0.0" branchCoverage="0" maxCyclomaticComplexity="0" minCyclomaticComplexity="0" maxCrapScore="0" minCrapScore="0" visitedClasses="0" numClasses="0" visitedMethods="0" numMethods="1" />
              <MetadataToken>100663312</MetadataToken>
              <Name>System.Void Controller::ClearNotes()</Name>
              <FileRef uid="3" />
              <SequencePoints>
                <SequencePoint vc="0" uspid="398" ordinal="0" offset="0" sl="506" sc="5" el="506" ec="5" bec="0" bev="0" fileid="3" />
                <SequencePoint vc="0" uspid="399" ordinal="0" offset="1" sl="507" sc="9" el="507" ec="9" bec="0" bev="0" fileid="3" />
                <SequencePoint vc="0" uspid="400" ordinal="0" offset="18" sl="508" sc="9" el="508" ec="9" bec="0" bev="0" fileid="3" />
                <SequencePoint vc="0" uspid="401" ordinal="0" offset="25" sl="509" sc="5" el="509" ec="5" bec="0" bev="0" fileid="3" />
              </SequencePoints>
              <BranchPoints />
            </Method>
            <Method visited="false" cyclomaticComplexity="0" nPathComplexity="0" sequenceCoverage="0.0" branchCoverage="0" crapScore="0" isConstructor="false" isStatic="false" isGetter="false" isSetter="false">
              <Summary numSequencePoints="26" visitedSequencePoints="0" numBranchPoints="0" visitedBranchPoints="0" sequenceCoverage="0.0" branchCoverage="0" maxCyclomaticComplexity="0" minCyclomaticComplexity="0" maxCrapScore="0" minCrapScore="0" visitedClasses="0" numClasses="0" visitedMethods="0" numMethods="1" />
              <MetadataToken>100663313</MetadataToken>
              <Name>System.Void Controller::PasteSettings()</Name>
              <FileRef uid="3" />
              <SequencePoints>
                <SequencePoint vc="0" uspid="402" ordinal="0" offset="0" sl="513" sc="0" el="513" ec="0" bec="0" bev="0" fileid="3" />
                <SequencePoint vc="0" uspid="403" ordinal="0" offset="1" sl="515" sc="0" el="515" ec="0" bec="0" bev="0" fileid="3" />
                <SequencePoint vc="0" uspid="404" ordinal="0" offset="89" sl="517" sc="0" el="517" ec="0" bec="0" bev="0" fileid="3" />
                <SequencePoint vc="0" uspid="405" ordinal="0" offset="146" sl="519" sc="0" el="519" ec="0" bec="0" bev="0" fileid="3" />
                <SequencePoint vc="0" uspid="406" ordinal="0" offset="152" sl="521" sc="0" el="521" ec="0" bec="0" bev="0" fileid="3" />
                <SequencePoint vc="0" uspid="407" ordinal="0" offset="158" sl="523" sc="0" el="523" ec="0" bec="0" bev="0" fileid="3" />
                <SequencePoint vc="0" uspid="408" ordinal="0" offset="163" sl="524" sc="0" el="524" ec="0" bec="0" bev="0" fileid="3" />
                <SequencePoint vc="0" uspid="409" ordinal="0" offset="164" sl="525" sc="0" el="525" ec="0" bec="0" bev="0" fileid="3" />
                <SequencePoint vc="0" uspid="410" ordinal="0" offset="181" sl="526" sc="0" el="526" ec="0" bec="0" bev="0" fileid="3" />
                <SequencePoint vc="0" uspid="411" ordinal="0" offset="182" sl="527" sc="0" el="527" ec="0" bec="0" bev="0" fileid="3" />
                <SequencePoint vc="0" uspid="412" ordinal="0" offset="204" sl="528" sc="0" el="528" ec="0" bec="0" bev="0" fileid="3" />
                <SequencePoint vc="0" uspid="413" ordinal="0" offset="205" sl="529" sc="0" el="529" ec="0" bec="0" bev="0" fileid="3" />
                <SequencePoint vc="0" uspid="414" ordinal="0" offset="221" sl="530" sc="0" el="530" ec="0" bec="0" bev="0" fileid="3" />
                <SequencePoint vc="0" uspid="415" ordinal="0" offset="267" sl="531" sc="0" el="531" ec="0" bec="0" bev="0" fileid="3" />
                <SequencePoint vc="0" uspid="416" ordinal="0" offset="268" sl="532" sc="0" el="532" ec="0" bec="0" bev="0" fileid="3" />
                <SequencePoint vc="0" uspid="417" ordinal="0" offset="269" sl="533" sc="0" el="533" ec="0" bec="0" bev="0" fileid="3" />
                <SequencePoint vc="0" uspid="418" ordinal="0" offset="270" sl="523" sc="0" el="523" ec="0" bec="0" bev="0" fileid="3" />
                <SequencePoint vc="0" uspid="419" ordinal="0" offset="276" sl="523" sc="0" el="523" ec="0" bec="0" bev="0" fileid="3" />
                <SequencePoint vc="0" uspid="420" ordinal="0" offset="288" sl="535" sc="0" el="535" ec="0" bec="0" bev="0" fileid="3" />
                <SequencePoint vc="0" uspid="421" ordinal="0" offset="370" sl="537" sc="0" el="537" ec="0" bec="0" bev="0" fileid="3" />
                <SequencePoint vc="0" uspid="422" ordinal="0" offset="397" sl="538" sc="0" el="538" ec="0" bec="0" bev="0" fileid="3" />
                <SequencePoint vc="0" uspid="423" ordinal="0" offset="398" sl="539" sc="0" el="539" ec="0" bec="0" bev="0" fileid="3" />
                <SequencePoint vc="0" uspid="424" ordinal="0" offset="426" sl="540" sc="0" el="540" ec="0" bec="0" bev="0" fileid="3" />
                <SequencePoint vc="0" uspid="425" ordinal="0" offset="427" sl="542" sc="0" el="542" ec="0" bec="0" bev="0" fileid="3" />
                <SequencePoint vc="0" uspid="426" ordinal="0" offset="523" sl="544" sc="0" el="544" ec="0" bec="0" bev="0" fileid="3" />
                <SequencePoint vc="0" uspid="427" ordinal="0" offset="530" sl="545" sc="0" el="545" ec="0" bec="0" bev="0" fileid="3" />
              </SequencePoints>
              <BranchPoints />
            </Method>
            <Method visited="false" cyclomaticComplexity="0" nPathComplexity="0" sequenceCoverage="0.0" branchCoverage="0" crapScore="0" isConstructor="false" isStatic="false" isGetter="false" isSetter="false">
              <Summary numSequencePoints="3" visitedSequencePoints="0" numBranchPoints="0" visitedBranchPoints="0" sequenceCoverage="0.0" branchCoverage="0" maxCyclomaticComplexity="0" minCyclomaticComplexity="0" maxCrapScore="0" minCrapScore="0" visitedClasses="0" numClasses="0" visitedMethods="0" numMethods="1" />
              <MetadataToken>100663314</MetadataToken>
              <Name>System.Void Controller::ChangeLRotorSetting()</Name>
              <FileRef uid="3" />
              <SequencePoints>
                <SequencePoint vc="0" uspid="428" ordinal="0" offset="0" sl="549" sc="5" el="549" ec="5" bec="0" bev="0" fileid="3" />
                <SequencePoint vc="0" uspid="429" ordinal="0" offset="1" sl="550" sc="9" el="550" ec="9" bec="0" bev="0" fileid="3" />
                <SequencePoint vc="0" uspid="430" ordinal="0" offset="9" sl="551" sc="5" el="551" ec="5" bec="0" bev="0" fileid="3" />
              </SequencePoints>
              <BranchPoints />
            </Method>
            <Method visited="false" cyclomaticComplexity="0" nPathComplexity="0" sequenceCoverage="0.0" branchCoverage="0" crapScore="0" isConstructor="false" isStatic="false" isGetter="false" isSetter="false">
              <Summary numSequencePoints="3" visitedSequencePoints="0" numBranchPoints="0" visitedBranchPoints="0" sequenceCoverage="0.0" branchCoverage="0" maxCyclomaticComplexity="0" minCyclomaticComplexity="0" maxCrapScore="0" minCrapScore="0" visitedClasses="0" numClasses="0" visitedMethods="0" numMethods="1" />
              <MetadataToken>100663315</MetadataToken>
              <Name>System.Void Controller::ChangeMRotorSetting()</Name>
              <FileRef uid="3" />
[...]
                <SequencePoint vc="0" uspid="608" ordinal="0" offset="43" sl="40" sc="9" el="40" ec="9" bec="0" bev="0" fileid="6" />
                <SequencePoint vc="0" uspid="609" ordinal="0" offset="59" sl="42" sc="9" el="42" ec="9" bec="0" bev="0" fileid="6" />
                <SequencePoint vc="0" uspid="610" ordinal="0" offset="63" sl="43" sc="5" el="43" ec="5" bec="0" bev="0" fileid="6" />
              </SequencePoints>
              <BranchPoints />
            </Method>
            <Method visited="false" cyclomaticComplexity="0" nPathComplexity="0" sequenceCoverage="0.0" branchCoverage="0" crapScore="0" isConstructor="false" isStatic="false" isGetter="false" isSetter="false">
              <Summary numSequencePoints="8" visitedSequencePoints="0" numBranchPoints="0" visitedBranchPoints="0" sequenceCoverage="0.0" branchCoverage="0" maxCyclomaticComplexity="0" minCyclomaticComplexity="0" maxCrapScore="0" minCrapScore="0" visitedClasses="0" numClasses="0" visitedMethods="0" numMethods="1" />
              <MetadataToken>100663334</MetadataToken>
              <Name>System.Boolean Rotor::Advance()</Name>
              <FileRef uid="6" />
              <SequencePoints>
                <SequencePoint vc="0" uspid="611" ordinal="0" offset="0" sl="46" sc="5" el="46" ec="5" bec="0" bev="0" fileid="6" />
                <SequencePoint vc="0" uspid="612" ordinal="0" offset="1" sl="48" sc="9" el="48" ec="9" bec="0" bev="0" fileid="6" />
                <SequencePoint vc="0" uspid="613" ordinal="0" offset="22" sl="52" sc="9" el="52" ec="9" bec="0" bev="0" fileid="6" />
                <SequencePoint vc="0" uspid="614" ordinal="0" offset="37" sl="53" sc="9" el="53" ec="9" bec="0" bev="0" fileid="6" />
                <SequencePoint vc="0" uspid="615" ordinal="0" offset="38" sl="54" sc="13" el="54" ec="13" bec="0" bev="0" fileid="6" />
                <SequencePoint vc="0" uspid="616" ordinal="0" offset="56" sl="55" sc="9" el="55" ec="9" bec="0" bev="0" fileid="6" />
                <SequencePoint vc="0" uspid="617" ordinal="0" offset="57" sl="58" sc="9" el="58" ec="9" bec="0" bev="0" fileid="6" />
                <SequencePoint vc="0" uspid="618" ordinal="0" offset="77" sl="59" sc="5" el="59" ec="5" bec="0" bev="0" fileid="6" />
              </SequencePoints>
              <BranchPoints />
            </Method>
            <Method visited="false" cyclomaticComplexity="0" nPathComplexity="0" sequenceCoverage="0.0" branchCoverage="0" crapScore="0" isConstructor="false" isStatic="false" isGetter="false" isSetter="false">
              <Summary numSequencePoints="3" visitedSequencePoints="0" numBranchPoints="0" visitedBranchPoints="0" sequenceCoverage="0.0" branchCoverage="0" maxCyclomaticComplexity="0" minCyclomaticComplexity="0" maxCrapScore="0" minCrapScore="0" visitedClasses="0" numClasses="0" visitedMethods="0" numMethods="1" />
              <MetadataToken>100663335</MetadataToken>
              <Name>System.Int32 Rotor::GetPosition()</Name>
              <FileRef uid="6" />
              <SequencePoints>
                <SequencePoint vc="0" uspid="619" ordinal="0" offset="0" sl="63" sc="5" el="63" ec="5" bec="0" bev="0" fileid="6" />
                <SequencePoint vc="0" uspid="620" ordinal="0" offset="1" sl="64" sc="9" el="64" ec="9" bec="0" bev="0" fileid="6" />
                <SequencePoint vc="0" uspid="621" ordinal="0" offset="10" sl="65" sc="5" el="65" ec="5" bec="0" bev="0" fileid="6" />
              </SequencePoints>
              <BranchPoints />
            </Method>
            <Method visited="false" cyclomaticComplexity="0" nPathComplexity="0" sequenceCoverage="0.0" branchCoverage="0" crapScore="0" isConstructor="false" isStatic="false" isGetter="false" isSetter="false">
              <Summary numSequencePoints="3" visitedSequencePoints="0" numBranchPoints="0" visitedBranchPoints="0" sequenceCoverage="0.0" branchCoverage="0" maxCyclomaticComplexity="0" minCyclomaticComplexity="0" maxCrapScore="0" minCrapScore="0" visitedClasses="0" numClasses="0" visitedMethods="0" numMethods="1" />
              <MetadataToken>100663336</MetadataToken>
              <Name>System.Int32 Rotor::GetApparentPosition()</Name>
              <FileRef uid="6" />
              <SequencePoints>
                <SequencePoint vc="0" uspid="622" ordinal="0" offset="0" sl="69" sc="5" el="69" ec="5" bec="0" bev="0" fileid="6" />
                <SequencePoint vc="0" uspid="623" ordinal="0" offset="1" sl="70" sc="9" el="70" ec="9" bec="0" bev="0" fileid="6" />
                <SequencePoint vc="0" uspid="624" ordinal="0" offset="24" sl="71" sc="5" el="71" ec="5" bec="0" bev="0" fileid="6" />
              </SequencePoints>
              <BranchPoints />
            </Method>
            <Method visited="false" cyclomaticComplexity="0" nPathComplexity="0" sequenceCoverage="0.0" branchCoverage="0" crapScore="0" isConstructor="false" isStatic="false" isGetter="false" isSetter="false">
              <Summary numSequencePoints="1" visitedSequencePoints="0" numBranchPoints="0" visitedBranchPoints="0" sequenceCoverage="0.0" branchCoverage="0" maxCyclomaticComplexity="0" minCyclomaticComplexity="0" maxCrapScore="0" minCrapScore="0" visitedClasses="0" numClasses="0" visitedMethods="0" numMethods="1" />
              <MetadataToken>100663338</MetadataToken>
              <Name>System.Boolean Rotor::HasTransform()</Name>
              <FileRef uid="6" />
              <SequencePoints>
                <SequencePoint vc="0" uspid="625" ordinal="0" offset="0" sl="83" sc="0" el="83" ec="0" bec="0" bev="0" fileid="6" />
              </SequencePoints>
              <BranchPoints />
            </Method>
            <Method visited="false" cyclomaticComplexity="0" nPathComplexity="0" sequenceCoverage="0.0" branchCoverage="0" crapScore="0" isConstructor="true" isStatic="false" isGetter="false" isSetter="false">
              <Summary numSequencePoints="9" visitedSequencePoints="0" numBranchPoints="0" visitedBranchPoints="0" sequenceCoverage="0.0" branchCoverage="0" maxCyclomaticComplexity="0" minCyclomaticComplexity="0" maxCrapScore="0" minCrapScore="0" visitedClasses="0" numClasses="0" visitedMethods="0" numMethods="1" />
              <MetadataToken>100663332</MetadataToken>
              <Name>Rotor::Rotor(System.Int32[], System.Int32[], UnityEngine.Transform, Controller, System.Int32, System.Int32)</Name>
              <FileRef uid="6" />
              <SequencePoints>
                <SequencePoint vc="0" uspid="626" ordinal="0" offset="0" sl="20" sc="5" el="20" ec="5" bec="0" bev="0" fileid="6" />
                <SequencePoint vc="0" uspid="627" ordinal="0" offset="7" sl="21" sc="5" el="21" ec="5" bec="0" bev="0" fileid="6" />
                <SequencePoint vc="0" uspid="628" ordinal="0" offset="8" sl="22" sc="9" el="22" ec="9" bec="0" bev="0" fileid="6" />
                <SequencePoint vc="0" uspid="629" ordinal="0" offset="15" sl="23" sc="9" el="23" ec="9" bec="0" bev="0" fileid="6" />
                <SequencePoint vc="0" uspid="630" ordinal="0" offset="22" sl="24" sc="9" el="24" ec="9" bec="0" bev="0" fileid="6" />
                <SequencePoint vc="0" uspid="631" ordinal="0" offset="30" sl="25" sc="9" el="25" ec="9" bec="0" bev="0" fileid="6" />
                <SequencePoint vc="0" uspid="632" ordinal="0" offset="38" sl="26" sc="9" el="26" ec="9" bec="0" bev="0" fileid="6" />
                <SequencePoint vc="0" uspid="633" ordinal="0" offset="45" sl="27" sc="9" el="27" ec="9" bec="0" bev="0" fileid="6" />
                <SequencePoint vc="0" uspid="634" ordinal="0" offset="53" sl="28" sc="5" el="28" ec="5" bec="0" bev="0" fileid="6" />
              </SequencePoints>
              <BranchPoints />
            </Method>
            <Method visited="false" cyclomaticComplexity="0" nPathComplexity="0" sequenceCoverage="0.0" branchCoverage="0" crapScore="0" isConstructor="true" isStatic="true" isGetter="false" isSetter="false">
              <Summary numSequencePoints="2" visitedSequencePoints="0" numBranchPoints="0" visitedBranchPoints="0" sequenceCoverage="0.0" branchCoverage="0" maxCyclomaticComplexity="0" minCyclomaticComplexity="0" maxCrapScore="0" minCrapScore="0" visitedClasses="0" numClasses="0" visitedMethods="0" numMethods="1" />
              <MetadataToken>100663339</MetadataToken>
              <Name>static Rotor::Rotor()</Name>
              <FileRef uid="6" />
              <SequencePoints>
                <SequencePoint vc="0" uspid="635" ordinal="0" offset="0" sl="17" sc="5" el="17" ec="5" bec="0" bev="0" fileid="6" />
                <SequencePoint vc="0" uspid="636" ordinal="0" offset="25" sl="18" sc="5" el="18" ec="5" bec="0" bev="0" fileid="6" />
              </SequencePoints>
              <BranchPoints />
            </Method>
          </Methods>
        </Class>
        <Class>
          <Summary numSequencePoints="16" visitedSequencePoints="0" numBranchPoints="0" visitedBranchPoints="0" sequenceCoverage="0.0" branchCoverage="0.0" maxCyclomaticComplexity="0" minCyclomaticComplexity="0" maxCrapScore="0" minCrapScore="0" visitedClasses="0" numClasses="1" visitedMethods="0" numMethods="1" />
          <FullName>CameraController/&lt;FadeCanvases&gt;d__17</FullName>
          <Methods>
            <Method visited="false" cyclomaticComplexity="0" nPathComplexity="0" sequenceCoverage="0.0" branchCoverage="0" crapScore="0" isConstructor="false" isStatic="false" isGetter="false" isSetter="false">
              <Summary numSequencePoints="16" visitedSequencePoints="0" numBranchPoints="0" visitedBranchPoints="0" sequenceCoverage="0.0" branchCoverage="0" maxCyclomaticComplexity="0" minCyclomaticComplexity="0" maxCrapScore="0" minCrapScore="0" visitedClasses="0" numClasses="0" visitedMethods="0" numMethods="1" />
              <MetadataToken>100663344</MetadataToken>
              <Name>System.Boolean CameraController/&lt;FadeCanvases&gt;d__17::MoveNext()</Name>
              <FileRef uid="2" />
              <SequencePoints>
                <SequencePoint vc="0" uspid="637" ordinal="0" offset="45" sl="92" sc="5" el="92" ec="5" bec="0" bev="0" fileid="2" />
                <SequencePoint vc="0" uspid="638" ordinal="0" offset="46" sl="93" sc="14" el="93" ec="14" bec="0" bev="0" fileid="2" />
                <SequencePoint vc="0" uspid="639" ordinal="0" offset="55" sl="94" sc="9" el="94" ec="9" bec="0" bev="0" fileid="2" />
                <SequencePoint vc="0" uspid="640" ordinal="0" offset="56" sl="95" sc="13" el="95" ec="13" bec="0" bev="0" fileid="2" />
                <SequencePoint vc="0" uspid="641" ordinal="0" offset="91" sl="96" sc="13" el="96" ec="13" bec="0" bev="0" fileid="2" />
                <SequencePoint vc="0" uspid="642" ordinal="0" offset="114" sl="97" sc="9" el="97" ec="9" bec="0" bev="0" fileid="2" />
                <SequencePoint vc="0" uspid="643" ordinal="0" offset="115" sl="93" sc="51" el="93" ec="51" bec="0" bev="0" fileid="2" />
                <SequencePoint vc="0" uspid="644" ordinal="0" offset="131" sl="93" sc="25" el="93" ec="25" bec="0" bev="0" fileid="2" />
                <SequencePoint vc="0" uspid="645" ordinal="0" offset="148" sl="98" sc="14" el="98" ec="14" bec="0" bev="0" fileid="2" />
                <SequencePoint vc="0" uspid="646" ordinal="0" offset="157" sl="99" sc="9" el="99" ec="9" bec="0" bev="0" fileid="2" />
                <SequencePoint vc="0" uspid="647" ordinal="0" offset="158" sl="100" sc="13" el="100" ec="13" bec="0" bev="0" fileid="2" />
                <SequencePoint vc="0" uspid="648" ordinal="0" offset="193" sl="101" sc="13" el="101" ec="13" bec="0" bev="0" fileid="2" />
                <SequencePoint vc="0" uspid="649" ordinal="0" offset="216" sl="102" sc="9" el="102" ec="9" bec="0" bev="0" fileid="2" />
                <SequencePoint vc="0" uspid="650" ordinal="0" offset="217" sl="98" sc="51" el="98" ec="51" bec="0" bev="0" fileid="2" />
                <SequencePoint vc="0" uspid="651" ordinal="0" offset="233" sl="98" sc="25" el="98" ec="25" bec="0" bev="0" fileid="2" />
                <SequencePoint vc="0" uspid="652" ordinal="0" offset="250" sl="103" sc="5" el="103" ec="5" bec="0" bev="0" fileid="2" />
              </SequencePoints>
              <BranchPoints />
            </Method>
          </Methods>
        </Class>
        <Class>
          <Summary numSequencePoints="9" visitedSequencePoints="0" numBranchPoints="0" visitedBranchPoints="0" sequenceCoverage="0.0" branchCoverage="0.0" maxCyclomaticComplexity="0" minCyclomaticComplexity="0" maxCrapScore="0" minCrapScore="0" visitedClasses="0" numClasses="1" visitedMethods="0" numMethods="1" />
          <FullName>CameraController/&lt;FadeInSettings&gt;d__18</FullName>
          <Methods>
            <Method visited="false" cyclomaticComplexity="0" nPathComplexity="0" sequenceCoverage="0.0" branchCoverage="0" crapScore="0" isConstructor="false" isStatic="false" isGetter="false" isSetter="false">
              <Summary numSequencePoints="9" visitedSequencePoints="0" numBranchPoints="0" visitedBranchPoints="0" sequenceCoverage="0.0" branchCoverage="0" maxCyclomaticComplexity="0" minCyclomaticComplexity="0" maxCrapScore="0" minCrapScore="0" visitedClasses="0" numClasses="0" visitedMethods="0" numMethods="1" />
              <MetadataToken>100663350</MetadataToken>
              <Name>System.Boolean CameraController/&lt;FadeInSettings&gt;d__18::MoveNext()</Name>
              <FileRef uid="2" />
              <SequencePoints>
                <SequencePoint vc="0" uspid="653" ordinal="0" offset="31" sl="107" sc="5" el="107" ec="5" bec="0" bev="0" fileid="2" />
                <SequencePoint vc="0" uspid="654" ordinal="0" offset="32" sl="108" sc="14" el="108" ec="14" bec="0" bev="0" fileid="2" />
                <SequencePoint vc="0" uspid="655" ordinal="0" offset="41" sl="109" sc="9" el="109" ec="9" bec="0" bev="0" fileid="2" />
                <SequencePoint vc="0" uspid="656" ordinal="0" offset="42" sl="110" sc="13" el="110" ec="13" bec="0" bev="0" fileid="2" />
                <SequencePoint vc="0" uspid="657" ordinal="0" offset="77" sl="111" sc="13" el="111" ec="13" bec="0" bev="0" fileid="2" />
                <SequencePoint vc="0" uspid="658" ordinal="0" offset="100" sl="112" sc="9" el="112" ec="9" bec="0" bev="0" fileid="2" />
                <SequencePoint vc="0" uspid="659" ordinal="0" offset="101" sl="108" sc="54" el="108" ec="54" bec="0" bev="0" fileid="2" />
                <SequencePoint vc="0" uspid="660" ordinal="0" offset="117" sl="108" sc="25" el="108" ec="25" bec="0" bev="0" fileid="2" />
                <SequencePoint vc="0" uspid="661" ordinal="0" offset="134" sl="113" sc="5" el="113" ec="5" bec="0" bev="0" fileid="2" />
              </SequencePoints>
              <BranchPoints />
            </Method>
          </Methods>
        </Class>
        <Class>
          <Summary numSequencePoints="9" visitedSequencePoints="0" numBranchPoints="0" visitedBranchPoints="0" sequenceCoverage="0.0" branchCoverage="0.0" maxCyclomaticComplexity="0" minCyclomaticComplexity="0" maxCrapScore="0" minCrapScore="0" visitedClasses="0" numClasses="1" visitedMethods="0" numMethods="1" />
          <FullName>CameraController/&lt;FadeOutSettings&gt;d__19</FullName>
          <Methods>
            <Method visited="false" cyclomaticComplexity="0" nPathComplexity="0" sequenceCoverage="0.0" branchCoverage="0" crapScore="0" isConstructor="false" isStatic="false" isGetter="false" isSetter="false">
              <Summary numSequencePoints="9" visitedSequencePoints="0" numBranchPoints="0" visitedBranchPoints="0" sequenceCoverage="0.0" branchCoverage="0" maxCyclomaticComplexity="0" minCyclomaticComplexity="0" maxCrapScore="0" minCrapScore="0" visitedClasses="0" numClasses="0" visitedMethods="0" numMethods="1" />
              <MetadataToken>100663356</MetadataToken>
              <Name>System.Boolean CameraController/&lt;FadeOutSettings&gt;d__19::MoveNext()</Name>
              <FileRef uid="2" />
              <SequencePoints>
                <SequencePoint vc="0" uspid="662" ordinal="0" offset="31" sl="117" sc="5" el="117" ec="5" bec="0" bev="0" fileid="2" />
                <SequencePoint vc="0" uspid="663" ordinal="0" offset="32" sl="118" sc="14" el="118" ec="14" bec="0" bev="0" fileid="2" />
                <SequencePoint vc="0" uspid="664" ordinal="0" offset="41" sl="119" sc="9" el="119" ec="9" bec="0" bev="0" fileid="2" />
                <SequencePoint vc="0" uspid="665" ordinal="0" offset="42" sl="120" sc="13" el="120" ec="13" bec="0" bev="0" fileid="2" />
                <SequencePoint vc="0" uspid="666" ordinal="0" offset="77" sl="121" sc="13" el="121" ec="13" bec="0" bev="0" fileid="2" />
                <SequencePoint vc="0" uspid="667" ordinal="0" offset="100" sl="122" sc="9" el="122" ec="9" bec="0" bev="0" fileid="2" />
                <SequencePoint vc="0" uspid="668" ordinal="0" offset="101" sl="118" sc="54" el="118" ec="54" bec="0" bev="0" fileid="2" />
                <SequencePoint vc="0" uspid="669" ordinal="0" offset="117" sl="118" sc="25" el="118" ec="25" bec="0" bev="0" fileid="2" />
                <SequencePoint vc="0" uspid="670" ordinal="0" offset="134" sl="123" sc="5" el="123" ec="5" bec="0" bev="0" fileid="2" />
              </SequencePoints>
              <BranchPoints />
            </Method>
          </Methods>
        </Class>
        <Class>
          <Summary numSequencePoints="9" visitedSequencePoints="0" numBranchPoints="0" visitedBranchPoints="0" sequenceCoverage="0.0" branchCoverage="0.0" maxCyclomaticComplexity="0" minCyclomaticComplexity="0" maxCrapScore="0" minCrapScore="0" visitedClasses="0" numClasses="1" visitedMethods="0" numMethods="1" />
          <FullName>Rotor/&lt;RotateRotor&gt;d__13</FullName>
          <Methods>
            <Method visited="false" cyclomaticComplexity="0" nPathComplexity="0" sequenceCoverage="0.0" branchCoverage="0" crapScore="0" isConstructor="false" isStatic="false" isGetter="false" isSetter="false">
              <Summary numSequencePoints="9" visitedSequencePoints="0" numBranchPoints="0" visitedBranchPoints="0" sequenceCoverage="0.0" branchCoverage="0" maxCyclomaticComplexity="0" minCyclomaticComplexity="0" maxCrapScore="0" minCrapScore="0" visitedClasses="0" numClasses="0" visitedMethods="0" numMethods="1" />
              <MetadataToken>100663362</MetadataToken>
              <Name>System.Boolean Rotor/&lt;RotateRotor&gt;d__13::MoveNext()</Name>
              <FileRef uid="6" />
              <SequencePoints>
                <SequencePoint vc="0" uspid="671" ordinal="0" offset="31" sl="75" sc="5" el="75" ec="5" bec="0" bev="0" fileid="6" />
                <SequencePoint vc="0" uspid="672" ordinal="0" offset="32" sl="76" sc="14" el="76" ec="14" bec="0" bev="0" fileid="6" />
                <SequencePoint vc="0" uspid="673" ordinal="0" offset="41" sl="77" sc="9" el="77" ec="9" bec="0" bev="0" fileid="6" />
                <SequencePoint vc="0" uspid="674" ordinal="0" offset="42" sl="78" sc="13" el="78" ec="13" bec="0" bev="0" fileid="6" />
                <SequencePoint vc="0" uspid="675" ordinal="0" offset="75" sl="79" sc="13" el="79" ec="13" bec="0" bev="0" fileid="6" />
                <SequencePoint vc="0" uspid="676" ordinal="0" offset="98" sl="80" sc="9" el="80" ec="9" bec="0" bev="0" fileid="6" />
                <SequencePoint vc="0" uspid="677" ordinal="0" offset="99" sl="76" sc="50" el="76" ec="50" bec="0" bev="0" fileid="6" />
                <SequencePoint vc="0" uspid="678" ordinal="0" offset="115" sl="76" sc="25" el="76" ec="25" bec="0" bev="0" fileid="6" />
                <SequencePoint vc="0" uspid="679" ordinal="0" offset="132" sl="81" sc="5" el="81" ec="5" bec="0" bev="0" fileid="6" />
              </SequencePoints>
              <BranchPoints />
            </Method>
          </Methods>
        </Class>
      </Classes>
    </Module>
  </Modules>
</CoverageSession>