<?xml version="1.0" encoding="utf-8"?>
<CoverageSession xmlns:xsd="http://www.w3.org/2001/XMLSchema" xmlns:xsi="http://www.w3.org/2001/XMLSchema-instance" Version="0.0.0.0">
  <Summary numSequencePoints="185" visitedSequencePoints="182" numBranchPoints="0" visitedBranchPoints="0" sequenceCoverage="98.38" branchCoverage="0.0" maxCyclomaticComplexity="0" minCyclomaticComplexity="0" maxCrapScore="0" minCrapScore="0" visitedClasses="4" numClasses="4" visitedMethods="17" numMethods="17" />
  <Modules>
    <Module>
      <Summary numSequencePoints="96" visitedSequencePoints="96" numBranchPoints="0" visitedBranchPoints="0" sequenceCoverage="100.0" branchCoverage="0.0" maxCyclomaticComplexity="0" minCyclomaticComplexity="0" maxCrapScore="0" minCrapScore="0" visitedClasses="1" numClasses="1" visitedMethods="6" numMethods="6" />
      <ModuleTime>0001-01-01T00:00:00</ModuleTime>
      <ModuleName>Tests</ModuleName>
      <Files>
        <File uid="1" fullPath="C:/Users/BOB-F/git/enigma/Enigma/Assets/Tests/TestEnigmaFunctionality.cs" />
      </Files>
      <Classes>
        <Class>
          <Summary numSequencePoints="96" visitedSequencePoints="96" numBranchPoints="0" visitedBranchPoints="0" sequenceCoverage="100.0" branchCoverage="0.0" maxCyclomaticComplexity="0" minCyclomaticComplexity="0" maxCrapScore="0" minCrapScore="0" visitedClasses="1" numClasses="1" visitedMethods="6" numMethods="6" />
          <FullName>TestEnigmaFunctionality</FullName>
          <Methods>
            <Method visited="true" cyclomaticComplexity="0" nPathComplexity="0" sequenceCoverage="100.0" branchCoverage="0" crapScore="0" isConstructor="false" isStatic="false" isGetter="false" isSetter="false">
              <Summary numSequencePoints="15" visitedSequencePoints="15" numBranchPoints="0" visitedBranchPoints="0" sequenceCoverage="100.0" branchCoverage="0" maxCyclomaticComplexity="0" minCyclomaticComplexity="0" maxCrapScore="0" minCrapScore="0" visitedClasses="0" numClasses="0" visitedMethods="1" numMethods="1" />
              <MetadataToken>100663297</MetadataToken>
              <Name>System.Void TestEnigmaFunctionality::TestRotorIsolatedBehaviour()</Name>
              <FileRef uid="1" />
              <SequencePoints>
                <SequencePoint vc="1" uspid="268" ordinal="0" offset="0" sl="103" sc="5" el="103" ec="5" bec="0" bev="0" fileid="1" />
                <SequencePoint vc="1" uspid="269" ordinal="0" offset="1" sl="106" sc="14" el="106" ec="14" bec="0" bev="0" fileid="1" />
                <SequencePoint vc="8" uspid="270" ordinal="0" offset="5" sl="107" sc="9" el="107" ec="9" bec="0" bev="0" fileid="1" />
                <SequencePoint vc="8" uspid="271" ordinal="0" offset="6" sl="109" sc="13" el="109" ec="13" bec="0" bev="0" fileid="1" />
                <SequencePoint vc="8" uspid="272" ordinal="0" offset="29" sl="110" sc="18" el="110" ec="18" bec="0" bev="0" fileid="1" />
                <SequencePoint vc="208" uspid="273" ordinal="0" offset="33" sl="111" sc="13" el="111" ec="13" bec="0" bev="0" fileid="1" />
                <SequencePoint vc="208" uspid="274" ordinal="0" offset="34" sl="114" sc="17" el="114" ec="17" bec="0" bev="0" fileid="1" />
                <SequencePoint vc="208" uspid="275" ordinal="0" offset="67" sl="115" sc="17" el="115" ec="17" bec="0" bev="0" fileid="1" />
                <SequencePoint vc="208" uspid="276" ordinal="0" offset="104" sl="116" sc="13" el="116" ec="13" bec="0" bev="0" fileid="1" />
                <SequencePoint vc="208" uspid="277" ordinal="0" offset="105" sl="110" sc="37" el="110" ec="37" bec="0" bev="0" fileid="1" />
                <SequencePoint vc="216" uspid="278" ordinal="0" offset="109" sl="110" sc="29" el="110" ec="29" bec="0" bev="0" fileid="1" />
                <SequencePoint vc="8" uspid="279" ordinal="0" offset="118" sl="117" sc="9" el="117" ec="9" bec="0" bev="0" fileid="1" />
                <SequencePoint vc="8" uspid="280" ordinal="0" offset="119" sl="106" sc="44" el="106" ec="44" bec="0" bev="0" fileid="1" />
                <SequencePoint vc="9" uspid="281" ordinal="0" offset="123" sl="106" sc="25" el="106" ec="25" bec="0" bev="0" fileid="1" />
                <SequencePoint vc="1" uspid="282" ordinal="0" offset="142" sl="118" sc="5" el="118" ec="5" bec="0" bev="0" fileid="1" />
              </SequencePoints>
              <BranchPoints />
            </Method>
            <Method visited="true" cyclomaticComplexity="0" nPathComplexity="0" sequenceCoverage="100.0" branchCoverage="0" crapScore="0" isConstructor="false" isStatic="false" isGetter="false" isSetter="false">
              <Summary numSequencePoints="14" visitedSequencePoints="14" numBranchPoints="0" visitedBranchPoints="0" sequenceCoverage="100.0" branchCoverage="0" maxCyclomaticComplexity="0" minCyclomaticComplexity="0" maxCrapScore="0" minCrapScore="0" visitedClasses="0" numClasses="0" visitedMethods="1" numMethods="1" />
              <MetadataToken>100663298</MetadataToken>
              <Name>System.Void TestEnigmaFunctionality::TestStandardSteppingBehaviour()</Name>
              <FileRef uid="1" />
              <SequencePoints>
                <SequencePoint vc="1" uspid="283" ordinal="0" offset="0" sl="122" sc="5" el="122" ec="5" bec="0" bev="0" fileid="1" />
                <SequencePoint vc="1" uspid="284" ordinal="0" offset="1" sl="125" sc="9" el="125" ec="9" bec="0" bev="0" fileid="1" />
                <SequencePoint vc="1" uspid="285" ordinal="0" offset="24" sl="126" sc="9" el="126" ec="9" bec="0" bev="0" fileid="1" />
                <SequencePoint vc="1" uspid="286" ordinal="0" offset="47" sl="127" sc="9" el="127" ec="9" bec="0" bev="0" fileid="1" />
                <SequencePoint vc="1" uspid="287" ordinal="0" offset="70" sl="128" sc="9" el="128" ec="9" bec="0" bev="0" fileid="1" />
                <SequencePoint vc="1" uspid="288" ordinal="0" offset="100" sl="129" sc="9" el="129" ec="9" bec="0" bev="0" fileid="1" />
                <SequencePoint vc="1" uspid="289" ordinal="0" offset="119" sl="130" sc="9" el="130" ec="9" bec="0" bev="0" fileid="1" />
                <SequencePoint vc="1" uspid="290" ordinal="0" offset="138" sl="132" sc="14" el="132" ec="14" bec="0" bev="0" fileid="1" />
                <SequencePoint vc="5" uspid="291" ordinal="0" offset="143" sl="132" sc="34" el="132" ec="34" bec="0" bev="0" fileid="1" />
                <SequencePoint vc="5" uspid="292" ordinal="0" offset="144" sl="133" sc="13" el="133" ec="13" bec="0" bev="0" fileid="1" />
                <SequencePoint vc="5" uspid="293" ordinal="0" offset="176" sl="134" sc="9" el="134" ec="9" bec="0" bev="0" fileid="1" />
                <SequencePoint vc="5" uspid="294" ordinal="0" offset="177" sl="132" sc="30" el="132" ec="30" bec="0" bev="0" fileid="1" />
                <SequencePoint vc="6" uspid="295" ordinal="0" offset="183" sl="132" sc="23" el="132" ec="23" bec="0" bev="0" fileid="1" />
                <SequencePoint vc="1" uspid="296" ordinal="0" offset="194" sl="135" sc="5" el="135" ec="5" bec="0" bev="0" fileid="1" />
              </SequencePoints>
              <BranchPoints />
            </Method>
            <Method visited="true" cyclomaticComplexity="0" nPathComplexity="0" sequenceCoverage="100.0" branchCoverage="0" crapScore="0" isConstructor="false" isStatic="false" isGetter="false" isSetter="false">
              <Summary numSequencePoints="15" visitedSequencePoints="15" numBranchPoints="0" visitedBranchPoints="0" sequenceCoverage="100.0" branchCoverage="0" maxCyclomaticComplexity="0" minCyclomaticComplexity="0" maxCrapScore="0" minCrapScore="0" visitedClasses="0" numClasses="0" visitedMethods="1" numMethods="1" />
              <MetadataToken>100663299</MetadataToken>
              <Name>System.Void TestEnigmaFunctionality::TestZToA()</Name>
              <FileRef uid="1" />
              <SequencePoints>
                <SequencePoint vc="1" uspid="297" ordinal="0" offset="0" sl="139" sc="5" el="139" ec="5" bec="0" bev="0" fileid="1" />
                <SequencePoint vc="1" uspid="298" ordinal="0" offset="1" sl="142" sc="9" el="142" ec="9" bec="0" bev="0" fileid="1" />
                <SequencePoint vc="1" uspid="299" ordinal="0" offset="24" sl="143" sc="9" el="143" ec="9" bec="0" bev="0" fileid="1" />
                <SequencePoint vc="1" uspid="300" ordinal="0" offset="47" sl="144" sc="9" el="144" ec="9" bec="0" bev="0" fileid="1" />
                <SequencePoint vc="1" uspid="301" ordinal="0" offset="71" sl="145" sc="9" el="145" ec="9" bec="0" bev="0" fileid="1" />
                <SequencePoint vc="1" uspid="302" ordinal="0" offset="101" sl="146" sc="9" el="146" ec="9" bec="0" bev="0" fileid="1" />
                <SequencePoint vc="1" uspid="303" ordinal="0" offset="120" sl="147" sc="9" el="147" ec="9" bec="0" bev="0" fileid="1" />
                <SequencePoint vc="1" uspid="304" ordinal="0" offset="139" sl="149" sc="14" el="149" ec="14" bec="0" bev="0" fileid="1" />
                <SequencePoint vc="5" uspid="305" ordinal="0" offset="144" sl="150" sc="9" el="150" ec="9" bec="0" bev="0" fileid="1" />
                <SequencePoint vc="5" uspid="306" ordinal="0" offset="145" sl="151" sc="13" el="151" ec="13" bec="0" bev="0" fileid="1" />
                <SequencePoint vc="5" uspid="307" ordinal="0" offset="177" sl="152" sc="9" el="152" ec="9" bec="0" bev="0" fileid="1" />
                <SequencePoint vc="5" uspid="308" ordinal="0" offset="178" sl="149" sc="32" el="149" ec="32" bec="0" bev="0" fileid="1" />
                <SequencePoint vc="6" uspid="309" ordinal="0" offset="184" sl="149" sc="25" el="149" ec="25" bec="0" bev="0" fileid="1" />
                <SequencePoint vc="1" uspid="310" ordinal="0" offset="195" sl="154" sc="9" el="154" ec="9" bec="0" bev="0" fileid="1" />
                <SequencePoint vc="1" uspid="311" ordinal="0" offset="219" sl="155" sc="5" el="155" ec="5" bec="0" bev="0" fileid="1" />
              </SequencePoints>
              <BranchPoints />
            </Method>
            <Method visited="true" cyclomaticComplexity="0" nPathComplexity="0" sequenceCoverage="100.0" branchCoverage="0" crapScore="0" isConstructor="false" isStatic="false" isGetter="false" isSetter="false">
              <Summary numSequencePoints="16" visitedSequencePoints="16" numBranchPoints="0" visitedBranchPoints="0" sequenceCoverage="100.0" branchCoverage="0" maxCyclomaticComplexity="0" minCyclomaticComplexity="0" maxCrapScore="0" minCrapScore="0" visitedClasses="0" numClasses="0" visitedMethods="1" numMethods="1" />
              <MetadataToken>100663300</MetadataToken>
              <Name>System.Void TestEnigmaFunctionality::TestmRotorTurnover()</Name>
              <FileRef uid="1" />
              <SequencePoints>
                <SequencePoint vc="1" uspid="312" ordinal="0" offset="0" sl="159" sc="5" el="159" ec="5" bec="0" bev="0" fileid="1" />
                <SequencePoint vc="1" uspid="313" ordinal="0" offset="1" sl="162" sc="9" el="162" ec="9" bec="0" bev="0" fileid="1" />
                <SequencePoint vc="1" uspid="314" ordinal="0" offset="24" sl="163" sc="9" el="163" ec="9" bec="0" bev="0" fileid="1" />
                <SequencePoint vc="1" uspid="315" ordinal="0" offset="47" sl="164" sc="9" el="164" ec="9" bec="0" bev="0" fileid="1" />
                <SequencePoint vc="1" uspid="316" ordinal="0" offset="71" sl="165" sc="9" el="165" ec="9" bec="0" bev="0" fileid="1" />
                <SequencePoint vc="1" uspid="317" ordinal="0" offset="101" sl="166" sc="9" el="166" ec="9" bec="0" bev="0" fileid="1" />
                <SequencePoint vc="1" uspid="318" ordinal="0" offset="125" sl="167" sc="9" el="167" ec="9" bec="0" bev="0" fileid="1" />
                <SequencePoint vc="1" uspid="319" ordinal="0" offset="144" sl="168" sc="9" el="168" ec="9" bec="0" bev="0" fileid="1" />
                <SequencePoint vc="1" uspid="320" ordinal="0" offset="163" sl="170" sc="14" el="170" ec="14" bec="0" bev="0" fileid="1" />
                <SequencePoint vc="5" uspid="321" ordinal="0" offset="168" sl="171" sc="9" el="171" ec="9" bec="0" bev="0" fileid="1" />
                <SequencePoint vc="5" uspid="322" ordinal="0" offset="169" sl="172" sc="13" el="172" ec="13" bec="0" bev="0" fileid="1" />
                <SequencePoint vc="5" uspid="323" ordinal="0" offset="201" sl="173" sc="13" el="173" ec="13" bec="0" bev="0" fileid="1" />
                <SequencePoint vc="5" uspid="324" ordinal="0" offset="233" sl="174" sc="9" el="174" ec="9" bec="0" bev="0" fileid="1" />
                <SequencePoint vc="5" uspid="325" ordinal="0" offset="234" sl="170" sc="32" el="170" ec="32" bec="0" bev="0" fileid="1" />
                <SequencePoint vc="6" uspid="326" ordinal="0" offset="240" sl="170" sc="25" el="170" ec="25" bec="0" bev="0" fileid="1" />
                <SequencePoint vc="1" uspid="327" ordinal="0" offset="251" sl="175" sc="5" el="175" ec="5" bec="0" bev="0" fileid="1" />
              </SequencePoints>
              <BranchPoints />
            </Method>
            <Method visited="true" cyclomaticComplexity="0" nPathComplexity="0" sequenceCoverage="100.0" branchCoverage="0" crapScore="0" isConstructor="false" isStatic="false" isGetter="false" isSetter="false">
              <Summary numSequencePoints="32" visitedSequencePoints="32" numBranchPoints="0" visitedBranchPoints="0" sequenceCoverage="100.0" branchCoverage="0" maxCyclomaticComplexity="0" minCyclomaticComplexity="0" maxCrapScore="0" minCrapScore="0" visitedClasses="0" numClasses="0" visitedMethods="1" numMethods="1" />
              <MetadataToken>100663301</MetadataToken>
              <Name>System.Void TestEnigmaFunctionality::TestlRotorTurnover()</Name>
              <FileRef uid="1" />
              <SequencePoints>
                <SequencePoint vc="1" uspid="328" ordinal="0" offset="0" sl="179" sc="5" el="179" ec="5" bec="0" bev="0" fileid="1" />
                <SequencePoint vc="1" uspid="329" ordinal="0" offset="1" sl="187" sc="9" el="187" ec="9" bec="0" bev="0" fileid="1" />
                <SequencePoint vc="1" uspid="330" ordinal="0" offset="24" sl="188" sc="9" el="188" ec="9" bec="0" bev="0" fileid="1" />
                <SequencePoint vc="1" uspid="331" ordinal="0" offset="47" sl="189" sc="9" el="189" ec="9" bec="0" bev="0" fileid="1" />
                <SequencePoint vc="1" uspid="332" ordinal="0" offset="71" sl="190" sc="9" el="190" ec="9" bec="0" bev="0" fileid="1" />
                <SequencePoint vc="1" uspid="333" ordinal="0" offset="101" sl="191" sc="9" el="191" ec="9" bec="0" bev="0" fileid="1" />
                <SequencePoint vc="1" uspid="334" ordinal="0" offset="125" sl="192" sc="9" el="192" ec="9" bec="0" bev="0" fileid="1" />
                <SequencePoint vc="1" uspid="335" ordinal="0" offset="149" sl="193" sc="9" el="193" ec="9" bec="0" bev="0" fileid="1" />
                <SequencePoint vc="1" uspid="336" ordinal="0" offset="168" sl="194" sc="9" el="194" ec="9" bec="0" bev="0" fileid="1" />
                <SequencePoint vc="1" uspid="337" ordinal="0" offset="187" sl="195" sc="14" el="195" ec="14" bec="0" bev="0" fileid="1" />
                <SequencePoint vc="5" uspid="338" ordinal="0" offset="195" sl="196" sc="9" el="196" ec="9" bec="0" bev="0" fileid="1" />
                <SequencePoint vc="5" uspid="339" ordinal="0" offset="196" sl="197" sc="13" el="197" ec="13" bec="0" bev="0" fileid="1" />
                <SequencePoint vc="5" uspid="340" ordinal="0" offset="228" sl="198" sc="13" el="198" ec="13" bec="0" bev="0" fileid="1" />
                <SequencePoint vc="2" uspid="341" ordinal="0" offset="239" sl="199" sc="13" el="199" ec="13" bec="0" bev="0" fileid="1" />
                <SequencePoint vc="2" uspid="342" ordinal="0" offset="240" sl="200" sc="17" el="200" ec="17" bec="0" bev="0" fileid="1" />
                <SequencePoint vc="2" uspid="343" ordinal="0" offset="264" sl="201" sc="13" el="201" ec="13" bec="0" bev="0" fileid="1" />
                <SequencePoint vc="5" uspid="344" ordinal="0" offset="265" sl="202" sc="13" el="202" ec="13" bec="0" bev="0" fileid="1" />
                <SequencePoint vc="1" uspid="345" ordinal="0" offset="276" sl="203" sc="13" el="203" ec="13" bec="0" bev="0" fileid="1" />
                <SequencePoint vc="1" uspid="346" ordinal="0" offset="277" sl="204" sc="17" el="204" ec="17" bec="0" bev="0" fileid="1" />
                <SequencePoint vc="1" uspid="347" ordinal="0" offset="301" sl="205" sc="13" el="205" ec="13" bec="0" bev="0" fileid="1" />
                <SequencePoint vc="5" uspid="348" ordinal="0" offset="302" sl="206" sc="13" el="206" ec="13" bec="0" bev="0" fileid="1" />
                <SequencePoint vc="2" uspid="349" ordinal="0" offset="313" sl="207" sc="13" el="207" ec="13" bec="0" bev="0" fileid="1" />
                <SequencePoint vc="2" uspid="350" ordinal="0" offset="314" sl="208" sc="17" el="208" ec="17" bec="0" bev="0" fileid="1" />
                <SequencePoint vc="2" uspid="351" ordinal="0" offset="338" sl="209" sc="17" el="209" ec="17" bec="0" bev="0" fileid="1" />
                <SequencePoint vc="2" uspid="352" ordinal="0" offset="362" sl="210" sc="13" el="210" ec="13" bec="0" bev="0" fileid="1" />
                <SequencePoint vc="3" uspid="353" ordinal="0" offset="365" sl="212" sc="13" el="212" ec="13" bec="0" bev="0" fileid="1" />
                <SequencePoint vc="3" uspid="354" ordinal="0" offset="366" sl="213" sc="17" el="213" ec="17" bec="0" bev="0" fileid="1" />
                <SequencePoint vc="3" uspid="355" ordinal="0" offset="390" sl="214" sc="13" el="214" ec="13" bec="0" bev="0" fileid="1" />
                <SequencePoint vc="5" uspid="356" ordinal="0" offset="391" sl="215" sc="9" el="215" ec="9" bec="0" bev="0" fileid="1" />
                <SequencePoint vc="5" uspid="357" ordinal="0" offset="392" sl="195" sc="32" el="195" ec="32" bec="0" bev="0" fileid="1" />
                <SequencePoint vc="6" uspid="358" ordinal="0" offset="398" sl="195" sc="25" el="195" ec="25" bec="0" bev="0" fileid="1" />
                <SequencePoint vc="1" uspid="359" ordinal="0" offset="412" sl="216" sc="5" el="216" ec="5" bec="0" bev="0" fileid="1" />
              </SequencePoints>
              <BranchPoints />
            </Method>
            <Method visited="true" cyclomaticComplexity="0" nPathComplexity="0" sequenceCoverage="100.0" branchCoverage="0" crapScore="0" isConstructor="true" isStatic="true" isGetter="false" isSetter="false">
              <Summary numSequencePoints="4" visitedSequencePoints="4" numBranchPoints="0" visitedBranchPoints="0" sequenceCoverage="100.0" branchCoverage="0" maxCyclomaticComplexity="0" minCyclomaticComplexity="0" maxCrapScore="0" minCrapScore="0" visitedClasses="0" numClasses="0" visitedMethods="1" numMethods="1" />
              <MetadataToken>100663303</MetadataToken>
              <Name>static TestEnigmaFunctionality::TestEnigmaFunctionality()</Name>
              <FileRef uid="1" />
              <SequencePoints>
                <SequencePoint vc="1" uspid="360" ordinal="0" offset="0" sl="11" sc="5" el="11" ec="5" bec="0" bev="0" fileid="1" />
                <SequencePoint vc="1" uspid="361" ordinal="0" offset="179" sl="23" sc="5" el="23" ec="5" bec="0" bev="0" fileid="1" />
                <SequencePoint vc="1" uspid="362" ordinal="0" offset="316" sl="35" sc="5" el="35" ec="5" bec="0" bev="0" fileid="1" />
                <SequencePoint vc="1" uspid="363" ordinal="0" offset="369" sl="41" sc="5" el="41" ec="5" bec="0" bev="0" fileid="1" />
              </SequencePoints>
              <BranchPoints />
            </Method>
          </Methods>
        </Class>
      </Classes>
    </Module>
    <Module>
      <Summary numSequencePoints="89" visitedSequencePoints="86" numBranchPoints="0" visitedBranchPoints="0" sequenceCoverage="96.63" branchCoverage="0.0" maxCyclomaticComplexity="0" minCyclomaticComplexity="0" maxCrapScore="0" minCrapScore="0" visitedClasses="3" numClasses="3" visitedMethods="11" numMethods="11" />
      <ModuleTime>0001-01-01T00:00:00</ModuleTime>
      <ModuleName>EnigmaClassesAssembly</ModuleName>
      <Files>
        <File uid="2" fullPath="C:/Users/BOB-F/git/enigma/Enigma/Assets/Classes/Controller.cs" />
        <File uid="3" fullPath="C:/Users/BOB-F/git/enigma/Enigma/Assets/Classes/EnigmaM3.cs" />
        <File uid="4" fullPath="C:/Users/BOB-F/git/enigma/Enigma/Assets/Classes/Rotor.cs" />
      </Files>
      <Classes>
        <Class>
          <Summary numSequencePoints="12" visitedSequencePoints="12" numBranchPoints="0" visitedBranchPoints="0" sequenceCoverage="100.0" branchCoverage="0.0" maxCyclomaticComplexity="0" minCyclomaticComplexity="0" maxCrapScore="0" minCrapScore="0" visitedClasses="1" numClasses="1" visitedMethods="1" numMethods="1" />
          <FullName>Controller</FullName>
          <Methods>
            <Method visited="true" cyclomaticComplexity="0" nPathComplexity="0" sequenceCoverage="100.0" branchCoverage="0" crapScore="0" isConstructor="true" isStatic="false" isGetter="false" isSetter="false">
              <Summary numSequencePoints="12" visitedSequencePoints="12" numBranchPoints="0" visitedBranchPoints="0" sequenceCoverage="100.0" branchCoverage="0" maxCyclomaticComplexity="0" minCyclomaticComplexity="0" maxCrapScore="0" minCrapScore="0" visitedClasses="0" numClasses="0" visitedMethods="1" numMethods="1" />
              <MetadataToken>100663300</MetadataToken>
              <Name>Controller::Controller()</Name>
              <FileRef uid="2" />
              <SequencePoints>
                <SequencePoint vc="1" uspid="440" ordinal="0" offset="0" sl="11" sc="5" el="11" ec="5" bec="0" bev="0" fileid="2" />
                <SequencePoint vc="1" uspid="441" ordinal="0" offset="7" sl="15" sc="22" el="15" ec="22" bec="0" bev="0" fileid="2" />
                <SequencePoint vc="1" uspid="442" ordinal="0" offset="14" sl="16" sc="22" el="16" ec="22" bec="0" bev="0" fileid="2" />
                <SequencePoint vc="1" uspid="443" ordinal="0" offset="21" sl="17" sc="22" el="17" ec="22" bec="0" bev="0" fileid="2" />
                <SequencePoint vc="1" uspid="444" ordinal="0" offset="28" sl="19" sc="22" el="19" ec="22" bec="0" bev="0" fileid="2" />
                <SequencePoint vc="1" uspid="445" ordinal="0" offset="35" sl="20" sc="22" el="20" ec="22" bec="0" bev="0" fileid="2" />
                <SequencePoint vc="1" uspid="446" ordinal="0" offset="42" sl="21" sc="22" el="21" ec="22" bec="0" bev="0" fileid="2" />
                <SequencePoint vc="1" uspid="447" ordinal="0" offset="49" sl="23" sc="22" el="23" ec="22" bec="0" bev="0" fileid="2" />
                <SequencePoint vc="1" uspid="448" ordinal="0" offset="56" sl="24" sc="22" el="24" ec="22" bec="0" bev="0" fileid="2" />
                <SequencePoint vc="1" uspid="449" ordinal="0" offset="63" sl="25" sc="22" el="25" ec="22" bec="0" bev="0" fileid="2" />
                <SequencePoint vc="1" uspid="450" ordinal="0" offset="70" sl="27" sc="22" el="27" ec="22" bec="0" bev="0" fileid="2" />
                <SequencePoint vc="1" uspid="451" ordinal="0" offset="77" sl="28" sc="22" el="28" ec="22" bec="0" bev="0" fileid="2" />
              </SequencePoints>
              <BranchPoints />
            </Method>
          </Methods>
        </Class>
        <Class>
          <Summary numSequencePoints="48" visitedSequencePoints="48" numBranchPoints="0" visitedBranchPoints="0" sequenceCoverage="100.0" branchCoverage="0.0" maxCyclomaticComplexity="0" minCyclomaticComplexity="0" maxCrapScore="0" minCrapScore="0" visitedClasses="1" numClasses="1" visitedMethods="4" numMethods="4" />
          <FullName>EnigmaM3</FullName>
          <Methods>
            <Method visited="true" cyclomaticComplexity="0" nPathComplexity="0" sequenceCoverage="100.0" branchCoverage="0" crapScore="0" isConstructor="false" isStatic="false" isGetter="false" isSetter="false">
              <Summary numSequencePoints="28" visitedSequencePoints="28" numBranchPoints="0" visitedBranchPoints="0" sequenceCoverage="100.0" branchCoverage="0" maxCyclomaticComplexity="0" minCyclomaticComplexity="0" maxCrapScore="0" minCrapScore="0" visitedClasses="0" numClasses="0" visitedMethods="1" numMethods="1" />
              <MetadataToken>100663303</MetadataToken>
              <Name>System.Char EnigmaM3::Encrypt(System.Char)</Name>
              <FileRef uid="3" />
              <SequencePoints>
                <SequencePoint vc="20" uspid="458" ordinal="0" offset="0" sl="32" sc="5" el="32" ec="5" bec="0" bev="0" fileid="3" />
                <SequencePoint vc="20" uspid="459" ordinal="0" offset="1" sl="33" sc="9" el="33" ec="9" bec="0" bev="0" fileid="3" />
                <SequencePoint vc="20" uspid="460" ordinal="0" offset="9" sl="35" sc="9" el="35" ec="9" bec="0" bev="0" fileid="3" />
                <SequencePoint vc="1" uspid="461" ordinal="0" offset="21" sl="36" sc="9" el="36" ec="9" bec="0" bev="0" fileid="3" />
                <SequencePoint vc="1" uspid="462" ordinal="0" offset="22" sl="37" sc="13" el="37" ec="13" bec="0" bev="0" fileid="3" />
                <SequencePoint vc="1" uspid="463" ordinal="0" offset="31" sl="38" sc="13" el="38" ec="13" bec="0" bev="0" fileid="3" />
                <SequencePoint vc="1" uspid="464" ordinal="0" offset="43" sl="39" sc="13" el="39" ec="13" bec="0" bev="0" fileid="3" />
                <SequencePoint vc="1" uspid="465" ordinal="0" offset="55" sl="40" sc="9" el="40" ec="9" bec="0" bev="0" fileid="3" />
                <SequencePoint vc="20" uspid="466" ordinal="0" offset="56" sl="41" sc="9" el="41" ec="9" bec="0" bev="0" fileid="3" />
                <SequencePoint vc="2" uspid="467" ordinal="0" offset="68" sl="42" sc="9" el="42" ec="9" bec="0" bev="0" fileid="3" />
                <SequencePoint vc="2" uspid="468" ordinal="0" offset="69" sl="43" sc="13" el="43" ec="13" bec="0" bev="0" fileid="3" />
                <SequencePoint vc="2" uspid="469" ordinal="0" offset="78" sl="44" sc="13" el="44" ec="13" bec="0" bev="0" fileid="3" />
                <SequencePoint vc="2" uspid="470" ordinal="0" offset="97" sl="45" sc="9" el="45" ec="9" bec="0" bev="0" fileid="3" />
                <SequencePoint vc="20" uspid="471" ordinal="0" offset="98" sl="46" sc="9" el="46" ec="9" bec="0" bev="0" fileid="3" />
                <SequencePoint vc="20" uspid="472" ordinal="0" offset="117" sl="48" sc="9" el="48" ec="9" bec="0" bev="0" fileid="3" />
                <SequencePoint vc="20" uspid="473" ordinal="0" offset="129" sl="50" sc="9" el="50" ec="9" bec="0" bev="0" fileid="3" />
                <SequencePoint vc="20" uspid="474" ordinal="0" offset="138" sl="51" sc="9" el="51" ec="9" bec="0" bev="0" fileid="3" />
                <SequencePoint vc="20" uspid="475" ordinal="0" offset="147" sl="53" sc="9" el="53" ec="9" bec="0" bev="0" fileid="3" />
                <SequencePoint vc="20" uspid="476" ordinal="0" offset="161" sl="54" sc="9" el="54" ec="9" bec="0" bev="0" fileid="3" />
                <SequencePoint vc="20" uspid="477" ordinal="0" offset="175" sl="55" sc="9" el="55" ec="9" bec="0" bev="0" fileid="3" />
                <SequencePoint vc="20" uspid="478" ordinal="0" offset="189" sl="57" sc="9" el="57" ec="9" bec="0" bev="0" fileid="3" />
                <SequencePoint vc="20" uspid="479" ordinal="0" offset="198" sl="59" sc="9" el="59" ec="9" bec="0" bev="0" fileid="3" />
                <SequencePoint vc="20" uspid="480" ordinal="0" offset="212" sl="60" sc="9" el="60" ec="9" bec="0" bev="0" fileid="3" />
                <SequencePoint vc="20" uspid="481" ordinal="0" offset="226" sl="61" sc="9" el="61" ec="9" bec="0" bev="0" fileid="3" />
                <SequencePoint vc="20" uspid="482" ordinal="0" offset="240" sl="63" sc="9" el="63" ec="9" bec="0" bev="0" fileid="3" />
                <SequencePoint vc="20" uspid="483" ordinal="0" offset="249" sl="64" sc="9" el="64" ec="9" bec="0" bev="0" fileid="3" />
                <SequencePoint vc="20" uspid="484" ordinal="0" offset="258" sl="66" sc="9" el="66" ec="9" bec="0" bev="0" fileid="3" />
                <SequencePoint vc="20" uspid="485" ordinal="0" offset="268" sl="67" sc="5" el="67" ec="5" bec="0" bev="0" fileid="3" />
              </SequencePoints>
              <BranchPoints />
            </Method>
            <Method visited="true" cyclomaticComplexity="0" nPathComplexity="0" sequenceCoverage="100.0" branchCoverage="0" crapScore="0" isConstructor="false" isStatic="false" isGetter="false" isSetter="false">
              <Summary numSequencePoints="9" visitedSequencePoints="9" numBranchPoints="0" visitedBranchPoints="0" sequenceCoverage="100.0" branchCoverage="0" maxCyclomaticComplexity="0" minCyclomaticComplexity="0" maxCrapScore="0" minCrapScore="0" visitedClasses="0" numClasses="0" visitedMethods="1" numMethods="1" />
              <MetadataToken>100663304</MetadataToken>
              <Name>System.Int32 EnigmaM3::GetRotorPosition(System.Int32)</Name>
              <FileRef uid="3" />
              <SequencePoints>
                <SequencePoint vc="19" uspid="486" ordinal="0" offset="0" sl="70" sc="5" el="70" ec="5" bec="0" bev="0" fileid="3" />
                <SequencePoint vc="19" uspid="487" ordinal="0" offset="1" sl="71" sc="9" el="71" ec="9" bec="0" bev="0" fileid="3" />
                <SequencePoint vc="6" uspid="488" ordinal="0" offset="9" sl="72" sc="9" el="72" ec="9" bec="0" bev="0" fileid="3" />
                <SequencePoint vc="6" uspid="489" ordinal="0" offset="10" sl="73" sc="13" el="73" ec="13" bec="0" bev="0" fileid="3" />
                <SequencePoint vc="13" uspid="490" ordinal="0" offset="24" sl="75" sc="9" el="75" ec="9" bec="0" bev="0" fileid="3" />
                <SequencePoint vc="12" uspid="491" ordinal="0" offset="32" sl="76" sc="9" el="76" ec="9" bec="0" bev="0" fileid="3" />
                <SequencePoint vc="12" uspid="492" ordinal="0" offset="33" sl="77" sc="13" el="77" ec="13" bec="0" bev="0" fileid="3" />
                <SequencePoint vc="1" uspid="493" ordinal="0" offset="47" sl="79" sc="9" el="79" ec="9" bec="0" bev="0" fileid="3" />
                <SequencePoint vc="19" uspid="494" ordinal="0" offset="61" sl="80" sc="5" el="80" ec="5" bec="0" bev="0" fileid="3" />
              </SequencePoints>
              <BranchPoints />
            </Method>
            <Method visited="true" cyclomaticComplexity="0" nPathComplexity="0" sequenceCoverage="100.0" branchCoverage="0" crapScore="0" isConstructor="true" isStatic="false" isGetter="false" isSetter="false">
              <Summary numSequencePoints="10" visitedSequencePoints="10" numBranchPoints="0" visitedBranchPoints="0" sequenceCoverage="100.0" branchCoverage="0" maxCyclomaticComplexity="0" minCyclomaticComplexity="0" maxCrapScore="0" minCrapScore="0" visitedClasses="0" numClasses="0" visitedMethods="1" numMethods="1" />
              <MetadataToken>100663302</MetadataToken>
              <Name>EnigmaM3::EnigmaM3(Rotor, Rotor, Rotor, System.Int32[], System.Int32[], System.Int32[])</Name>
              <FileRef uid="3" />
              <SequencePoints>
                <SequencePoint vc="4" uspid="495" ordinal="0" offset="0" sl="19" sc="5" el="19" ec="5" bec="0" bev="0" fileid="3" />
                <SequencePoint vc="4" uspid="496" ordinal="0" offset="7" sl="20" sc="5" el="20" ec="5" bec="0" bev="0" fileid="3" />
                <SequencePoint vc="4" uspid="497" ordinal="0" offset="8" sl="21" sc="9" el="21" ec="9" bec="0" bev="0" fileid="3" />
                <SequencePoint vc="4" uspid="498" ordinal="0" offset="15" sl="22" sc="9" el="22" ec="9" bec="0" bev="0" fileid="3" />
                <SequencePoint vc="4" uspid="499" ordinal="0" offset="22" sl="23" sc="9" el="23" ec="9" bec="0" bev="0" fileid="3" />
                <SequencePoint vc="4" uspid="500" ordinal="0" offset="29" sl="24" sc="9" el="24" ec="9" bec="0" bev="0" fileid="3" />
                <SequencePoint vc="4" uspid="501" ordinal="0" offset="37" sl="25" sc="9" el="25" ec="9" bec="0" bev="0" fileid="3" />
                <SequencePoint vc="4" uspid="502" ordinal="0" offset="45" sl="26" sc="9" el="26" ec="9" bec="0" bev="0" fileid="3" />
                <SequencePoint vc="4" uspid="503" ordinal="0" offset="53" sl="28" sc="9" el="28" ec="9" bec="0" bev="0" fileid="3" />
                <SequencePoint vc="4" uspid="504" ordinal="0" offset="69" sl="29" sc="5" el="29" ec="5" bec="0" bev="0" fileid="3" />
              </SequencePoints>
              <BranchPoints />
            </Method>
            <Method visited="true" cyclomaticComplexity="0" nPathComplexity="0" sequenceCoverage="100.0" branchCoverage="0" crapScore="0" isConstructor="true" isStatic="true" isGetter="false" isSetter="false">
              <Summary numSequencePoints="1" visitedSequencePoints="1" numBranchPoints="0" visitedBranchPoints="0" sequenceCoverage="100.0" branchCoverage="0" maxCyclomaticComplexity="0" minCyclomaticComplexity="0" maxCrapScore="0" minCrapScore="0" visitedClasses="0" numClasses="0" visitedMethods="1" numMethods="1" />
              <MetadataToken>100663305</MetadataToken>
              <Name>static EnigmaM3::EnigmaM3()</Name>
              <FileRef uid="3" />
              <SequencePoints>
                <SequencePoint vc="1" uspid="505" ordinal="0" offset="0" sl="17" sc="5" el="17" ec="5" bec="0" bev="0" fileid="3" />
              </SequencePoints>
              <BranchPoints />
            </Method>
          </Methods>
        </Class>
        <Class>
          <Summary numSequencePoints="29" visitedSequencePoints="26" numBranchPoints="0" visitedBranchPoints="0" sequenceCoverage="89.66" branchCoverage="0.0" maxCyclomaticComplexity="0" minCyclomaticComplexity="0" maxCrapScore="0" minCrapScore="0" visitedClasses="1" numClasses="1" visitedMethods="6" numMethods="6" />
          <FullName>Rotor</FullName>
          <Methods>
            <Method visited="true" cyclomaticComplexity="0" nPathComplexity="0" sequenceCoverage="100.0" branchCoverage="0" crapScore="0" isConstructor="false" isStatic="true" isGetter="false" isSetter="false">
              <Summary numSequencePoints="3" visitedSequencePoints="3" numBranchPoints="0" visitedBranchPoints="0" sequenceCoverage="100.0" branchCoverage="0" maxCyclomaticComplexity="0" minCyclomaticComplexity="0" maxCrapScore="0" minCrapScore="0" visitedClasses="0" numClasses="0" visitedMethods="1" numMethods="1" />
              <MetadataToken>100663306</MetadataToken>
              <Name>static System.Int32 Rotor::mod(System.Int32, System.Int32)</Name>
              <FileRef uid="4" />
              <SequencePoints>
                <SequencePoint vc="1096" uspid="506" ordinal="0" offset="0" sl="20" sc="5" el="20" ec="5" bec="0" bev="0" fileid="4" />
                <SequencePoint vc="1096" uspid="507" ordinal="0" offset="1" sl="21" sc="9" el="21" ec="9" bec="0" bev="0" fileid="4" />
                <SequencePoint vc="1096" uspid="508" ordinal="0" offset="11" sl="22" sc="5" el="22" ec="5" bec="0" bev="0" fileid="4" />
              </SequencePoints>
              <BranchPoints />
            </Method>
            <Method visited="true" cyclomaticComplexity="0" nPathComplexity="0" sequenceCoverage="100.0" branchCoverage="0" crapScore="0" isConstructor="false" isStatic="false" isGetter="false" isSetter="false">
              <Summary numSequencePoints="6" visitedSequencePoints="6" numBranchPoints="0" visitedBranchPoints="0" sequenceCoverage="100.0" branchCoverage="0" maxCyclomaticComplexity="0" minCyclomaticComplexity="0" maxCrapScore="0" minCrapScore="0" visitedClasses="0" numClasses="0" visitedMethods="1" numMethods="1" />
              <MetadataToken>100663308</MetadataToken>
              <Name>System.Int32 Rotor::GetOutput(System.Int32, System.Boolean)</Name>
              <FileRef uid="4" />
              <SequencePoints>
                <SequencePoint vc="536" uspid="509" ordinal="0" offset="0" sl="34" sc="5" el="34" ec="5" bec="0" bev="0" fileid="4" />
                <SequencePoint vc="536" uspid="510" ordinal="0" offset="1" sl="35" sc="9" el="35" ec="9" bec="0" bev="0" fileid="4" />
                <SequencePoint vc="536" uspid="511" ordinal="0" offset="17" sl="38" sc="9" el="38" ec="9" bec="0" bev="0" fileid="4" />
                <SequencePoint vc="536" uspid="512" ordinal="0" offset="43" sl="40" sc="9" el="40" ec="9" bec="0" bev="0" fileid="4" />
                <SequencePoint vc="536" uspid="513" ordinal="0" offset="59" sl="42" sc="9" el="42" ec="9" bec="0" bev="0" fileid="4" />
                <SequencePoint vc="536" uspid="514" ordinal="0" offset="63" sl="43" sc="5" el="43" ec="5" bec="0" bev="0" fileid="4" />
              </SequencePoints>
              <BranchPoints />
            </Method>
            <Method visited="true" cyclomaticComplexity="0" nPathComplexity="0" sequenceCoverage="62.50" branchCoverage="0" crapScore="0" isConstructor="false" isStatic="false" isGetter="false" isSetter="false">
              <Summary numSequencePoints="8" visitedSequencePoints="5" numBranchPoints="0" visitedBranchPoints="0" sequenceCoverage="62.50" branchCoverage="0" maxCyclomaticComplexity="0" minCyclomaticComplexity="0" maxCrapScore="0" minCrapScore="0" visitedClasses="0" numClasses="0" visitedMethods="1" numMethods="1" />
              <MetadataToken>100663309</MetadataToken>
              <Name>System.Boolean Rotor::Advance()</Name>
              <FileRef uid="4" />
              <SequencePoints>
                <SequencePoint vc="24" uspid="515" ordinal="0" offset="0" sl="46" sc="5" el="46" ec="5" bec="0" bev="0" fileid="4" />
                <SequencePoint vc="24" uspid="516" ordinal="0" offset="1" sl="47" sc="9" el="47" ec="9" bec="0" bev="0" fileid="4" />
                <SequencePoint vc="24" uspid="517" ordinal="0" offset="22" sl="49" sc="9" el="49" ec="9" bec="0" bev="0" fileid="4" />
                <SequencePoint vc="0" uspid="518" ordinal="0" offset="37" sl="50" sc="9" el="50" ec="9" bec="0" bev="0" fileid="4" />
                <SequencePoint vc="0" uspid="519" ordinal="0" offset="38" sl="51" sc="13" el="51" ec="13" bec="0" bev="0" fileid="4" />
                <SequencePoint vc="0" uspid="520" ordinal="0" offset="55" sl="52" sc="9" el="52" ec="9" bec="0" bev="0" fileid="4" />
                <SequencePoint vc="24" uspid="521" ordinal="0" offset="56" sl="54" sc="9" el="54" ec="9" bec="0" bev="0" fileid="4" />
                <SequencePoint vc="24" uspid="522" ordinal="0" offset="89" sl="55" sc="5" el="55" ec="5" bec="0" bev="0" fileid="4" />
              </SequencePoints>
              <BranchPoints />
            </Method>
            <Method visited="true" cyclomaticComplexity="0" nPathComplexity="0" sequenceCoverage="100.0" branchCoverage="0" crapScore="0" isConstructor="false" isStatic="false" isGetter="false" isSetter="false">
              <Summary numSequencePoints="3" visitedSequencePoints="3" numBranchPoints="0" visitedBranchPoints="0" sequenceCoverage="100.0" branchCoverage="0" maxCyclomaticComplexity="0" minCyclomaticComplexity="0" maxCrapScore="0" minCrapScore="0" visitedClasses="0" numClasses="0" visitedMethods="1" numMethods="1" />
              <MetadataToken>100663310</MetadataToken>
              <Name>System.Int32 Rotor::GetPosition()</Name>
              <FileRef uid="4" />
              <SequencePoints>
                <SequencePoint vc="19" uspid="523" ordinal="0" offset="0" sl="58" sc="5" el="58" ec="5" bec="0" bev="0" fileid="4" />
                <SequencePoint vc="19" uspid="524" ordinal="0" offset="1" sl="59" sc="9" el="59" ec="9" bec="0" bev="0" fileid="4" />
                <SequencePoint vc="19" uspid="525" ordinal="0" offset="10" sl="60" sc="5" el="60" ec="5" bec="0" bev="0" fileid="4" />
              </SequencePoints>
              <BranchPoints />
            </Method>
            <Method visited="true" cyclomaticComplexity="0" nPathComplexity="0" sequenceCoverage="100.0" branchCoverage="0" crapScore="0" isConstructor="true" isStatic="false" isGetter="false" isSetter="false">
              <Summary numSequencePoints="8" visitedSequencePoints="8" numBranchPoints="0" visitedBranchPoints="0" sequenceCoverage="100.0" branchCoverage="0" maxCyclomaticComplexity="0" minCyclomaticComplexity="0" maxCrapScore="0" minCrapScore="0" visitedClasses="0" numClasses="0" visitedMethods="1" numMethods="1" />
              <MetadataToken>100663307</MetadataToken>
              <Name>Rotor::Rotor(System.Int32[], System.Int32[], UnityEngine.Transform, System.Int32, System.Int32)</Name>
              <FileRef uid="4" />
              <SequencePoints>
                <SequencePoint vc="20" uspid="526" ordinal="0" offset="0" sl="24" sc="5" el="24" ec="5" bec="0" bev="0" fileid="4" />
                <SequencePoint vc="20" uspid="527" ordinal="0" offset="7" sl="25" sc="5" el="25" ec="5" bec="0" bev="0" fileid="4" />
                <SequencePoint vc="20" uspid="528" ordinal="0" offset="8" sl="26" sc="9" el="26" ec="9" bec="0" bev="0" fileid="4" />
                <SequencePoint vc="20" uspid="529" ordinal="0" offset="15" sl="27" sc="9" el="27" ec="9" bec="0" bev="0" fileid="4" />
                <SequencePoint vc="20" uspid="530" ordinal="0" offset="22" sl="28" sc="9" el="28" ec="9" bec="0" bev="0" fileid="4" />
                <SequencePoint vc="20" uspid="531" ordinal="0" offset="30" sl="29" sc="9" el="29" ec="9" bec="0" bev="0" fileid="4" />
                <SequencePoint vc="20" uspid="532" ordinal="0" offset="38" sl="30" sc="9" el="30" ec="9" bec="0" bev="0" fileid="4" />
                <SequencePoint vc="20" uspid="533" ordinal="0" offset="45" sl="31" sc="5" el="31" ec="5" bec="0" bev="0" fileid="4" />
              </SequencePoints>
              <BranchPoints />
            </Method>
            <Method visited="true" cyclomaticComplexity="0" nPathComplexity="0" sequenceCoverage="100.0" branchCoverage="0" crapScore="0" isConstructor="true" isStatic="true" isGetter="false" isSetter="false">
              <Summary numSequencePoints="1" visitedSequencePoints="1" numBranchPoints="0" visitedBranchPoints="0" sequenceCoverage="100.0" branchCoverage="0" maxCyclomaticComplexity="0" minCyclomaticComplexity="0" maxCrapScore="0" minCrapScore="0" visitedClasses="0" numClasses="0" visitedMethods="1" numMethods="1" />
              <MetadataToken>100663311</MetadataToken>
              <Name>static Rotor::Rotor()</Name>
              <FileRef uid="4" />
              <SequencePoints>
                <SequencePoint vc="1" uspid="534" ordinal="0" offset="0" sl="17" sc="5" el="17" ec="5" bec="0" bev="0" fileid="4" />
              </SequencePoints>
              <BranchPoints />
            </Method>
          </Methods>
        </Class>
      </Classes>
    </Module>
  </Modules>
</CoverageSession>