<?xml version="1.0" encoding="utf-8"?>
<CoverageSession xmlns:xsd="http://www.w3.org/2001/XMLSchema" xmlns:xsi="http://www.w3.org/2001/XMLSchema-instance" Version="0.0.0.0">
  <Summary numSequencePoints="219" visitedSequencePoints="216" numBranchPoints="0" visitedBranchPoints="0" sequenceCoverage="98.63" branchCoverage="0.0" maxCyclomaticComplexity="0" minCyclomaticComplexity="0" maxCrapScore="0" minCrapScore="0" visitedClasses="4" numClasses="4" visitedMethods="17" numMethods="17" />
  <Modules>
    <Module>
      <Summary numSequencePoints="122" visitedSequencePoints="122" numBranchPoints="0" visitedBranchPoints="0" sequenceCoverage="100.0" branchCoverage="0.0" maxCyclomaticComplexity="0" minCyclomaticComplexity="0" maxCrapScore="0" minCrapScore="0" visitedClasses="1" numClasses="1" visitedMethods="7" numMethods="7" />
      <ModuleTime>0001-01-01T00:00:00</ModuleTime>
      <ModuleName>Tests</ModuleName>
      <Files>
        <File uid="1" fullPath="C:/Users/BOB-F/git/enigma/Enigma/Assets/Tests/TestEnigmaFunctionality.cs" />
      </Files>
      <Classes>
        <Class>
          <Summary numSequencePoints="122" visitedSequencePoints="122" numBranchPoints="0" visitedBranchPoints="0" sequenceCoverage="100.0" branchCoverage="0.0" maxCyclomaticComplexity="0" minCyclomaticComplexity="0" maxCrapScore="0" minCrapScore="0" visitedClasses="1" numClasses="1" visitedMethods="7" numMethods="7" />
          <FullName>TestEnigmaFunctionality</FullName>
          <Methods>
            <Method visited="true" cyclomaticComplexity="0" nPathComplexity="0" sequenceCoverage="100.0" branchCoverage="0" crapScore="0" isConstructor="false" isStatic="false" isGetter="false" isSetter="false">
              <Summary numSequencePoints="15" visitedSequencePoints="15" numBranchPoints="0" visitedBranchPoints="0" sequenceCoverage="100.0" branchCoverage="0" maxCyclomaticComplexity="0" minCyclomaticComplexity="0" maxCrapScore="0" minCrapScore="0" visitedClasses="0" numClasses="0" visitedMethods="1" numMethods="1" />
              <MetadataToken>100663297</MetadataToken>
              <Name>System.Void TestEnigmaFunctionality::TestRotorIsolatedBehaviour()</Name>
              <FileRef uid="1" />
              <SequencePoints>
                <SequencePoint vc="1" uspid="680" ordinal="0" offset="0" sl="103" sc="5" el="103" ec="5" bec="0" bev="0" fileid="1" />
                <SequencePoint vc="1" uspid="681" ordinal="0" offset="1" sl="106" sc="14" el="106" ec="14" bec="0" bev="0" fileid="1" />
                <SequencePoint vc="8" uspid="682" ordinal="0" offset="5" sl="107" sc="9" el="107" ec="9" bec="0" bev="0" fileid="1" />
                <SequencePoint vc="8" uspid="683" ordinal="0" offset="6" sl="109" sc="13" el="109" ec="13" bec="0" bev="0" fileid="1" />
                <SequencePoint vc="8" uspid="684" ordinal="0" offset="30" sl="110" sc="18" el="110" ec="18" bec="0" bev="0" fileid="1" />
                <SequencePoint vc="208" uspid="685" ordinal="0" offset="34" sl="111" sc="13" el="111" ec="13" bec="0" bev="0" fileid="1" />
                <SequencePoint vc="208" uspid="686" ordinal="0" offset="35" sl="114" sc="17" el="114" ec="17" bec="0" bev="0" fileid="1" />
                <SequencePoint vc="208" uspid="687" ordinal="0" offset="68" sl="115" sc="17" el="115" ec="17" bec="0" bev="0" fileid="1" />
                <SequencePoint vc="208" uspid="688" ordinal="0" offset="105" sl="116" sc="13" el="116" ec="13" bec="0" bev="0" fileid="1" />
                <SequencePoint vc="208" uspid="689" ordinal="0" offset="106" sl="110" sc="37" el="110" ec="37" bec="0" bev="0" fileid="1" />
                <SequencePoint vc="216" uspid="690" ordinal="0" offset="110" sl="110" sc="29" el="110" ec="29" bec="0" bev="0" fileid="1" />
                <SequencePoint vc="8" uspid="691" ordinal="0" offset="119" sl="117" sc="9" el="117" ec="9" bec="0" bev="0" fileid="1" />
                <SequencePoint vc="8" uspid="692" ordinal="0" offset="120" sl="106" sc="44" el="106" ec="44" bec="0" bev="0" fileid="1" />
                <SequencePoint vc="9" uspid="693" ordinal="0" offset="124" sl="106" sc="25" el="106" ec="25" bec="0" bev="0" fileid="1" />
                <SequencePoint vc="1" uspid="694" ordinal="0" offset="143" sl="118" sc="5" el="118" ec="5" bec="0" bev="0" fileid="1" />
              </SequencePoints>
              <BranchPoints />
            </Method>
            <Method visited="true" cyclomaticComplexity="0" nPathComplexity="0" sequenceCoverage="100.0" branchCoverage="0" crapScore="0" isConstructor="false" isStatic="false" isGetter="false" isSetter="false">
              <Summary numSequencePoints="14" visitedSequencePoints="14" numBranchPoints="0" visitedBranchPoints="0" sequenceCoverage="100.0" branchCoverage="0" maxCyclomaticComplexity="0" minCyclomaticComplexity="0" maxCrapScore="0" minCrapScore="0" visitedClasses="0" numClasses="0" visitedMethods="1" numMethods="1" />
              <MetadataToken>100663298</MetadataToken>
              <Name>System.Void TestEnigmaFunctionality::TestStandardSteppingBehaviour()</Name>
              <FileRef uid="1" />
              <SequencePoints>
                <SequencePoint vc="1" uspid="695" ordinal="0" offset="0" sl="122" sc="5" el="122" ec="5" bec="0" bev="0" fileid="1" />
                <SequencePoint vc="1" uspid="696" ordinal="0" offset="1" sl="125" sc="9" el="125" ec="9" bec="0" bev="0" fileid="1" />
                <SequencePoint vc="1" uspid="697" ordinal="0" offset="25" sl="126" sc="9" el="126" ec="9" bec="0" bev="0" fileid="1" />
                <SequencePoint vc="1" uspid="698" ordinal="0" offset="49" sl="127" sc="9" el="127" ec="9" bec="0" bev="0" fileid="1" />
                <SequencePoint vc="1" uspid="699" ordinal="0" offset="73" sl="128" sc="9" el="128" ec="9" bec="0" bev="0" fileid="1" />
                <SequencePoint vc="1" uspid="700" ordinal="0" offset="103" sl="129" sc="9" el="129" ec="9" bec="0" bev="0" fileid="1" />
                <SequencePoint vc="1" uspid="701" ordinal="0" offset="122" sl="130" sc="9" el="130" ec="9" bec="0" bev="0" fileid="1" />
                <SequencePoint vc="1" uspid="702" ordinal="0" offset="141" sl="132" sc="14" el="132" ec="14" bec="0" bev="0" fileid="1" />
                <SequencePoint vc="5" uspid="703" ordinal="0" offset="146" sl="132" sc="34" el="132" ec="34" bec="0" bev="0" fileid="1" />
                <SequencePoint vc="5" uspid="704" ordinal="0" offset="147" sl="133" sc="13" el="133" ec="13" bec="0" bev="0" fileid="1" />
                <SequencePoint vc="5" uspid="705" ordinal="0" offset="179" sl="134" sc="9" el="134" ec="9" bec="0" bev="0" fileid="1" />
                <SequencePoint vc="5" uspid="706" ordinal="0" offset="180" sl="132" sc="30" el="132" ec="30" bec="0" bev="0" fileid="1" />
                <SequencePoint vc="6" uspid="707" ordinal="0" offset="186" sl="132" sc="23" el="132" ec="23" bec="0" bev="0" fileid="1" />
                <SequencePoint vc="1" uspid="708" ordinal="0" offset="197" sl="135" sc="5" el="135" ec="5" bec="0" bev="0" fileid="1" />
              </SequencePoints>
              <BranchPoints />
            </Method>
            <Method visited="true" cyclomaticComplexity="0" nPathComplexity="0" sequenceCoverage="100.0" branchCoverage="0" crapScore="0" isConstructor="false" isStatic="false" isGetter="false" isSetter="false">
              <Summary numSequencePoints="15" visitedSequencePoints="15" numBranchPoints="0" visitedBranchPoints="0" sequenceCoverage="100.0" branchCoverage="0" maxCyclomaticComplexity="0" minCyclomaticComplexity="0" maxCrapScore="0" minCrapScore="0" visitedClasses="0" numClasses="0" visitedMethods="1" numMethods="1" />
              <MetadataToken>100663299</MetadataToken>
              <Name>System.Void TestEnigmaFunctionality::TestZToA()</Name>
              <FileRef uid="1" />
              <SequencePoints>
                <SequencePoint vc="1" uspid="709" ordinal="0" offset="0" sl="139" sc="5" el="139" ec="5" bec="0" bev="0" fileid="1" />
                <SequencePoint vc="1" uspid="710" ordinal="0" offset="1" sl="142" sc="9" el="142" ec="9" bec="0" bev="0" fileid="1" />
                <SequencePoint vc="1" uspid="711" ordinal="0" offset="25" sl="143" sc="9" el="143" ec="9" bec="0" bev="0" fileid="1" />
                <SequencePoint vc="1" uspid="712" ordinal="0" offset="49" sl="144" sc="9" el="144" ec="9" bec="0" bev="0" fileid="1" />
                <SequencePoint vc="1" uspid="713" ordinal="0" offset="74" sl="145" sc="9" el="145" ec="9" bec="0" bev="0" fileid="1" />
                <SequencePoint vc="1" uspid="714" ordinal="0" offset="104" sl="146" sc="9" el="146" ec="9" bec="0" bev="0" fileid="1" />
                <SequencePoint vc="1" uspid="715" ordinal="0" offset="123" sl="147" sc="9" el="147" ec="9" bec="0" bev="0" fileid="1" />
                <SequencePoint vc="1" uspid="716" ordinal="0" offset="142" sl="149" sc="14" el="149" ec="14" bec="0" bev="0" fileid="1" />
                <SequencePoint vc="5" uspid="717" ordinal="0" offset="147" sl="150" sc="9" el="150" ec="9" bec="0" bev="0" fileid="1" />
                <SequencePoint vc="5" uspid="718" ordinal="0" offset="148" sl="151" sc="13" el="151" ec="13" bec="0" bev="0" fileid="1" />
                <SequencePoint vc="5" uspid="719" ordinal="0" offset="180" sl="152" sc="9" el="152" ec="9" bec="0" bev="0" fileid="1" />
                <SequencePoint vc="5" uspid="720" ordinal="0" offset="181" sl="149" sc="32" el="149" ec="32" bec="0" bev="0" fileid="1" />
                <SequencePoint vc="6" uspid="721" ordinal="0" offset="187" sl="149" sc="25" el="149" ec="25" bec="0" bev="0" fileid="1" />
                <SequencePoint vc="1" uspid="722" ordinal="0" offset="198" sl="154" sc="9" el="154" ec="9" bec="0" bev="0" fileid="1" />
                <SequencePoint vc="1" uspid="723" ordinal="0" offset="222" sl="155" sc="5" el="155" ec="5" bec="0" bev="0" fileid="1" />
              </SequencePoints>
              <BranchPoints />
            </Method>
            <Method visited="true" cyclomaticComplexity="0" nPathComplexity="0" sequenceCoverage="100.0" branchCoverage="0" crapScore="0" isConstructor="false" isStatic="false" isGetter="false" isSetter="false">
              <Summary numSequencePoints="16" visitedSequencePoints="16" numBranchPoints="0" visitedBranchPoints="0" sequenceCoverage="100.0" branchCoverage="0" maxCyclomaticComplexity="0" minCyclomaticComplexity="0" maxCrapScore="0" minCrapScore="0" visitedClasses="0" numClasses="0" visitedMethods="1" numMethods="1" />
              <MetadataToken>100663300</MetadataToken>
              <Name>System.Void TestEnigmaFunctionality::TestmRotorTurnover()</Name>
              <FileRef uid="1" />
              <SequencePoints>
                <SequencePoint vc="1" uspid="724" ordinal="0" offset="0" sl="159" sc="5" el="159" ec="5" bec="0" bev="0" fileid="1" />
                <SequencePoint vc="1" uspid="725" ordinal="0" offset="1" sl="162" sc="9" el="162" ec="9" bec="0" bev="0" fileid="1" />
                <SequencePoint vc="1" uspid="726" ordinal="0" offset="25" sl="163" sc="9" el="163" ec="9" bec="0" bev="0" fileid="1" />
                <SequencePoint vc="1" uspid="727" ordinal="0" offset="49" sl="164" sc="9" el="164" ec="9" bec="0" bev="0" fileid="1" />
                <SequencePoint vc="1" uspid="728" ordinal="0" offset="74" sl="165" sc="9" el="165" ec="9" bec="0" bev="0" fileid="1" />
                <SequencePoint vc="1" uspid="729" ordinal="0" offset="104" sl="166" sc="9" el="166" ec="9" bec="0" bev="0" fileid="1" />
                <SequencePoint vc="1" uspid="730" ordinal="0" offset="128" sl="167" sc="9" el="167" ec="9" bec="0" bev="0" fileid="1" />
                <SequencePoint vc="1" uspid="731" ordinal="0" offset="147" sl="168" sc="9" el="168" ec="9" bec="0" bev="0" fileid="1" />
                <SequencePoint vc="1" uspid="732" ordinal="0" offset="166" sl="170" sc="14" el="170" ec="14" bec="0" bev="0" fileid="1" />
                <SequencePoint vc="5" uspid="733" ordinal="0" offset="171" sl="171" sc="9" el="171" ec="9" bec="0" bev="0" fileid="1" />
                <SequencePoint vc="5" uspid="734" ordinal="0" offset="172" sl="172" sc="13" el="172" ec="13" bec="0" bev="0" fileid="1" />
                <SequencePoint vc="5" uspid="735" ordinal="0" offset="204" sl="173" sc="13" el="173" ec="13" bec="0" bev="0" fileid="1" />
                <SequencePoint vc="5" uspid="736" ordinal="0" offset="236" sl="174" sc="9" el="174" ec="9" bec="0" bev="0" fileid="1" />
                <SequencePoint vc="5" uspid="737" ordinal="0" offset="237" sl="170" sc="32" el="170" ec="32" bec="0" bev="0" fileid="1" />
                <SequencePoint vc="6" uspid="738" ordinal="0" offset="243" sl="170" sc="25" el="170" ec="25" bec="0" bev="0" fileid="1" />
                <SequencePoint vc="1" uspid="739" ordinal="0" offset="254" sl="175" sc="5" el="175" ec="5" bec="0" bev="0" fileid="1" />
              </SequencePoints>
              <BranchPoints />
            </Method>
            <Method visited="true" cyclomaticComplexity="0" nPathComplexity="0" sequenceCoverage="100.0" branchCoverage="0" crapScore="0" isConstructor="false" isStatic="false" isGetter="false" isSetter="false">
              <Summary numSequencePoints="32" visitedSequencePoints="32" numBranchPoints="0" visitedBranchPoints="0" sequenceCoverage="100.0" branchCoverage="0" maxCyclomaticComplexity="0" minCyclomaticComplexity="0" maxCrapScore="0" minCrapScore="0" visitedClasses="0" numClasses="0" visitedMethods="1" numMethods="1" />
              <MetadataToken>100663301</MetadataToken>
              <Name>System.Void TestEnigmaFunctionality::TestlRotorTurnover()</Name>
              <FileRef uid="1" />
              <SequencePoints>
                <SequencePoint vc="1" uspid="740" ordinal="0" offset="0" sl="179" sc="5" el="179" ec="5" bec="0" bev="0" fileid="1" />
                <SequencePoint vc="1" uspid="741" ordinal="0" offset="1" sl="187" sc="9" el="187" ec="9" bec="0" bev="0" fileid="1" />
                <SequencePoint vc="1" uspid="742" ordinal="0" offset="25" sl="188" sc="9" el="188" ec="9" bec="0" bev="0" fileid="1" />
                <SequencePoint vc="1" uspid="743" ordinal="0" offset="49" sl="189" sc="9" el="189" ec="9" bec="0" bev="0" fileid="1" />
                <SequencePoint vc="1" uspid="744" ordinal="0" offset="74" sl="190" sc="9" el="190" ec="9" bec="0" bev="0" fileid="1" />
                <SequencePoint vc="1" uspid="745" ordinal="0" offset="104" sl="191" sc="9" el="191" ec="9" bec="0" bev="0" fileid="1" />
                <SequencePoint vc="1" uspid="746" ordinal="0" offset="128" sl="192" sc="9" el="192" ec="9" bec="0" bev="0" fileid="1" />
                <SequencePoint vc="1" uspid="747" ordinal="0" offset="152" sl="193" sc="9" el="193" ec="9" bec="0" bev="0" fileid="1" />
                <SequencePoint vc="1" uspid="748" ordinal="0" offset="171" sl="194" sc="9" el="194" ec="9" bec="0" bev="0" fileid="1" />
                <SequencePoint vc="1" uspid="749" ordinal="0" offset="190" sl="195" sc="14" el="195" ec="14" bec="0" bev="0" fileid="1" />
                <SequencePoint vc="5" uspid="750" ordinal="0" offset="198" sl="196" sc="9" el="196" ec="9" bec="0" bev="0" fileid="1" />
                <SequencePoint vc="5" uspid="751" ordinal="0" offset="199" sl="197" sc="13" el="197" ec="13" bec="0" bev="0" fileid="1" />
                <SequencePoint vc="5" uspid="752" ordinal="0" offset="231" sl="198" sc="13" el="198" ec="13" bec="0" bev="0" fileid="1" />
                <SequencePoint vc="2" uspid="753" ordinal="0" offset="242" sl="199" sc="13" el="199" ec="13" bec="0" bev="0" fileid="1" />
                <SequencePoint vc="2" uspid="754" ordinal="0" offset="243" sl="200" sc="17" el="200" ec="17" bec="0" bev="0" fileid="1" />
                <SequencePoint vc="2" uspid="755" ordinal="0" offset="267" sl="201" sc="13" el="201" ec="13" bec="0" bev="0" fileid="1" />
                <SequencePoint vc="5" uspid="756" ordinal="0" offset="268" sl="202" sc="13" el="202" ec="13" bec="0" bev="0" fileid="1" />
                <SequencePoint vc="1" uspid="757" ordinal="0" offset="279" sl="203" sc="13" el="203" ec="13" bec="0" bev="0" fileid="1" />
                <SequencePoint vc="1" uspid="758" ordinal="0" offset="280" sl="204" sc="17" el="204" ec="17" bec="0" bev="0" fileid="1" />
                <SequencePoint vc="1" uspid="759" ordinal="0" offset="304" sl="205" sc="13" el="205" ec="13" bec="0" bev="0" fileid="1" />
                <SequencePoint vc="5" uspid="760" ordinal="0" offset="305" sl="206" sc="13" el="206" ec="13" bec="0" bev="0" fileid="1" />
                <SequencePoint vc="2" uspid="761" ordinal="0" offset="316" sl="207" sc="13" el="207" ec="13" bec="0" bev="0" fileid="1" />
                <SequencePoint vc="2" uspid="762" ordinal="0" offset="317" sl="208" sc="17" el="208" ec="17" bec="0" bev="0" fileid="1" />
                <SequencePoint vc="2" uspid="763" ordinal="0" offset="341" sl="209" sc="17" el="209" ec="17" bec="0" bev="0" fileid="1" />
                <SequencePoint vc="2" uspid="764" ordinal="0" offset="365" sl="210" sc="13" el="210" ec="13" bec="0" bev="0" fileid="1" />
                <SequencePoint vc="3" uspid="765" ordinal="0" offset="368" sl="212" sc="13" el="212" ec="13" bec="0" bev="0" fileid="1" />
                <SequencePoint vc="3" uspid="766" ordinal="0" offset="369" sl="213" sc="17" el="213" ec="17" bec="0" bev="0" fileid="1" />
                <SequencePoint vc="3" uspid="767" ordinal="0" offset="393" sl="214" sc="13" el="214" ec="13" bec="0" bev="0" fileid="1" />
                <SequencePoint vc="5" uspid="768" ordinal="0" offset="394" sl="215" sc="9" el="215" ec="9" bec="0" bev="0" fileid="1" />
                <SequencePoint vc="5" uspid="769" ordinal="0" offset="395" sl="195" sc="32" el="195" ec="32" bec="0" bev="0" fileid="1" />
                <SequencePoint vc="6" uspid="770" ordinal="0" offset="401" sl="195" sc="25" el="195" ec="25" bec="0" bev="0" fileid="1" />
                <SequencePoint vc="1" uspid="771" ordinal="0" offset="415" sl="216" sc="5" el="216" ec="5" bec="0" bev="0" fileid="1" />
              </SequencePoints>
              <BranchPoints />
            </Method>
            <Method visited="true" cyclomaticComplexity="0" nPathComplexity="0" sequenceCoverage="100.0" branchCoverage="0" crapScore="0" isConstructor="false" isStatic="false" isGetter="false" isSetter="false">
              <Summary numSequencePoints="26" visitedSequencePoints="26" numBranchPoints="0" visitedBranchPoints="0" sequenceCoverage="100.0" branchCoverage="0" maxCyclomaticComplexity="0" minCyclomaticComplexity="0" maxCrapScore="0" minCrapScore="0" visitedClasses="0" numClasses="0" visitedMethods="1" numMethods="1" />
              <MetadataToken>100663302</MetadataToken>
              <Name>System.Void TestEnigmaFunctionality::TestPlugboard()</Name>
              <FileRef uid="1" />
              <SequencePoints>
                <SequencePoint vc="1" uspid="772" ordinal="0" offset="0" sl="220" sc="5" el="220" ec="5" bec="0" bev="0" fileid="1" />
                <SequencePoint vc="1" uspid="773" ordinal="0" offset="1" sl="223" sc="9" el="223" ec="9" bec="0" bev="0" fileid="1" />
                <SequencePoint vc="1" uspid="774" ordinal="0" offset="25" sl="224" sc="9" el="224" ec="9" bec="0" bev="0" fileid="1" />
                <SequencePoint vc="1" uspid="775" ordinal="0" offset="49" sl="225" sc="9" el="225" ec="9" bec="0" bev="0" fileid="1" />
                <SequencePoint vc="1" uspid="776" ordinal="0" offset="73" sl="226" sc="9" el="226" ec="9" bec="0" bev="0" fileid="1" />
                <SequencePoint vc="1" uspid="777" ordinal="0" offset="103" sl="227" sc="9" el="227" ec="9" bec="0" bev="0" fileid="1" />
                <SequencePoint vc="1" uspid="778" ordinal="0" offset="122" sl="228" sc="9" el="228" ec="9" bec="0" bev="0" fileid="1" />
                <SequencePoint vc="1" uspid="779" ordinal="0" offset="141" sl="229" sc="14" el="229" ec="14" bec="0" bev="0" fileid="1" />
                <SequencePoint vc="5" uspid="780" ordinal="0" offset="146" sl="230" sc="9" el="230" ec="9" bec="0" bev="0" fileid="1" />
                <SequencePoint vc="5" uspid="781" ordinal="0" offset="147" sl="231" sc="13" el="231" ec="13" bec="0" bev="0" fileid="1" />
                <SequencePoint vc="5" uspid="782" ordinal="0" offset="179" sl="232" sc="9" el="232" ec="9" bec="0" bev="0" fileid="1" />
                <SequencePoint vc="5" uspid="783" ordinal="0" offset="180" sl="229" sc="32" el="229" ec="32" bec="0" bev="0" fileid="1" />
                <SequencePoint vc="6" uspid="784" ordinal="0" offset="186" sl="229" sc="25" el="229" ec="25" bec="0" bev="0" fileid="1" />
                <SequencePoint vc="1" uspid="785" ordinal="0" offset="197" sl="235" sc="9" el="235" ec="9" bec="0" bev="0" fileid="1" />
                <SequencePoint vc="1" uspid="786" ordinal="0" offset="217" sl="236" sc="9" el="236" ec="9" bec="0" bev="0" fileid="1" />
                <SequencePoint vc="1" uspid="787" ordinal="0" offset="241" sl="237" sc="9" el="237" ec="9" bec="0" bev="0" fileid="1" />
                <SequencePoint vc="1" uspid="788" ordinal="0" offset="265" sl="238" sc="9" el="238" ec="9" bec="0" bev="0" fileid="1" />
                <SequencePoint vc="1" uspid="789" ordinal="0" offset="289" sl="239" sc="9" el="239" ec="9" bec="0" bev="0" fileid="1" />
                <SequencePoint vc="1" uspid="790" ordinal="0" offset="314" sl="240" sc="9" el="240" ec="9" bec="0" bev="0" fileid="1" />
                <SequencePoint vc="1" uspid="791" ordinal="0" offset="333" sl="241" sc="14" el="241" ec="14" bec="0" bev="0" fileid="1" />
                <SequencePoint vc="5" uspid="792" ordinal="0" offset="338" sl="242" sc="9" el="242" ec="9" bec="0" bev="0" fileid="1" />
                <SequencePoint vc="5" uspid="793" ordinal="0" offset="339" sl="243" sc="13" el="243" ec="13" bec="0" bev="0" fileid="1" />
                <SequencePoint vc="5" uspid="794" ordinal="0" offset="371" sl="244" sc="9" el="244" ec="9" bec="0" bev="0" fileid="1" />
                <SequencePoint vc="5" uspid="795" ordinal="0" offset="372" sl="241" sc="32" el="241" ec="32" bec="0" bev="0" fileid="1" />
                <SequencePoint vc="6" uspid="796" ordinal="0" offset="378" sl="241" sc="25" el="241" ec="25" bec="0" bev="0" fileid="1" />
                <SequencePoint vc="1" uspid="797" ordinal="0" offset="389" sl="245" sc="5" el="245" ec="5" bec="0" bev="0" fileid="1" />
              </SequencePoints>
              <BranchPoints />
            </Method>
            <Method visited="true" cyclomaticComplexity="0" nPathComplexity="0" sequenceCoverage="100.0" branchCoverage="0" crapScore="0" isConstructor="true" isStatic="true" isGetter="false" isSetter="false">
              <Summary numSequencePoints="4" visitedSequencePoints="4" numBranchPoints="0" visitedBranchPoints="0" sequenceCoverage="100.0" branchCoverage="0" maxCyclomaticComplexity="0" minCyclomaticComplexity="0" maxCrapScore="0" minCrapScore="0" visitedClasses="0" numClasses="0" visitedMethods="1" numMethods="1" />
              <MetadataToken>100663304</MetadataToken>
              <Name>static TestEnigmaFunctionality::TestEnigmaFunctionality()</Name>
              <FileRef uid="1" />
              <SequencePoints>
                <SequencePoint vc="1" uspid="798" ordinal="0" offset="0" sl="11" sc="5" el="11" ec="5" bec="0" bev="0" fileid="1" />
                <SequencePoint vc="1" uspid="799" ordinal="0" offset="179" sl="23" sc="5" el="23" ec="5" bec="0" bev="0" fileid="1" />
                <SequencePoint vc="1" uspid="800" ordinal="0" offset="316" sl="35" sc="5" el="35" ec="5" bec="0" bev="0" fileid="1" />
                <SequencePoint vc="1" uspid="801" ordinal="0" offset="369" sl="41" sc="5" el="41" ec="5" bec="0" bev="0" fileid="1" />
              </SequencePoints>
              <BranchPoints />
            </Method>
          </Methods>
        </Class>
      </Classes>
    </Module>
    <Module>
      <Summary numSequencePoints="97" visitedSequencePoints="94" numBranchPoints="0" visitedBranchPoints="0" sequenceCoverage="96.91" branchCoverage="0.0" maxCyclomaticComplexity="0" minCyclomaticComplexity="0" maxCrapScore="0" minCrapScore="0" visitedClasses="3" numClasses="3" visitedMethods="10" numMethods="10" />
      <ModuleTime>0001-01-01T00:00:00</ModuleTime>
      <ModuleName>EnigmaClassesAssembly</ModuleName>
      <Files>
        <File uid="2" fullPath="C:/Users/BOB-F/git/enigma/Enigma/Assets/Scripts/CameraController.cs" />
        <File uid="3" fullPath="C:/Users/BOB-F/git/enigma/Enigma/Assets/Scripts/Controller.cs" />
        <File uid="4" fullPath="C:/Users/BOB-F/git/enigma/Enigma/Assets/Scripts/EnigmaM3.cs" />
        <File uid="5" fullPath="C:/Users/BOB-F/git/enigma/Enigma/Assets/Scripts/PlugboardSocket.cs" />
        <File uid="6" fullPath="C:/Users/BOB-F/git/enigma/Enigma/Assets/Scripts/Rotor.cs" />
      </Files>
      <Classes>
        <Class>
          <Summary numSequencePoints="21" visitedSequencePoints="21" numBranchPoints="0" visitedBranchPoints="0" sequenceCoverage="100.0" branchCoverage="0.0" maxCyclomaticComplexity="0" minCyclomaticComplexity="0" maxCrapScore="0" minCrapScore="0" visitedClasses="1" numClasses="1" visitedMethods="2" numMethods="2" />
          <FullName>Controller</FullName>
          <Methods>
            <Method visited="true" cyclomaticComplexity="0" nPathComplexity="0" sequenceCoverage="100.0" branchCoverage="0" crapScore="0" isConstructor="false" isStatic="true" isGetter="false" isSetter="false">
              <Summary numSequencePoints="3" visitedSequencePoints="3" numBranchPoints="0" visitedBranchPoints="0" sequenceCoverage="100.0" branchCoverage="0" maxCyclomaticComplexity="0" minCyclomaticComplexity="0" maxCrapScore="0" minCrapScore="0" visitedClasses="0" numClasses="0" visitedMethods="1" numMethods="1" />
              <MetadataToken>100663318</MetadataToken>
              <Name>static System.Int32 Controller::mod(System.Int32, System.Int32)</Name>
              <FileRef uid="3" />
              <SequencePoints>
                <SequencePoint vc="1260" uspid="1166" ordinal="0" offset="0" sl="634" sc="5" el="634" ec="5" bec="0" bev="0" fileid="3" />
                <SequencePoint vc="1260" uspid="1167" ordinal="0" offset="1" sl="635" sc="9" el="635" ec="9" bec="0" bev="0" fileid="3" />
                <SequencePoint vc="1260" uspid="1168" ordinal="0" offset="11" sl="636" sc="5" el="636" ec="5" bec="0" bev="0" fileid="3" />
              </SequencePoints>
              <BranchPoints />
            </Method>
            <Method visited="true" cyclomaticComplexity="0" nPathComplexity="0" sequenceCoverage="100.0" branchCoverage="0" crapScore="0" isConstructor="true" isStatic="false" isGetter="false" isSetter="false">
              <Summary numSequencePoints="18" visitedSequencePoints="18" numBranchPoints="0" visitedBranchPoints="0" sequenceCoverage="100.0" branchCoverage="0" maxCyclomaticComplexity="0" minCyclomaticComplexity="0" maxCrapScore="0" minCrapScore="0" visitedClasses="0" numClasses="0" visitedMethods="1" numMethods="1" />
              <MetadataToken>100663319</MetadataToken>
              <Name>Controller::Controller()</Name>
              <FileRef uid="3" />
              <SequencePoints>
                <SequencePoint vc="1" uspid="1169" ordinal="0" offset="0" sl="15" sc="5" el="15" ec="5" bec="0" bev="0" fileid="3" />
                <SequencePoint vc="1" uspid="1170" ordinal="0" offset="7" sl="18" sc="22" el="18" ec="22" bec="0" bev="0" fileid="3" />
                <SequencePoint vc="1" uspid="1171" ordinal="0" offset="14" sl="19" sc="22" el="19" ec="22" bec="0" bev="0" fileid="3" />
                <SequencePoint vc="1" uspid="1172" ordinal="0" offset="21" sl="20" sc="22" el="20" ec="22" bec="0" bev="0" fileid="3" />
                <SequencePoint vc="1" uspid="1173" ordinal="0" offset="28" sl="22" sc="22" el="22" ec="22" bec="0" bev="0" fileid="3" />
                <SequencePoint vc="1" uspid="1174" ordinal="0" offset="35" sl="23" sc="22" el="23" ec="22" bec="0" bev="0" fileid="3" />
                <SequencePoint vc="1" uspid="1175" ordinal="0" offset="42" sl="24" sc="22" el="24" ec="22" bec="0" bev="0" fileid="3" />
                <SequencePoint vc="1" uspid="1176" ordinal="0" offset="49" sl="26" sc="22" el="26" ec="22" bec="0" bev="0" fileid="3" />
                <SequencePoint vc="1" uspid="1177" ordinal="0" offset="56" sl="27" sc="22" el="27" ec="22" bec="0" bev="0" fileid="3" />
                <SequencePoint vc="1" uspid="1178" ordinal="0" offset="63" sl="28" sc="22" el="28" ec="22" bec="0" bev="0" fileid="3" />
                <SequencePoint vc="1" uspid="1179" ordinal="0" offset="70" sl="30" sc="22" el="30" ec="22" bec="0" bev="0" fileid="3" />
                <SequencePoint vc="1" uspid="1180" ordinal="0" offset="77" sl="31" sc="22" el="31" ec="22" bec="0" bev="0" fileid="3" />
                <SequencePoint vc="1" uspid="1181" ordinal="0" offset="84" sl="33" sc="22" el="33" ec="22" bec="0" bev="0" fileid="3" />
                <SequencePoint vc="1" uspid="1182" ordinal="0" offset="92" sl="34" sc="22" el="34" ec="22" bec="0" bev="0" fileid="3" />
                <SequencePoint vc="1" uspid="1183" ordinal="0" offset="103" sl="35" sc="22" el="35" ec="22" bec="0" bev="0" fileid="3" />
                <SequencePoint vc="1" uspid="1184" ordinal="0" offset="114" sl="157" sc="5" el="157" ec="5" bec="0" bev="0" fileid="3" />
                <SequencePoint vc="1" uspid="1185" ordinal="0" offset="138" sl="164" sc="5" el="164" ec="5" bec="0" bev="0" fileid="3" />
                <SequencePoint vc="1" uspid="1186" ordinal="0" offset="145" sl="175" sc="5" el="175" ec="5" bec="0" bev="0" fileid="3" />
              </SequencePoints>
              <BranchPoints />
            </Method>
          </Methods>
        </Class>
        <Class>
          <Summary numSequencePoints="47" visitedSequencePoints="47" numBranchPoints="0" visitedBranchPoints="0" sequenceCoverage="100.0" branchCoverage="0.0" maxCyclomaticComplexity="0" minCyclomaticComplexity="0" maxCrapScore="0" minCrapScore="0" visitedClasses="1" numClasses="1" visitedMethods="3" numMethods="3" />
          <FullName>EnigmaM3</FullName>
          <Methods>
            <Method visited="true" cyclomaticComplexity="0" nPathComplexity="0" sequenceCoverage="100.0" branchCoverage="0" crapScore="0" isConstructor="false" isStatic="false" isGetter="false" isSetter="false">
              <Summary numSequencePoints="28" visitedSequencePoints="28" numBranchPoints="0" visitedBranchPoints="0" sequenceCoverage="100.0" branchCoverage="0" maxCyclomaticComplexity="0" minCyclomaticComplexity="0" maxCrapScore="0" minCrapScore="0" visitedClasses="0" numClasses="0" visitedMethods="1" numMethods="1" />
              <MetadataToken>100663322</MetadataToken>
              <Name>System.Char EnigmaM3::Encrypt(System.Char)</Name>
              <FileRef uid="4" />
              <SequencePoints>
                <SequencePoint vc="30" uspid="1193" ordinal="0" offset="0" sl="31" sc="5" el="31" ec="5" bec="0" bev="0" fileid="4" />
                <SequencePoint vc="30" uspid="1194" ordinal="0" offset="1" sl="33" sc="9" el="33" ec="9" bec="0" bev="0" fileid="4" />
                <SequencePoint vc="30" uspid="1195" ordinal="0" offset="9" sl="36" sc="9" el="36" ec="9" bec="0" bev="0" fileid="4" />
                <SequencePoint vc="1" uspid="1196" ordinal="0" offset="21" sl="37" sc="9" el="37" ec="9" bec="0" bev="0" fileid="4" />
                <SequencePoint vc="1" uspid="1197" ordinal="0" offset="22" sl="38" sc="13" el="38" ec="13" bec="0" bev="0" fileid="4" />
                <SequencePoint vc="1" uspid="1198" ordinal="0" offset="31" sl="39" sc="13" el="39" ec="13" bec="0" bev="0" fileid="4" />
                <SequencePoint vc="1" uspid="1199" ordinal="0" offset="43" sl="40" sc="13" el="40" ec="13" bec="0" bev="0" fileid="4" />
                <SequencePoint vc="1" uspid="1200" ordinal="0" offset="55" sl="41" sc="9" el="41" ec="9" bec="0" bev="0" fileid="4" />
                <SequencePoint vc="30" uspid="1201" ordinal="0" offset="56" sl="42" sc="9" el="42" ec="9" bec="0" bev="0" fileid="4" />
                <SequencePoint vc="2" uspid="1202" ordinal="0" offset="68" sl="43" sc="9" el="43" ec="9" bec="0" bev="0" fileid="4" />
                <SequencePoint vc="2" uspid="1203" ordinal="0" offset="69" sl="44" sc="13" el="44" ec="13" bec="0" bev="0" fileid="4" />
                <SequencePoint vc="2" uspid="1204" ordinal="0" offset="78" sl="45" sc="13" el="45" ec="13" bec="0" bev="0" fileid="4" />
                <SequencePoint vc="2" uspid="1205" ordinal="0" offset="97" sl="46" sc="9" el="46" ec="9" bec="0" bev="0" fileid="4" />
                <SequencePoint vc="30" uspid="1206" ordinal="0" offset="98" sl="47" sc="9" el="47" ec="9" bec="0" bev="0" fileid="4" />
                <SequencePoint vc="30" uspid="1207" ordinal="0" offset="117" sl="50" sc="9" el="50" ec="9" bec="0" bev="0" fileid="4" />
                <SequencePoint vc="30" uspid="1208" ordinal="0" offset="129" sl="53" sc="9" el="53" ec="9" bec="0" bev="0" fileid="4" />
                <SequencePoint vc="30" uspid="1209" ordinal="0" offset="138" sl="54" sc="9" el="54" ec="9" bec="0" bev="0" fileid="4" />
                <SequencePoint vc="30" uspid="1210" ordinal="0" offset="147" sl="57" sc="9" el="57" ec="9" bec="0" bev="0" fileid="4" />
                <SequencePoint vc="30" uspid="1211" ordinal="0" offset="161" sl="58" sc="9" el="58" ec="9" bec="0" bev="0" fileid="4" />
                <SequencePoint vc="30" uspid="1212" ordinal="0" offset="175" sl="59" sc="9" el="59" ec="9" bec="0" bev="0" fileid="4" />
                <SequencePoint vc="30" uspid="1213" ordinal="0" offset="189" sl="62" sc="9" el="62" ec="9" bec="0" bev="0" fileid="4" />
                <SequencePoint vc="30" uspid="1214" ordinal="0" offset="198" sl="65" sc="9" el="65" ec="9" bec="0" bev="0" fileid="4" />
                <SequencePoint vc="30" uspid="1215" ordinal="0" offset="212" sl="66" sc="9" el="66" ec="9" bec="0" bev="0" fileid="4" />
                <SequencePoint vc="30" uspid="1216" ordinal="0" offset="226" sl="67" sc="9" el="67" ec="9" bec="0" bev="0" fileid="4" />
                <SequencePoint vc="30" uspid="1217" ordinal="0" offset="240" sl="70" sc="9" el="70" ec="9" bec="0" bev="0" fileid="4" />
                <SequencePoint vc="30" uspid="1218" ordinal="0" offset="249" sl="71" sc="9" el="71" ec="9" bec="0" bev="0" fileid="4" />
                <SequencePoint vc="30" uspid="1219" ordinal="0" offset="258" sl="74" sc="9" el="74" ec="9" bec="0" bev="0" fileid="4" />
                <SequencePoint vc="30" uspid="1220" ordinal="0" offset="268" sl="75" sc="5" el="75" ec="5" bec="0" bev="0" fileid="4" />
              </SequencePoints>
              <BranchPoints />
            </Method>
            <Method visited="true" cyclomaticComplexity="0" nPathComplexity="0" sequenceCoverage="100.0" branchCoverage="0" crapScore="0" isConstructor="false" isStatic="false" isGetter="false" isSetter="false">
              <Summary numSequencePoints="9" visitedSequencePoints="9" numBranchPoints="0" visitedBranchPoints="0" sequenceCoverage="100.0" branchCoverage="0" maxCyclomaticComplexity="0" minCyclomaticComplexity="0" maxCrapScore="0" minCrapScore="0" visitedClasses="0" numClasses="0" visitedMethods="1" numMethods="1" />
              <MetadataToken>100663323</MetadataToken>
              <Name>System.Int32 EnigmaM3::GetRotorPosition(System.Int32)</Name>
              <FileRef uid="4" />
              <SequencePoints>
                <SequencePoint vc="19" uspid="1221" ordinal="0" offset="0" sl="82" sc="5" el="82" ec="5" bec="0" bev="0" fileid="4" />
                <SequencePoint vc="19" uspid="1222" ordinal="0" offset="1" sl="83" sc="9" el="83" ec="9" bec="0" bev="0" fileid="4" />
                <SequencePoint vc="6" uspid="1223" ordinal="0" offset="9" sl="84" sc="9" el="84" ec="9" bec="0" bev="0" fileid="4" />
                <SequencePoint vc="6" uspid="1224" ordinal="0" offset="10" sl="85" sc="13" el="85" ec="13" bec="0" bev="0" fileid="4" />
                <SequencePoint vc="13" uspid="1225" ordinal="0" offset="24" sl="87" sc="9" el="87" ec="9" bec="0" bev="0" fileid="4" />
                <SequencePoint vc="12" uspid="1226" ordinal="0" offset="32" sl="88" sc="9" el="88" ec="9" bec="0" bev="0" fileid="4" />
                <SequencePoint vc="12" uspid="1227" ordinal="0" offset="33" sl="89" sc="13" el="89" ec="13" bec="0" bev="0" fileid="4" />
                <SequencePoint vc="1" uspid="1228" ordinal="0" offset="47" sl="91" sc="9" el="91" ec="9" bec="0" bev="0" fileid="4" />
                <SequencePoint vc="19" uspid="1229" ordinal="0" offset="61" sl="92" sc="5" el="92" ec="5" bec="0" bev="0" fileid="4" />
              </SequencePoints>
              <BranchPoints />
            </Method>
            <Method visited="true" cyclomaticComplexity="0" nPathComplexity="0" sequenceCoverage="100.0" branchCoverage="0" crapScore="0" isConstructor="true" isStatic="false" isGetter="false" isSetter="false">
              <Summary numSequencePoints="10" visitedSequencePoints="10" numBranchPoints="0" visitedBranchPoints="0" sequenceCoverage="100.0" branchCoverage="0" maxCyclomaticComplexity="0" minCyclomaticComplexity="0" maxCrapScore="0" minCrapScore="0" visitedClasses="0" numClasses="0" visitedMethods="1" numMethods="1" />
              <MetadataToken>100663321</MetadataToken>
              <Name>EnigmaM3::EnigmaM3(Rotor, Rotor, Rotor, System.Int32[], System.Int32[], System.Int32[])</Name>
              <FileRef uid="4" />
              <SequencePoints>
                <SequencePoint vc="6" uspid="1252" ordinal="0" offset="0" sl="18" sc="5" el="18" ec="5" bec="0" bev="0" fileid="4" />
                <SequencePoint vc="6" uspid="1253" ordinal="0" offset="7" sl="19" sc="5" el="19" ec="5" bec="0" bev="0" fileid="4" />
                <SequencePoint vc="6" uspid="1254" ordinal="0" offset="8" sl="20" sc="9" el="20" ec="9" bec="0" bev="0" fileid="4" />
                <SequencePoint vc="6" uspid="1255" ordinal="0" offset="15" sl="21" sc="9" el="21" ec="9" bec="0" bev="0" fileid="4" />
                <SequencePoint vc="6" uspid="1256" ordinal="0" offset="22" sl="22" sc="9" el="22" ec="9" bec="0" bev="0" fileid="4" />
                <SequencePoint vc="6" uspid="1257" ordinal="0" offset="29" sl="23" sc="9" el="23" ec="9" bec="0" bev="0" fileid="4" />
                <SequencePoint vc="6" uspid="1258" ordinal="0" offset="37" sl="24" sc="9" el="24" ec="9" bec="0" bev="0" fileid="4" />
                <SequencePoint vc="6" uspid="1259" ordinal="0" offset="45" sl="25" sc="9" el="25" ec="9" bec="0" bev="0" fileid="4" />
                <SequencePoint vc="6" uspid="1260" ordinal="0" offset="53" sl="27" sc="9" el="27" ec="9" bec="0" bev="0" fileid="4" />
                <SequencePoint vc="6" uspid="1261" ordinal="0" offset="69" sl="28" sc="5" el="28" ec="5" bec="0" bev="0" fileid="4" />
              </SequencePoints>
              <BranchPoints />
            </Method>
          </Methods>
        </Class>
        <Class>
          <Summary numSequencePoints="29" visitedSequencePoints="26" numBranchPoints="0" visitedBranchPoints="0" sequenceCoverage="89.66" branchCoverage="0.0" maxCyclomaticComplexity="0" minCyclomaticComplexity="0" maxCrapScore="0" minCrapScore="0" visitedClasses="1" numClasses="1" visitedMethods="5" numMethods="5" />
          <FullName>Rotor</FullName>
          <Methods>
            <Method visited="true" cyclomaticComplexity="0" nPathComplexity="0" sequenceCoverage="100.0" branchCoverage="0" crapScore="0" isConstructor="false" isStatic="false" isGetter="false" isSetter="false">
              <Summary numSequencePoints="6" visitedSequencePoints="6" numBranchPoints="0" visitedBranchPoints="0" sequenceCoverage="100.0" branchCoverage="0" maxCyclomaticComplexity="0" minCyclomaticComplexity="0" maxCrapScore="0" minCrapScore="0" visitedClasses="0" numClasses="0" visitedMethods="1" numMethods="1" />
              <MetadataToken>100663333</MetadataToken>
              <Name>System.Int32 Rotor::GetOutput(System.Int32, System.Boolean)</Name>
              <FileRef uid="6" />
              <SequencePoints>
                <SequencePoint vc="596" uspid="1284" ordinal="0" offset="0" sl="31" sc="5" el="31" ec="5" bec="0" bev="0" fileid="6" />
                <SequencePoint vc="596" uspid="1285" ordinal="0" offset="1" sl="33" sc="9" el="33" ec="9" bec="0" bev="0" fileid="6" />
                <SequencePoint vc="596" uspid="1286" ordinal="0" offset="17" sl="37" sc="9" el="37" ec="9" bec="0" bev="0" fileid="6" />
                <SequencePoint vc="596" uspid="1287" ordinal="0" offset="43" sl="40" sc="9" el="40" ec="9" bec="0" bev="0" fileid="6" />
                <SequencePoint vc="596" uspid="1288" ordinal="0" offset="59" sl="42" sc="9" el="42" ec="9" bec="0" bev="0" fileid="6" />
                <SequencePoint vc="596" uspid="1289" ordinal="0" offset="63" sl="43" sc="5" el="43" ec="5" bec="0" bev="0" fileid="6" />
              </SequencePoints>
              <BranchPoints />
            </Method>
            <Method visited="true" cyclomaticComplexity="0" nPathComplexity="0" sequenceCoverage="62.50" branchCoverage="0" crapScore="0" isConstructor="false" isStatic="false" isGetter="false" isSetter="false">
              <Summary numSequencePoints="8" visitedSequencePoints="5" numBranchPoints="0" visitedBranchPoints="0" sequenceCoverage="62.50" branchCoverage="0" maxCyclomaticComplexity="0" minCyclomaticComplexity="0" maxCrapScore="0" minCrapScore="0" visitedClasses="0" numClasses="0" visitedMethods="1" numMethods="1" />
              <MetadataToken>100663334</MetadataToken>
              <Name>System.Boolean Rotor::Advance()</Name>
              <FileRef uid="6" />
              <SequencePoints>
                <SequencePoint vc="34" uspid="1290" ordinal="0" offset="0" sl="46" sc="5" el="46" ec="5" bec="0" bev="0" fileid="6" />
                <SequencePoint vc="34" uspid="1291" ordinal="0" offset="1" sl="48" sc="9" el="48" ec="9" bec="0" bev="0" fileid="6" />
                <SequencePoint vc="34" uspid="1292" ordinal="0" offset="22" sl="52" sc="9" el="52" ec="9" bec="0" bev="0" fileid="6" />
                <SequencePoint vc="0" uspid="1293" ordinal="0" offset="37" sl="53" sc="9" el="53" ec="9" bec="0" bev="0" fileid="6" />
                <SequencePoint vc="0" uspid="1294" ordinal="0" offset="38" sl="54" sc="13" el="54" ec="13" bec="0" bev="0" fileid="6" />
                <SequencePoint vc="0" uspid="1295" ordinal="0" offset="56" sl="55" sc="9" el="55" ec="9" bec="0" bev="0" fileid="6" />
                <SequencePoint vc="34" uspid="1296" ordinal="0" offset="57" sl="58" sc="9" el="58" ec="9" bec="0" bev="0" fileid="6" />
                <SequencePoint vc="34" uspid="1297" ordinal="0" offset="77" sl="59" sc="5" el="59" ec="5" bec="0" bev="0" fileid="6" />
              </SequencePoints>
              <BranchPoints />
            </Method>
            <Method visited="true" cyclomaticComplexity="0" nPathComplexity="0" sequenceCoverage="100.0" branchCoverage="0" crapScore="0" isConstructor="false" isStatic="false" isGetter="false" isSetter="false">
              <Summary numSequencePoints="3" visitedSequencePoints="3" numBranchPoints="0" visitedBranchPoints="0" sequenceCoverage="100.0" branchCoverage="0" maxCyclomaticComplexity="0" minCyclomaticComplexity="0" maxCrapScore="0" minCrapScore="0" visitedClasses="0" numClasses="0" visitedMethods="1" numMethods="1" />
              <MetadataToken>100663335</MetadataToken>
              <Name>System.Int32 Rotor::GetPosition()</Name>
              <FileRef uid="6" />
              <SequencePoints>
                <SequencePoint vc="19" uspid="1298" ordinal="0" offset="0" sl="63" sc="5" el="63" ec="5" bec="0" bev="0" fileid="6" />
                <SequencePoint vc="19" uspid="1299" ordinal="0" offset="1" sl="64" sc="9" el="64" ec="9" bec="0" bev="0" fileid="6" />
                <SequencePoint vc="19" uspid="1300" ordinal="0" offset="10" sl="65" sc="5" el="65" ec="5" bec="0" bev="0" fileid="6" />
              </SequencePoints>
              <BranchPoints />
            </Method>
            <Method visited="true" cyclomaticComplexity="0" nPathComplexity="0" sequenceCoverage="100.0" branchCoverage="0" crapScore="0" isConstructor="false" isStatic="false" isGetter="false" isSetter="false">
              <Summary numSequencePoints="3" visitedSequencePoints="3" numBranchPoints="0" visitedBranchPoints="0" sequenceCoverage="100.0" branchCoverage="0" maxCyclomaticComplexity="0" minCyclomaticComplexity="0" maxCrapScore="0" minCrapScore="0" visitedClasses="0" numClasses="0" visitedMethods="1" numMethods="1" />
              <MetadataToken>100663336</MetadataToken>
              <Name>System.Int32 Rotor::GetApparentPosition()</Name>
              <FileRef uid="6" />
              <SequencePoints>
                <SequencePoint vc="34" uspid="1301" ordinal="0" offset="0" sl="69" sc="5" el="69" ec="5" bec="0" bev="0" fileid="6" />
                <SequencePoint vc="34" uspid="1302" ordinal="0" offset="1" sl="70" sc="9" el="70" ec="9" bec="0" bev="0" fileid="6" />
                <SequencePoint vc="34" uspid="1303" ordinal="0" offset="24" sl="71" sc="5" el="71" ec="5" bec="0" bev="0" fileid="6" />
              </SequencePoints>
              <BranchPoints />
            </Method>
            <Method visited="true" cyclomaticComplexity="0" nPathComplexity="0" sequenceCoverage="100.0" branchCoverage="0" crapScore="0" isConstructor="true" isStatic="false" isGetter="false" isSetter="false">
              <Summary numSequencePoints="9" visitedSequencePoints="9" numBranchPoints="0" visitedBranchPoints="0" sequenceCoverage="100.0" branchCoverage="0" maxCyclomaticComplexity="0" minCyclomaticComplexity="0" maxCrapScore="0" minCrapScore="0" visitedClasses="0" numClasses="0" visitedMethods="1" numMethods="1" />
              <MetadataToken>100663332</MetadataToken>
              <Name>Rotor::Rotor(System.Int32[], System.Int32[], UnityEngine.Transform, Controller, System.Int32, System.Int32)</Name>
              <FileRef uid="6" />
              <SequencePoints>
                <SequencePoint vc="26" uspid="1305" ordinal="0" offset="0" sl="20" sc="5" el="20" ec="5" bec="0" bev="0" fileid="6" />
                <SequencePoint vc="26" uspid="1306" ordinal="0" offset="7" sl="21" sc="5" el="21" ec="5" bec="0" bev="0" fileid="6" />
                <SequencePoint vc="26" uspid="1307" ordinal="0" offset="8" sl="22" sc="9" el="22" ec="9" bec="0" bev="0" fileid="6" />
                <SequencePoint vc="26" uspid="1308" ordinal="0" offset="15" sl="23" sc="9" el="23" ec="9" bec="0" bev="0" fileid="6" />
                <SequencePoint vc="26" uspid="1309" ordinal="0" offset="22" sl="24" sc="9" el="24" ec="9" bec="0" bev="0" fileid="6" />
                <SequencePoint vc="26" uspid="1310" ordinal="0" offset="30" sl="25" sc="9" el="25" ec="9" bec="0" bev="0" fileid="6" />
                <SequencePoint vc="26" uspid="1311" ordinal="0" offset="38" sl="26" sc="9" el="26" ec="9" bec="0" bev="0" fileid="6" />
                <SequencePoint vc="26" uspid="1312" ordinal="0" offset="45" sl="27" sc="9" el="27" ec="9" bec="0" bev="0" fileid="6" />
                <SequencePoint vc="26" uspid="1313" ordinal="0" offset="53" sl="28" sc="5" el="28" ec="5" bec="0" bev="0" fileid="6" />
              </SequencePoints>
              <BranchPoints />
            </Method>
          </Methods>
        </Class>
      </Classes>
    </Module>
  </Modules>
</CoverageSession>